#
# A fatal error has been detected by the Java Runtime Environment:
#
#  EXCEPTION_ACCESS_VIOLATION (0xc0000005) at pc=0x00007ffd7ecdee46, pid=6684, tid=16284
#
# JRE version: Java(TM) SE Runtime Environment (17.0.7+8) (build 17.0.7+8-LTS-224)
# Java VM: Java HotSpot(TM) 64-Bit Server VM (17.0.7+8-LTS-224, mixed mode, emulated-client, sharing, tiered, compressed oops, compressed class ptrs, g1 gc, windows-amd64)
# Problematic frame:
# C  [libarcsoft_face.dll+0x1ee46]
#
# No core dump will be written. Minidumps are not enabled by default on client versions of Windows
#
# If you would like to submit a bug report, please visit:
#   https://bugreport.java.com/bugreport/crash.jsp
# The crash happened outside the Java Virtual Machine in native code.
# See problematic frame for where to report the bug.
#

---------------  S U M M A R Y ------------

Command Line: -XX:TieredStopAtLevel=1 -Xverify:none -Dspring.output.ansi.enabled=always -javaagent:F:\DevTools\Java\IntelliJ IDEA 2021.1\lib\idea_rt.jar=8077:F:\DevTools\Java\IntelliJ IDEA 2021.1\bin -Dcom.sun.management.jmxremote -Dspring.jmx.enabled=true -Dspring.liveBeansView.mbeanDomain -Dspring.application.admin.enabled=true -Dfile.encoding=UTF-8 com.lh.face_checkin_be.FaceCheckInBeApplication

Host: AMD Ryzen 7 5800U with Radeon Graphics         , 16 cores, 15G,  Windows 10 , 64 bit Build 19041 (10.0.19041.546)
Time: Sun Feb 16 15:51:06 2025 China Standard Time elapsed time: 19.796295 seconds (0d 0h 0m 19s)

---------------  T H R E A D  ---------------

Current thread (0x0000025659b2e080):  JavaThread "http-nio-3007-exec-4" daemon [_thread_in_native, id=16284, stack(0x000000906ea00000,0x000000906eb00000)]

Stack: [0x000000906ea00000,0x000000906eb00000],  sp=0x000000906eafa750,  free space=1001k
Native frames: (J=compiled Java code, j=interpreted, Vv=VM code, C=native code)
C  [libarcsoft_face.dll+0x1ee46]

Java frames: (J=compiled Java code, j=interpreted, Vv=VM code)
j  com.arcsoft.face.FaceEngine.detectFaces(J[BIIII[Lcom/arcsoft/face/FaceInfo;)I+0
j  com.arcsoft.face.FaceEngine.detectFaces([BIILcom/arcsoft/face/enums/ImageFormat;Lcom/arcsoft/face/enums/DetectModel;Ljava/util/List;)I+107
j  com.arcsoft.face.FaceEngine.detectFaces([BIILcom/arcsoft/face/enums/ImageFormat;Ljava/util/List;)I+11
j  com.lh.face_checkin_be.service.impl.upload.CameraPictureServiceImpl.getFaceFeatures(Ljava/lang/String;)Ljava/lang/String;+70
j  com.lh.face_checkin_be.service.impl.upload.CameraPictureServiceImpl.checkImage(Ljava/lang/String;)Lorg/springframework/http/ResponseEntity;+21
j  com.lh.face_checkin_be.controller.upload.CameraPictureController.uploadImage(Ljava/util/Map;)Lorg/springframework/http/ResponseEntity;+96
v  ~StubRoutines::call_stub
J 4814  jdk.internal.reflect.NativeMethodAccessorImpl.invoke0(Ljava/lang/reflect/Method;Ljava/lang/Object;[Ljava/lang/Object;)Ljava/lang/Object; java.base@17.0.7 (0 bytes) @ 0x000002564795d2a7 [0x000002564795d220+0x0000000000000087]
J 4813 c1 jdk.internal.reflect.NativeMethodAccessorImpl.invoke(Ljava/lang/Object;[Ljava/lang/Object;)Ljava/lang/Object; java.base@17.0.7 (137 bytes) @ 0x000002564795dacc [0x000002564795d780+0x000000000000034c]
J 4506 c1 jdk.internal.reflect.DelegatingMethodAccessorImpl.invoke(Ljava/lang/Object;[Ljava/lang/Object;)Ljava/lang/Object; java.base@17.0.7 (10 bytes) @ 0x00000256478c8a64 [0x00000256478c8a20+0x0000000000000044]
J 4671 c1 java.lang.reflect.Method.invoke(Ljava/lang/Object;[Ljava/lang/Object;)Ljava/lang/Object; java.base@17.0.7 (65 bytes) @ 0x000002564791d76c [0x000002564791d660+0x000000000000010c]
j  org.springframework.web.method.support.InvocableHandlerMethod.doInvoke([Ljava/lang/Object;)Ljava/lang/Object;+55
j  org.springframework.web.method.support.InvocableHandlerMethod.invokeForRequest(Lorg/springframework/web/context/request/NativeWebRequest;Lorg/springframework/web/method/support/ModelAndViewContainer;[Ljava/lang/Object;)Ljava/lang/Object;+82
j  org.springframework.web.servlet.mvc.method.annotation.ServletInvocableHandlerMethod.invokeAndHandle(Lorg/springframework/web/context/request/ServletWebRequest;Lorg/springframework/web/method/support/ModelAndViewContainer;[Ljava/lang/Object;)V+4
j  org.springframework.web.servlet.mvc.method.annotation.RequestMappingHandlerAdapter.invokeHandlerMethod(Ljakarta/servlet/http/HttpServletRequest;Ljakarta/servlet/http/HttpServletResponse;Lorg/springframework/web/method/HandlerMethod;)Lorg/springframework/web/servlet/ModelAndView;+309
j  org.springframework.web.servlet.mvc.method.annotation.RequestMappingHandlerAdapter.handleInternal(Ljakarta/servlet/http/HttpServletRequest;Ljakarta/servlet/http/HttpServletResponse;Lorg/springframework/web/method/HandlerMethod;)Lorg/springframework/web/servlet/ModelAndView;+81
j  org.springframework.web.servlet.mvc.method.AbstractHandlerMethodAdapter.handle(Ljakarta/servlet/http/HttpServletRequest;Ljakarta/servlet/http/HttpServletResponse;Ljava/lang/Object;)Lorg/springframework/web/servlet/ModelAndView;+7
j  org.springframework.web.servlet.DispatcherServlet.doDispatch(Ljakarta/servlet/http/HttpServletRequest;Ljakarta/servlet/http/HttpServletResponse;)V+304
j  org.springframework.web.servlet.DispatcherServlet.doService(Ljakarta/servlet/http/HttpServletRequest;Ljakarta/servlet/http/HttpServletResponse;)V+242
j  org.springframework.web.servlet.FrameworkServlet.processRequest(Ljakarta/servlet/http/HttpServletRequest;Ljakarta/servlet/http/HttpServletResponse;)V+70
j  org.springframework.web.servlet.FrameworkServlet.doPost(Ljakarta/servlet/http/HttpServletRequest;Ljakarta/servlet/http/HttpServletResponse;)V+3
j  jakarta.servlet.http.HttpServlet.service(Ljakarta/servlet/http/HttpServletRequest;Ljakarta/servlet/http/HttpServletResponse;)V+150
j  org.springframework.web.servlet.FrameworkServlet.service(Ljakarta/servlet/http/HttpServletRequest;Ljakarta/servlet/http/HttpServletResponse;)V+20
j  jakarta.servlet.http.HttpServlet.service(Ljakarta/servlet/ServletRequest;Ljakarta/servlet/ServletResponse;)V+37
j  org.apache.catalina.core.ApplicationFilterChain.internalDoFilter(Ljakarta/servlet/ServletRequest;Ljakarta/servlet/ServletResponse;)V+300
j  org.apache.catalina.core.ApplicationFilterChain.doFilter(Ljakarta/servlet/ServletRequest;Ljakarta/servlet/ServletResponse;)V+99
j  org.apache.tomcat.websocket.server.WsFilter.doFilter(Ljakarta/servlet/ServletRequest;Ljakarta/servlet/ServletResponse;Ljakarta/servlet/FilterChain;)V+21
j  org.apache.catalina.core.ApplicationFilterChain.internalDoFilter(Ljakarta/servlet/ServletRequest;Ljakarta/servlet/ServletResponse;)V+130
j  org.apache.catalina.core.ApplicationFilterChain.doFilter(Ljakarta/servlet/ServletRequest;Ljakarta/servlet/ServletResponse;)V+99
j  org.springframework.web.filter.OncePerRequestFilter.doFilter(Ljakarta/servlet/ServletRequest;Ljakarta/servlet/ServletResponse;Ljakarta/servlet/FilterChain;)V+125
j  org.apache.catalina.core.ApplicationFilterChain.internalDoFilter(Ljakarta/servlet/ServletRequest;Ljakarta/servlet/ServletResponse;)V+130
j  org.apache.catalina.core.ApplicationFilterChain.doFilter(Ljakarta/servlet/ServletRequest;Ljakarta/servlet/ServletResponse;)V+99
j  com.lh.face_checkin_be.config.CorsConfig.doFilter(Ljakarta/servlet/ServletRequest;Ljakarta/servlet/ServletResponse;Ljakarta/servlet/FilterChain;)V+115
j  org.apache.catalina.core.ApplicationFilterChain.internalDoFilter(Ljakarta/servlet/ServletRequest;Ljakarta/servlet/ServletResponse;)V+130
j  org.apache.catalina.core.ApplicationFilterChain.doFilter(Ljakarta/servlet/ServletRequest;Ljakarta/servlet/ServletResponse;)V+99
j  org.springframework.web.filter.CompositeFilter$VirtualFilterChain.doFilter(Ljakarta/servlet/ServletRequest;Ljakarta/servlet/ServletResponse;)V+22
j  org.springframework.security.web.FilterChainProxy.lambda$doFilterInternal$3(Lorg/springframework/security/web/firewall/FirewalledRequest;Ljakarta/servlet/FilterChain;Ljakarta/servlet/ServletRequest;Ljakarta/servlet/ServletResponse;)V+35
j  org.springframework.security.web.FilterChainProxy$$Lambda$1105+0x0000000801118750.doFilter(Ljakarta/servlet/ServletRequest;Ljakarta/servlet/ServletResponse;)V+10
j  org.springframework.security.web.FilterChainProxy$VirtualFilterChain.doFilter(Ljakarta/servlet/ServletRequest;Ljakarta/servlet/ServletResponse;)V+17
j  org.springframework.security.web.access.intercept.AuthorizationFilter.doFilter(Ljakarta/servlet/ServletRequest;Ljakarta/servlet/ServletResponse;Ljakarta/servlet/FilterChain;)V+147
j  org.springframework.security.web.FilterChainProxy$VirtualFilterChain.doFilter(Ljakarta/servlet/ServletRequest;Ljakarta/servlet/ServletResponse;)V+105
j  org.springframework.security.web.access.ExceptionTranslationFilter.doFilter(Ljakarta/servlet/http/HttpServletRequest;Ljakarta/servlet/http/HttpServletResponse;Ljakarta/servlet/FilterChain;)V+3
j  org.springframework.security.web.access.ExceptionTranslationFilter.doFilter(Ljakarta/servlet/ServletRequest;Ljakarta/servlet/ServletResponse;Ljakarta/servlet/FilterChain;)V+10
j  org.springframework.security.web.FilterChainProxy$VirtualFilterChain.doFilter(Ljakarta/servlet/ServletRequest;Ljakarta/servlet/ServletResponse;)V+105
j  org.springframework.security.web.session.SessionManagementFilter.doFilter(Ljakarta/servlet/http/HttpServletRequest;Ljakarta/servlet/http/HttpServletResponse;Ljakarta/servlet/FilterChain;)V+223
j  org.springframework.security.web.session.SessionManagementFilter.doFilter(Ljakarta/servlet/ServletRequest;Ljakarta/servlet/ServletResponse;Ljakarta/servlet/FilterChain;)V+10
j  org.springframework.security.web.FilterChainProxy$VirtualFilterChain.doFilter(Ljakarta/servlet/ServletRequest;Ljakarta/servlet/ServletResponse;)V+105
j  org.springframework.security.web.authentication.AnonymousAuthenticationFilter.doFilter(Ljakarta/servlet/ServletRequest;Ljakarta/servlet/ServletResponse;Ljakarta/servlet/FilterChain;)V+33
j  org.springframework.security.web.FilterChainProxy$VirtualFilterChain.doFilter(Ljakarta/servlet/ServletRequest;Ljakarta/servlet/ServletResponse;)V+105
j  org.springframework.security.web.servletapi.SecurityContextHolderAwareRequestFilter.doFilter(Ljakarta/servlet/ServletRequest;Ljakarta/servlet/ServletResponse;Ljakarta/servlet/FilterChain;)V+19
j  org.springframework.security.web.FilterChainProxy$VirtualFilterChain.doFilter(Ljakarta/servlet/ServletRequest;Ljakarta/servlet/ServletResponse;)V+105
j  org.springframework.security.web.savedrequest.RequestCacheAwareFilter.doFilter(Ljakarta/servlet/ServletRequest;Ljakarta/servlet/ServletResponse;Ljakarta/servlet/FilterChain;)V+32
j  org.springframework.security.web.FilterChainProxy$VirtualFilterChain.doFilter(Ljakarta/servlet/ServletRequest;Ljakarta/servlet/ServletResponse;)V+105
j  com.lh.face_checkin_be.config.filter.JwtAuthenticationTokenFilter.doFilterInternal(Ljakarta/servlet/http/HttpServletRequest;Ljakarta/servlet/http/HttpServletResponse;Ljakarta/servlet/FilterChain;)V+167
j  org.springframework.web.filter.OncePerRequestFilter.doFilter(Ljakarta/servlet/ServletRequest;Ljakarta/servlet/ServletResponse;Ljakarta/servlet/FilterChain;)V+150
j  org.springframework.security.web.FilterChainProxy$VirtualFilterChain.doFilter(Ljakarta/servlet/ServletRequest;Ljakarta/servlet/ServletResponse;)V+105
j  org.springframework.security.web.authentication.logout.LogoutFilter.doFilter(Ljakarta/servlet/http/HttpServletRequest;Ljakarta/servlet/http/HttpServletResponse;Ljakarta/servlet/FilterChain;)V+83
j  org.springframework.security.web.authentication.logout.LogoutFilter.doFilter(Ljakarta/servlet/ServletRequest;Ljakarta/servlet/ServletResponse;Ljakarta/servlet/FilterChain;)V+10
j  org.springframework.security.web.FilterChainProxy$VirtualFilterChain.doFilter(Ljakarta/servlet/ServletRequest;Ljakarta/servlet/ServletResponse;)V+105
j  org.springframework.security.web.header.HeaderWriterFilter.doHeadersAfter(Ljakarta/servlet/http/HttpServletRequest;Ljakarta/servlet/http/HttpServletResponse;Ljakarta/servlet/FilterChain;)V+29
j  org.springframework.security.web.header.HeaderWriterFilter.doFilterInternal(Ljakarta/servlet/http/HttpServletRequest;Ljakarta/servlet/http/HttpServletResponse;Ljakarta/servlet/FilterChain;)V+21
j  org.springframework.web.filter.OncePerRequestFilter.doFilter(Ljakarta/servlet/ServletRequest;Ljakarta/servlet/ServletResponse;Ljakarta/servlet/FilterChain;)V+150
j  org.springframework.security.web.FilterChainProxy$VirtualFilterChain.doFilter(Ljakarta/servlet/ServletRequest;Ljakarta/servlet/ServletResponse;)V+105
j  org.springframework.security.web.context.SecurityContextHolderFilter.doFilter(Ljakarta/servlet/http/HttpServletRequest;Ljakarta/servlet/http/HttpServletResponse;Ljakarta/servlet/FilterChain;)V+59
j  org.springframework.security.web.context.SecurityContextHolderFilter.doFilter(Ljakarta/servlet/ServletRequest;Ljakarta/servlet/ServletResponse;Ljakarta/servlet/FilterChain;)V+10
j  org.springframework.security.web.FilterChainProxy$VirtualFilterChain.doFilter(Ljakarta/servlet/ServletRequest;Ljakarta/servlet/ServletResponse;)V+105
j  org.springframework.security.web.context.request.async.WebAsyncManagerIntegrationFilter.doFilterInternal(Ljakarta/servlet/http/HttpServletRequest;Ljakarta/servlet/http/HttpServletResponse;Ljakarta/servlet/FilterChain;)V+55
j  org.springframework.web.filter.OncePerRequestFilter.doFilter(Ljakarta/servlet/ServletRequest;Ljakarta/servlet/ServletResponse;Ljakarta/servlet/FilterChain;)V+150
j  org.springframework.security.web.FilterChainProxy$VirtualFilterChain.doFilter(Ljakarta/servlet/ServletRequest;Ljakarta/servlet/ServletResponse;)V+105
j  org.springframework.security.web.session.DisableEncodeUrlFilter.doFilterInternal(Ljakarta/servlet/http/HttpServletRequest;Ljakarta/servlet/http/HttpServletResponse;Ljakarta/servlet/FilterChain;)V+10
j  org.springframework.web.filter.OncePerRequestFilter.doFilter(Ljakarta/servlet/ServletRequest;Ljakarta/servlet/ServletResponse;Ljakarta/servlet/FilterChain;)V+150
j  org.springframework.security.web.FilterChainProxy$VirtualFilterChain.doFilter(Ljakarta/servlet/ServletRequest;Ljakarta/servlet/ServletResponse;)V+105
j  org.springframework.security.web.FilterChainProxy.doFilterInternal(Ljakarta/servlet/ServletRequest;Ljakarta/servlet/ServletResponse;Ljakarta/servlet/FilterChain;)V+163
j  org.springframework.security.web.FilterChainProxy.doFilter(Ljakarta/servlet/ServletRequest;Ljakarta/servlet/ServletResponse;Ljakarta/servlet/FilterChain;)V+48
j  org.springframework.web.filter.CompositeFilter$VirtualFilterChain.doFilter(Ljakarta/servlet/ServletRequest;Ljakarta/servlet/ServletResponse;)V+63
j  org.springframework.web.servlet.handler.HandlerMappingIntrospector.lambda$createCacheFilter$3(Ljakarta/servlet/ServletRequest;Ljakarta/servlet/ServletResponse;Ljakarta/servlet/FilterChain;)V+13
j  org.springframework.web.servlet.handler.HandlerMappingIntrospector$$Lambda$1011+0x00000008010c35d0.doFilter(Ljakarta/servlet/ServletRequest;Ljakarta/servlet/ServletResponse;Ljakarta/servlet/FilterChain;)V+7
j  org.springframework.web.filter.CompositeFilter$VirtualFilterChain.doFilter(Ljakarta/servlet/ServletRequest;Ljakarta/servlet/ServletResponse;)V+63
j  org.springframework.web.filter.CompositeFilter.doFilter(Ljakarta/servlet/ServletRequest;Ljakarta/servlet/ServletResponse;Ljakarta/servlet/FilterChain;)V+14
j  org.springframework.security.config.annotation.web.configuration.WebMvcSecurityConfiguration$CompositeFilterChainProxy.doFilter(Ljakarta/servlet/ServletRequest;Ljakarta/servlet/ServletResponse;Ljakarta/servlet/FilterChain;)V+7
j  org.springframework.web.filter.DelegatingFilterProxy.invokeDelegate(Ljakarta/servlet/Filter;Ljakarta/servlet/ServletRequest;Ljakarta/servlet/ServletResponse;Ljakarta/servlet/FilterChain;)V+5
j  org.springframework.web.filter.DelegatingFilterProxy.doFilter(Ljakarta/servlet/ServletRequest;Ljakarta/servlet/ServletResponse;Ljakarta/servlet/FilterChain;)V+98
j  org.apache.catalina.core.ApplicationFilterChain.internalDoFilter(Ljakarta/servlet/ServletRequest;Ljakarta/servlet/ServletResponse;)V+130
j  org.apache.catalina.core.ApplicationFilterChain.doFilter(Ljakarta/servlet/ServletRequest;Ljakarta/servlet/ServletResponse;)V+99
j  org.springframework.web.filter.RequestContextFilter.doFilterInternal(Ljakarta/servlet/http/HttpServletRequest;Ljakarta/servlet/http/HttpServletResponse;Ljakarta/servlet/FilterChain;)V+21
j  org.springframework.web.filter.OncePerRequestFilter.doFilter(Ljakarta/servlet/ServletRequest;Ljakarta/servlet/ServletResponse;Ljakarta/servlet/FilterChain;)V+150
j  org.apache.catalina.core.ApplicationFilterChain.internalDoFilter(Ljakarta/servlet/ServletRequest;Ljakarta/servlet/ServletResponse;)V+130
j  org.apache.catalina.core.ApplicationFilterChain.doFilter(Ljakarta/servlet/ServletRequest;Ljakarta/servlet/ServletResponse;)V+99
j  org.springframework.web.filter.FormContentFilter.doFilterInternal(Ljakarta/servlet/http/HttpServletRequest;Ljakarta/servlet/http/HttpServletResponse;Ljakarta/servlet/FilterChain;)V+38
j  org.springframework.web.filter.OncePerRequestFilter.doFilter(Ljakarta/servlet/ServletRequest;Ljakarta/servlet/ServletResponse;Ljakarta/servlet/FilterChain;)V+150
j  org.apache.catalina.core.ApplicationFilterChain.internalDoFilter(Ljakarta/servlet/ServletRequest;Ljakarta/servlet/ServletResponse;)V+130
j  org.apache.catalina.core.ApplicationFilterChain.doFilter(Ljakarta/servlet/ServletRequest;Ljakarta/servlet/ServletResponse;)V+99
j  org.springframework.web.filter.CharacterEncodingFilter.doFilterInternal(Ljakarta/servlet/http/HttpServletRequest;Ljakarta/servlet/http/HttpServletResponse;Ljakarta/servlet/FilterChain;)V+53
j  org.springframework.web.filter.OncePerRequestFilter.doFilter(Ljakarta/servlet/ServletRequest;Ljakarta/servlet/ServletResponse;Ljakarta/servlet/FilterChain;)V+150
j  org.apache.catalina.core.ApplicationFilterChain.internalDoFilter(Ljakarta/servlet/ServletRequest;Ljakarta/servlet/ServletResponse;)V+130
j  org.apache.catalina.core.ApplicationFilterChain.doFilter(Ljakarta/servlet/ServletRequest;Ljakarta/servlet/ServletResponse;)V+99
j  org.apache.catalina.core.StandardWrapperValve.invoke(Lorg/apache/catalina/connector/Request;Lorg/apache/catalina/connector/Response;)V+514
j  org.apache.catalina.core.StandardContextValve.invoke(Lorg/apache/catalina/connector/Request;Lorg/apache/catalina/connector/Response;)V+169
j  org.apache.catalina.authenticator.AuthenticatorBase.invoke(Lorg/apache/catalina/connector/Request;Lorg/apache/catalina/connector/Response;)V+221
j  org.apache.catalina.core.StandardHostValve.invoke(Lorg/apache/catalina/connector/Request;Lorg/apache/catalina/connector/Response;)V+131
j  org.apache.catalina.valves.ErrorReportValve.invoke(Lorg/apache/catalina/connector/Request;Lorg/apache/catalina/connector/Response;)V+6
j  org.apache.catalina.core.StandardEngineValve.invoke(Lorg/apache/catalina/connector/Request;Lorg/apache/catalina/connector/Response;)V+59
j  org.apache.catalina.connector.CoyoteAdapter.service(Lorg/apache/coyote/Request;Lorg/apache/coyote/Response;)V+188
j  org.apache.coyote.http11.Http11Processor.service(Lorg/apache/tomcat/util/net/SocketWrapperBase;)Lorg/apache/tomcat/util/net/AbstractEndpoint$Handler$SocketState;+796
j  org.apache.coyote.AbstractProcessorLight.process(Lorg/apache/tomcat/util/net/SocketWrapperBase;Lorg/apache/tomcat/util/net/SocketEvent;)Lorg/apache/tomcat/util/net/AbstractEndpoint$Handler$SocketState;+155
j  org.apache.coyote.AbstractProtocol$ConnectionHandler.process(Lorg/apache/tomcat/util/net/SocketWrapperBase;Lorg/apache/tomcat/util/net/SocketEvent;)Lorg/apache/tomcat/util/net/AbstractEndpoint$Handler$SocketState;+482
j  org.apache.tomcat.util.net.NioEndpoint$SocketProcessor.doRun()V+249
j  org.apache.tomcat.util.net.SocketProcessorBase.run()V+32
j  org.apache.tomcat.util.threads.ThreadPoolExecutor.runWorker(Lorg/apache/tomcat/util/threads/ThreadPoolExecutor$Worker;)V+92
j  org.apache.tomcat.util.threads.ThreadPoolExecutor$Worker.run()V+5
j  org.apache.tomcat.util.threads.TaskThread$WrappingRunnable.run()V+4
j  java.lang.Thread.run()V+11 java.base@17.0.7
v  ~StubRoutines::call_stub

siginfo: EXCEPTION_ACCESS_VIOLATION (0xc0000005), reading address 0x0000000000000000


Register to memory mapping:

RIP=0x00007ffd7ecdee46 libarcsoft_face.dll
RAX=0x0 is NULL
RBX=0x000002565b618304 points into unknown readable memory: 00 00 00 00
RCX=0x0 is NULL
RDX=0x0 is NULL
RSP=0x000000906eafa750 is pointing into the stack for thread: 0x0000025659b2e080
RBP=0x0000000000000007 is an unknown value
RSI=0x0000000000000001 is an unknown value
RDI=0x0000000000000007 is an unknown value
R8 =0x0 is NULL
R9 =0x0 is NULL
R10=0x000002565b4054a0 points into unknown readable memory: 0x0000006842990000 | 00 00 99 42 68 00 00 00
R11=0x000002565b405840 points into unknown readable memory: 0x435adf5a00000001 | 01 00 00 00 5a df 5a 43
R12=0x0 is NULL
R13=0x000002565b4054a0 points into unknown readable memory: 0x0000006842990000 | 00 00 99 42 68 00 00 00
R14=0x0 is NULL
R15=0x000002565b61861c points into unknown readable memory: 00 00 00 00


Registers:
RAX=0x0000000000000000, RBX=0x000002565b618304, RCX=0x0000000000000000, RDX=0x0000000000000000
RSP=0x000000906eafa750, RBP=0x0000000000000007, RSI=0x0000000000000001, RDI=0x0000000000000007
R8 =0x0000000000000000, R9 =0x0000000000000000, R10=0x000002565b4054a0, R11=0x000002565b405840
R12=0x0000000000000000, R13=0x000002565b4054a0, R14=0x0000000000000000, R15=0x000002565b61861c
RIP=0x00007ffd7ecdee46, EFLAGS=0x0000000000010202

Top of Stack: (sp=0x000000906eafa750)
0x000000906eafa750:   3f7146c74473abd5 0000000000000000
0x000000906eafa760:   3f35f14e3eff83a4 bf3baf19bdb8a003
0x000000906eafa770:   0000000000000007 bec10da5beda7c67
0x000000906eafa780:   0000000000000000 0000000000000000
0x000000906eafa790:   3f6a468f3f82cef2 3fa140cc3f86ae10
0x000000906eafa7a0:   00000000000003bc 00007ffd7ecdec80
0x000000906eafa7b0:   000002565b4054a0 3f5132033eaf95d6
0x000000906eafa7c0:   3f13cc923e03a122 3da06fc43f0b995d
0x000000906eafa7d0:   0000000000000000 000000906eafa960
0x000000906eafa7e0:   0000000000000006 0000000000000007
0x000000906eafa7f0:   0000000000000009 000000906eafa920
0x000000906eafa800:   000002565b401040 0000000000000006
0x000000906eafa810:   0000000000000001 00007ffd7ece1336
0x000000906eafa820:   000002565b401040 000002565b618280
0x000000906eafa830:   0000000000000007 bdf56624bf33f9e4
0x000000906eafa840:   0000009000000000 0000009000000014 

Instructions: (pc=0x00007ffd7ecdee46)
0x00007ffd7ecded46:   49 08 48 3b 4b 60 75 f2 44 89 61 14 41 8b c7 4c
0x00007ffd7ecded56:   8b 64 24 50 48 8b 7c 24 48 48 8b 74 24 40 4c 8b
0x00007ffd7ecded66:   7c 24 58 48 83 c4 20 41 5e 5d 5b c3 cc cc cc cc
0x00007ffd7ecded76:   cc cc cc cc cc cc cc cc cc cc 48 89 4c 24 08 57
0x00007ffd7ecded86:   41 54 41 55 48 81 ec b0 00 00 00 48 63 7a 28 44
0x00007ffd7ecded96:   0f 29 5c 24 30 45 8b e1 44 0f 28 da 4c 8b ea 85
0x00007ffd7ecdeda6:   ff 75 15 33 c0 44 0f 28 5c 24 30 48 81 c4 b0 00
0x00007ffd7ecdedb6:   00 00 41 5d 41 5c 5f c3 69 d7 88 00 00 00 48 89
0x00007ffd7ecdedc6:   ac 24 a8 00 00 00 e8 6f 2b fe ff 48 8b e8 48 89
0x00007ffd7ecdedd6:   84 24 d8 00 00 00 48 85 c0 75 08 8d 45 04 e9 58
0x00007ffd7ecdede6:   03 00 00 48 89 9c 24 e0 00 00 00 48 89 b4 24 a0
0x00007ffd7ecdedf6:   00 00 00 4c 89 b4 24 98 00 00 00 4c 89 bc 24 90
0x00007ffd7ecdee06:   00 00 00 45 33 f6 48 8b c7 48 89 44 24 20 41 8b
0x00007ffd7ecdee16:   f6 4c 69 ff 84 00 00 00 4c 03 fd 85 ff 7e 79 48
0x00007ffd7ecdee26:   8b dd 48 8b e8 0f 1f 44 00 00 45 33 c0 8b d6 49
0x00007ffd7ecdee36:   8b cd e8 83 f8 ff ff ff c6 48 8d 9b 84 00 00 00
0x00007ffd7ecdee46:   0f 10 00 0f 11 83 7c ff ff ff 0f 10 48 10 0f 11
0x00007ffd7ecdee56:   4b 8c 0f 10 40 20 0f 11 43 9c 0f 10 48 30 0f 11
0x00007ffd7ecdee66:   4b ac 0f 10 40 40 0f 11 43 bc 0f 10 48 50 0f 11
0x00007ffd7ecdee76:   4b cc 0f 10 40 60 0f 11 43 dc 0f 10 48 70 0f 11
0x00007ffd7ecdee86:   4b ec 8b 80 80 00 00 00 89 43 fc 48 ff cd 75 9a
0x00007ffd7ecdee96:   48 8b ac 24 d8 00 00 00 44 8d 04 bd 00 00 00 00
0x00007ffd7ecdeea6:   33 d2 49 8b cf e8 a0 29 fe ff 8d 77 ff 85 f6 7e
0x00007ffd7ecdeeb6:   3b 8b bc 24 f0 00 00 00 44 8b c6 33 d2 44 8b cf
0x00007ffd7ecdeec6:   48 8b cd e8 32 09 00 00 44 8b cf 33 d2 44 8d 40
0x00007ffd7ecdeed6:   ff 48 8b cd 8b d8 e8 df 0b 00 00 8d 53 01 44 8b
0x00007ffd7ecdeee6:   cf 44 8b c6 48 8b cd e8 ce 0b 00 00 4d 8b d6 4c
0x00007ffd7ecdeef6:   63 de 85 f6 0f 8e b8 01 00 00 0f 29 b4 24 80 00
0x00007ffd7ecdef06:   00 00 0f 29 7c 24 70 44 0f 29 44 24 60 4c 8d 45
0x00007ffd7ecdef16:   04 44 0f 29 4c 24 50 44 0f 29 54 24 40 45 0f 57
0x00007ffd7ecdef26:   d2 66 0f 1f 84 00 00 00 00 00 44 8b ce 47 39 34
0x00007ffd7ecdef36:   97 0f 85 47 01 00 00 49 8d 57 04 49 8d 88 88 00 


Stack slot to memory mapping:
stack at sp + 0 slots: 0x3f7146c74473abd5 is an unknown value
stack at sp + 1 slots: 0x0 is NULL
stack at sp + 2 slots: 0x3f35f14e3eff83a4 is an unknown value
stack at sp + 3 slots: 0xbf3baf19bdb8a003 is an unknown value
stack at sp + 4 slots: 0x0000000000000007 is an unknown value
stack at sp + 5 slots: 0xbec10da5beda7c67 is an unknown value
stack at sp + 6 slots: 0x0 is NULL
stack at sp + 7 slots: 0x0 is NULL


---------------  P R O C E S S  ---------------

Threads class SMR info:
_java_thread_list=0x000002565a14e5e0, length=38, elements={
0x0000025656d25980, 0x0000025656d265f0, 0x0000025657802090, 0x0000025657803a50,
0x0000025657804400, 0x0000025657804db0, 0x0000025657808c60, 0x0000025657811660,
0x0000025656d0f370, 0x0000025656d0fac0, 0x00000256578f2270, 0x0000025657c1b000,
0x0000025657c1e3f0, 0x0000025657d70f00, 0x0000025657d724c0, 0x00000256594d5ce0,
0x00000256594b7840, 0x0000025659b721a0, 0x0000025659b30700, 0x0000025659b31570,
0x0000025659b31a40, 0x0000025659b30bd0, 0x0000025659b310a0, 0x0000025659b2fd60,
0x0000025659b2e080, 0x0000025659b2ea20, 0x0000025659b30230, 0x0000025659b2e550,
0x0000025659b2eef0, 0x0000025659b2f890, 0x0000025659b2f3c0, 0x000002565a053a30,
0x000002565a055be0, 0x000002565a0548a0, 0x000002565a055240, 0x000002565a053f00,
0x000002565a0560b0, 0x000002565a056580
}

Java Threads: ( => current thread )
  0x0000025656d25980 JavaThread "Reference Handler" daemon [_thread_blocked, id=10060, stack(0x0000009065300000,0x0000009065400000)]
  0x0000025656d265f0 JavaThread "Finalizer" daemon [_thread_blocked, id=16536, stack(0x0000009065400000,0x0000009065500000)]
  0x0000025657802090 JavaThread "Signal Dispatcher" daemon [_thread_blocked, id=17328, stack(0x0000009065500000,0x0000009065600000)]
  0x0000025657803a50 JavaThread "Attach Listener" daemon [_thread_blocked, id=16392, stack(0x0000009065600000,0x0000009065700000)]
  0x0000025657804400 JavaThread "Service Thread" daemon [_thread_blocked, id=15776, stack(0x0000009065700000,0x0000009065800000)]
  0x0000025657804db0 JavaThread "Monitor Deflation Thread" daemon [_thread_blocked, id=17360, stack(0x0000009065800000,0x0000009065900000)]
  0x0000025657808c60 JavaThread "C1 CompilerThread0" daemon [_thread_blocked, id=16108, stack(0x0000009065900000,0x0000009065a00000)]
  0x0000025657811660 JavaThread "Sweeper thread" daemon [_thread_blocked, id=17176, stack(0x0000009065a00000,0x0000009065b00000)]
  0x0000025656d0f370 JavaThread "Common-Cleaner" daemon [_thread_blocked, id=10396, stack(0x0000009065b00000,0x0000009065c00000)]
  0x0000025656d0fac0 JavaThread "C1 CompilerThread1" daemon [_thread_blocked, id=14972, stack(0x0000009065c00000,0x0000009065d00000)]
  0x00000256578f2270 JavaThread "C1 CompilerThread2" daemon [_thread_blocked, id=15348, stack(0x0000009065d00000,0x0000009065e00000)]
  0x0000025657c1b000 JavaThread "Monitor Ctrl-Break" daemon [_thread_in_native, id=14652, stack(0x0000009065e00000,0x0000009065f00000)]
  0x0000025657c1e3f0 JavaThread "Notification Thread" daemon [_thread_blocked, id=13236, stack(0x0000009065f00000,0x0000009066000000)]
  0x0000025657d70f00 JavaThread "C1 CompilerThread3" daemon [_thread_blocked, id=16760, stack(0x0000009066000000,0x0000009066100000)]
  0x0000025657d724c0 JavaThread "RMI TCP Accept-0" daemon [_thread_in_native, id=14212, stack(0x0000009066100000,0x0000009066200000)]
  0x00000256594d5ce0 JavaThread "RMI TCP Connection(1)-192.168.2.9" daemon [_thread_in_native, id=2500, stack(0x0000009066f00000,0x0000009067000000)]
  0x00000256594b7840 JavaThread "RMI Scheduler(0)" daemon [_thread_blocked, id=17332, stack(0x0000009067000000,0x0000009067100000)]
  0x0000025659b721a0 JavaThread "mysql-cj-abandoned-connection-cleanup" daemon [_thread_blocked, id=12504, stack(0x0000009067700000,0x0000009067800000)]
  0x0000025659b30700 JavaThread "Catalina-utility-1" [_thread_blocked, id=15016, stack(0x0000009067800000,0x0000009067900000)]
  0x0000025659b31570 JavaThread "Catalina-utility-2" [_thread_blocked, id=16716, stack(0x0000009067900000,0x0000009067a00000)]
  0x0000025659b31a40 JavaThread "container-0" [_thread_blocked, id=17348, stack(0x0000009067a00000,0x0000009067b00000)]
  0x0000025659b30bd0 JavaThread "http-nio-3007-exec-1" daemon [_thread_blocked, id=11964, stack(0x000000906e700000,0x000000906e800000)]
  0x0000025659b310a0 JavaThread "http-nio-3007-exec-2" daemon [_thread_blocked, id=9540, stack(0x000000906e800000,0x000000906e900000)]
  0x0000025659b2fd60 JavaThread "http-nio-3007-exec-3" daemon [_thread_in_native, id=13504, stack(0x000000906e900000,0x000000906ea00000)]
=>0x0000025659b2e080 JavaThread "http-nio-3007-exec-4" daemon [_thread_in_native, id=16284, stack(0x000000906ea00000,0x000000906eb00000)]
  0x0000025659b2ea20 JavaThread "http-nio-3007-exec-5" daemon [_thread_blocked, id=16692, stack(0x000000906eb00000,0x000000906ec00000)]
  0x0000025659b30230 JavaThread "http-nio-3007-exec-6" daemon [_thread_blocked, id=2744, stack(0x000000906ec00000,0x000000906ed00000)]
  0x0000025659b2e550 JavaThread "http-nio-3007-exec-7" daemon [_thread_blocked, id=14136, stack(0x000000906ed00000,0x000000906ee00000)]
  0x0000025659b2eef0 JavaThread "http-nio-3007-exec-8" daemon [_thread_blocked, id=16992, stack(0x000000906ee00000,0x000000906ef00000)]
  0x0000025659b2f890 JavaThread "http-nio-3007-exec-9" daemon [_thread_blocked, id=7552, stack(0x000000906ef00000,0x000000906f000000)]
  0x0000025659b2f3c0 JavaThread "http-nio-3007-exec-10" daemon [_thread_blocked, id=15908, stack(0x000000906f000000,0x000000906f100000)]
  0x000002565a053a30 JavaThread "http-nio-3007-Poller" daemon [_thread_in_native, id=3564, stack(0x000000906f100000,0x000000906f200000)]
  0x000002565a055be0 JavaThread "http-nio-3007-Acceptor" daemon [_thread_in_native, id=15224, stack(0x000000906f200000,0x000000906f300000)]
  0x000002565a0548a0 JavaThread "DestroyJavaVM" [_thread_blocked, id=15912, stack(0x0000009064c00000,0x0000009064d00000)]
  0x000002565a055240 JavaThread "RMI TCP Connection(2)-192.168.2.9" daemon [_thread_in_native, id=16608, stack(0x000000906f300000,0x000000906f400000)]
  0x000002565a053f00 JavaThread "RMI TCP Connection(3)-192.168.2.9" daemon [_thread_in_native, id=5688, stack(0x000000906f400000,0x000000906f500000)]
  0x000002565a0560b0 JavaThread "HikariPool-1 housekeeper" daemon [_thread_blocked, id=12148, stack(0x0000009067100000,0x0000009067200000)]
  0x000002565a056580 JavaThread "Java2D Disposer" daemon [_thread_blocked, id=14616, stack(0x0000009066a00000,0x0000009066b00000)]

Other Threads:
  0x0000025656d20e80 VMThread "VM Thread" [stack: 0x0000009065200000,0x0000009065300000] [id=17184]
  0x00000256578e8290 WatcherThread [stack: 0x0000009066200000,0x0000009066300000] [id=10452]
  0x000002563dce9b20 GCTaskThread "GC Thread#0" [stack: 0x0000009064d00000,0x0000009064e00000] [id=15968]
  0x00000256580fc300 GCTaskThread "GC Thread#1" [stack: 0x0000009066300000,0x0000009066400000] [id=10976]
  0x00000256580fc5b0 GCTaskThread "GC Thread#2" [stack: 0x0000009066400000,0x0000009066500000] [id=15100]
  0x00000256580fc860 GCTaskThread "GC Thread#3" [stack: 0x0000009066500000,0x0000009066600000] [id=9108]
  0x00000256580fcf10 GCTaskThread "GC Thread#4" [stack: 0x0000009066600000,0x0000009066700000] [id=14628]
  0x0000025658175cd0 GCTaskThread "GC Thread#5" [stack: 0x0000009066700000,0x0000009066800000] [id=16144]
  0x0000025658176390 GCTaskThread "GC Thread#6" [stack: 0x0000009066800000,0x0000009066900000] [id=17212]
  0x00000256583e2f30 GCTaskThread "GC Thread#7" [stack: 0x0000009066b00000,0x0000009066c00000] [id=14456]
  0x00000256583e31e0 GCTaskThread "GC Thread#8" [stack: 0x0000009066c00000,0x0000009066d00000] [id=16648]
  0x00000256583e3490 GCTaskThread "GC Thread#9" [stack: 0x0000009066d00000,0x0000009066e00000] [id=15028]
  0x00000256583fd360 GCTaskThread "GC Thread#10" [stack: 0x0000009066e00000,0x0000009066f00000] [id=14688]
  0x00000256597d5020 GCTaskThread "GC Thread#11" [stack: 0x0000009067300000,0x0000009067400000] [id=15452]
  0x00000256597d42b0 GCTaskThread "GC Thread#12" [stack: 0x0000009067400000,0x0000009067500000] [id=9356]
  0x000002563dcf9f80 ConcurrentGCThread "G1 Main Marker" [stack: 0x0000009064e00000,0x0000009064f00000] [id=12860]
  0x000002563dcfd040 ConcurrentGCThread "G1 Conc#0" [stack: 0x0000009064f00000,0x0000009065000000] [id=3592]
  0x00000256597d3540 ConcurrentGCThread "G1 Conc#1" [stack: 0x0000009067500000,0x0000009067600000] [id=14500]
  0x00000256597d4810 ConcurrentGCThread "G1 Conc#2" [stack: 0x0000009067600000,0x0000009067700000] [id=16400]
  0x000002563dd4def0 ConcurrentGCThread "G1 Refine#0" [stack: 0x0000009065000000,0x0000009065100000] [id=15256]
  0x000002563dd4e810 ConcurrentGCThread "G1 Service" [stack: 0x0000009065100000,0x0000009065200000] [id=12728]

Threads with active compile tasks:

VM state: not at safepoint (normal execution)

VM Mutex/Monitor currently owned by a thread: None

Heap address: 0x000000070ae00000, size: 3922 MB, Compressed Oops mode: Zero based, Oop shift amount: 3

CDS archive(s) mapped at: [0x0000000800000000-0x0000000800bd0000-0x0000000800bd0000), size 12386304, SharedBaseAddress: 0x0000000800000000, ArchiveRelocationMode: 0.
Compressed class space mapped at: 0x0000000800c00000-0x0000000840c00000, reserved size: 1073741824
Narrow klass base: 0x0000000800000000, Narrow klass shift: 0, Narrow klass range: 0x100000000

GC Precious Log:
 CPUs: 16 total, 16 available
 Memory: 15681M
 Large Page Support: Disabled
 NUMA Support: Disabled
 Compressed Oops: Enabled (Zero based)
 Heap Region Size: 2M
 Heap Min Capacity: 8M
 Heap Initial Capacity: 246M
 Heap Max Capacity: 3922M
 Pre-touch: Disabled
 Parallel Workers: 13
 Concurrent Workers: 3
 Concurrent Refinement Workers: 13
 Periodic GC: Disabled

Heap:
 garbage-first heap   total 83968K, used 48852K [0x000000070ae00000, 0x0000000800000000)
  region size 2048K, 13 young (26624K), 3 survivors (6144K)
 Metaspace       used 43760K, committed 44288K, reserved 1089536K
  class space    used 5816K, committed 6080K, reserved 1048576K

Heap Regions: E=young(eden), S=young(survivor), O=old, HS=humongous(starts), HC=humongous(continues), CS=collection set, F=free, OA=open archive, CA=closed archive, TAMS=top-at-mark-start (previous, next)
|   0|0x000000070ae00000, 0x000000070b000000, 0x000000070b000000|100%| O|  |TAMS 0x000000070b000000, 0x000000070ae00000| Untracked 
|   1|0x000000070b000000, 0x000000070b200000, 0x000000070b200000|100%| O|  |TAMS 0x000000070b200000, 0x000000070b000000| Untracked 
|   2|0x000000070b200000, 0x000000070b400000, 0x000000070b400000|100%|HS|  |TAMS 0x000000070b200000, 0x000000070b200000| Complete 
|   3|0x000000070b400000, 0x000000070b600000, 0x000000070b600000|100%| O|  |TAMS 0x000000070b600000, 0x000000070b400000| Untracked 
|   4|0x000000070b600000, 0x000000070b800000, 0x000000070b800000|100%| O|  |TAMS 0x000000070b800000, 0x000000070b600000| Untracked 
|   5|0x000000070b800000, 0x000000070ba00000, 0x000000070ba00000|100%| O|  |TAMS 0x000000070ba00000, 0x000000070b800000| Untracked 
|   6|0x000000070ba00000, 0x000000070bc00000, 0x000000070bc00000|100%| O|  |TAMS 0x000000070bc00000, 0x000000070ba00000| Untracked 
|   7|0x000000070bc00000, 0x000000070be00000, 0x000000070be00000|100%| O|  |TAMS 0x000000070be00000, 0x000000070bc00000| Untracked 
|   8|0x000000070be00000, 0x000000070be85000, 0x000000070c000000| 25%| O|  |TAMS 0x000000070be85000, 0x000000070be00000| Untracked 
|   9|0x000000070c000000, 0x000000070c200000, 0x000000070c200000|100%|HS|  |TAMS 0x000000070c000000, 0x000000070c000000| Complete 
|  10|0x000000070c200000, 0x000000070c400000, 0x000000070c400000|100%| O|  |TAMS 0x000000070c200000, 0x000000070c200000| Untracked 
|  11|0x000000070c400000, 0x000000070c600000, 0x000000070c600000|100%| O|  |TAMS 0x000000070c400000, 0x000000070c400000| Untracked 
|  12|0x000000070c600000, 0x000000070c800000, 0x000000070c800000|100%| O|  |TAMS 0x000000070c600000, 0x000000070c600000| Untracked 
|  13|0x000000070c800000, 0x000000070ca00000, 0x000000070ca00000|100%| S|CS|TAMS 0x000000070c800000, 0x000000070c800000| Complete 
|  14|0x000000070ca00000, 0x000000070cc00000, 0x000000070cc00000|100%| S|CS|TAMS 0x000000070ca00000, 0x000000070ca00000| Complete 
|  15|0x000000070cc00000, 0x000000070ce00000, 0x000000070ce00000|100%| S|CS|TAMS 0x000000070cc00000, 0x000000070cc00000| Complete 
|  16|0x000000070ce00000, 0x000000070ce00000, 0x000000070d000000|  0%| F|  |TAMS 0x000000070ce00000, 0x000000070ce00000| Untracked 
|  17|0x000000070d000000, 0x000000070d000000, 0x000000070d200000|  0%| F|  |TAMS 0x000000070d000000, 0x000000070d000000| Untracked 
|  18|0x000000070d200000, 0x000000070d200000, 0x000000070d400000|  0%| F|  |TAMS 0x000000070d200000, 0x000000070d200000| Untracked 
|  19|0x000000070d400000, 0x000000070d400000, 0x000000070d600000|  0%| F|  |TAMS 0x000000070d400000, 0x000000070d400000| Untracked 
|  20|0x000000070d600000, 0x000000070d600000, 0x000000070d800000|  0%| F|  |TAMS 0x000000070d600000, 0x000000070d600000| Untracked 
|  21|0x000000070d800000, 0x000000070d800000, 0x000000070da00000|  0%| F|  |TAMS 0x000000070d800000, 0x000000070d800000| Untracked 
|  22|0x000000070da00000, 0x000000070da00000, 0x000000070dc00000|  0%| F|  |TAMS 0x000000070da00000, 0x000000070da00000| Untracked 
|  23|0x000000070dc00000, 0x000000070dc00000, 0x000000070de00000|  0%| F|  |TAMS 0x000000070dc00000, 0x000000070dc00000| Untracked 
|  24|0x000000070de00000, 0x000000070de00000, 0x000000070e000000|  0%| F|  |TAMS 0x000000070de00000, 0x000000070de00000| Untracked 
|  25|0x000000070e000000, 0x000000070e000000, 0x000000070e200000|  0%| F|  |TAMS 0x000000070e000000, 0x000000070e000000| Untracked 
|  26|0x000000070e200000, 0x000000070e200000, 0x000000070e400000|  0%| F|  |TAMS 0x000000070e200000, 0x000000070e200000| Untracked 
|  27|0x000000070e400000, 0x000000070e400000, 0x000000070e600000|  0%| F|  |TAMS 0x000000070e400000, 0x000000070e400000| Untracked 
|  28|0x000000070e600000, 0x000000070e600000, 0x000000070e800000|  0%| F|  |TAMS 0x000000070e600000, 0x000000070e600000| Untracked 
|  29|0x000000070e800000, 0x000000070e800000, 0x000000070ea00000|  0%| F|  |TAMS 0x000000070e800000, 0x000000070e800000| Untracked 
|  30|0x000000070ea00000, 0x000000070eae1010, 0x000000070ec00000| 43%| E|  |TAMS 0x000000070ea00000, 0x000000070ea00000| Complete 
|  31|0x000000070ec00000, 0x000000070ed7d540, 0x000000070ee00000| 74%| E|  |TAMS 0x000000070ec00000, 0x000000070ec00000| Complete 
|  32|0x000000070ee00000, 0x000000070f000000, 0x000000070f000000|100%| E|CS|TAMS 0x000000070ee00000, 0x000000070ee00000| Complete 
|  33|0x000000070f000000, 0x000000070f200000, 0x000000070f200000|100%| E|CS|TAMS 0x000000070f000000, 0x000000070f000000| Complete 
|  34|0x000000070f200000, 0x000000070f400000, 0x000000070f400000|100%| E|CS|TAMS 0x000000070f200000, 0x000000070f200000| Complete 
|  35|0x000000070f400000, 0x000000070f600000, 0x000000070f600000|100%| E|CS|TAMS 0x000000070f400000, 0x000000070f400000| Complete 
|  37|0x000000070f800000, 0x000000070fa00000, 0x000000070fa00000|100%| E|CS|TAMS 0x000000070f800000, 0x000000070f800000| Complete 
|  38|0x000000070fa00000, 0x000000070fc00000, 0x000000070fc00000|100%| E|CS|TAMS 0x000000070fa00000, 0x000000070fa00000| Complete 
|  39|0x000000070fc00000, 0x000000070fe00000, 0x000000070fe00000|100%| E|CS|TAMS 0x000000070fc00000, 0x000000070fc00000| Complete 
| 122|0x000000071a200000, 0x000000071a400000, 0x000000071a400000|100%| E|CS|TAMS 0x000000071a200000, 0x000000071a200000| Complete 
|1960|0x00000007ffe00000, 0x00000007fff30000, 0x0000000800000000| 59%| O|  |TAMS 0x00000007ffe00000, 0x00000007ffe00000| Untracked 

Card table byte_map: [0x000002564b2b0000,0x000002564ba60000] _byte_map_base: 0x0000025647a59000

Marking Bits (Prev, Next): (CMBitMap*) 0x000002563dcea140, (CMBitMap*) 0x000002563dcea180
 Prev Bits: [0x000002564c210000, 0x000002564ff58000)
 Next Bits: [0x000002564ff60000, 0x0000025653ca8000)

Polling page: 0x0000025646cb0000

Metaspace:

Usage:
  Non-class:     37.06 MB used.
      Class:      5.68 MB used.
       Both:     42.74 MB used.

Virtual space:
  Non-class space:       40.00 MB reserved,      37.31 MB ( 93%) committed,  5 nodes.
      Class space:        1.00 GB reserved,       5.94 MB ( <1%) committed,  1 nodes.
             Both:        1.04 GB reserved,      43.25 MB (  4%) committed. 

Chunk freelists:
   Non-Class:  2.27 MB
       Class:  2.11 MB
        Both:  4.38 MB

MaxMetaspaceSize: unlimited
CompressedClassSpaceSize: 1.00 GB
Initial GC threshold: 21.00 MB
Current GC threshold: 59.06 MB
CDS: on
MetaspaceReclaimPolicy: balanced
 - commit_granule_bytes: 65536.
 - commit_granule_words: 8192.
 - virtual_space_node_default_size: 1048576.
 - enlarge_chunks_in_place: 1.
 - new_chunks_are_fully_committed: 0.
 - uncommit_free_chunks: 1.
 - use_allocation_guard: 0.
 - handle_deallocations: 1.


Internal statistics:

num_allocs_failed_limit: 6.
num_arena_births: 710.
num_arena_deaths: 0.
num_vsnodes_births: 6.
num_vsnodes_deaths: 0.
num_space_committed: 692.
num_space_uncommitted: 0.
num_chunks_returned_to_freelist: 6.
num_chunks_taken_from_freelist: 2253.
num_chunk_merges: 6.
num_chunk_splits: 1516.
num_chunks_enlarged: 1090.
num_purges: 0.
num_inconsistent_stats: 0.

CodeCache: size=49152Kb used=12115Kb max_used=13510Kb free=37036Kb
 bounds [0x0000025646cd0000, 0x0000025647a10000, 0x0000025649cd0000]
 total_blobs=6230 nmethods=5597 adapters=557
 compilation: enabled
              stopped_count=0, restarted_count=0
 full_count=0

Compilation events (20 events):
Event: 19.752 Thread 0x0000025657d70f00 5589       1       java.awt.image.ComponentColorModel::getBlue (7 bytes)
Event: 19.752 Thread 0x00000256578f2270 nmethod 5588 0x00000256472c0c90 code [0x00000256472c0e20, 0x00000256472c0f08]
Event: 19.752 Thread 0x0000025657d70f00 nmethod 5589 0x00000256472c0990 code [0x00000256472c0b20, 0x00000256472c0c08]
Event: 19.752 Thread 0x0000025656d0fac0 nmethod 5583 0x00000256472bf690 code [0x00000256472bf980, 0x00000256472c0478]
Event: 19.757 Thread 0x0000025657808c60 5590 %     1       java.awt.image.BufferedImage::getRGB @ 160 (218 bytes)
Event: 19.757 Thread 0x0000025657808c60 nmethod 5590% 0x00000256472be790 code [0x00000256472be980, 0x00000256472bf2b8]
Event: 19.757 Thread 0x0000025656d0fac0 5591       1       java.awt.image.BufferedImage::getRGB (218 bytes)
Event: 19.758 Thread 0x0000025656d0fac0 nmethod 5591 0x00000256472bda10 code [0x00000256472bdc00, 0x00000256472be3d8]
Event: 19.768 Thread 0x0000025657808c60 5592       1       sun.awt.image.SunWritableRaster::markDirty (8 bytes)
Event: 19.768 Thread 0x0000025657d70f00 5593       1       sun.java2d.StateTrackableDelegate::markDirty (6 bytes)
Event: 19.768 Thread 0x0000025656d0fac0 5594       1       java.awt.image.ComponentColorModel::getDataElements (3175 bytes)
Event: 19.768 Thread 0x00000256578f2270 5595       1       sun.awt.image.ByteInterleavedRaster::setDataElements (116 bytes)
Event: 19.768 Thread 0x0000025657d70f00 nmethod 5593 0x00000256472bd710 code [0x00000256472bd8a0, 0x00000256472bd998]
Event: 19.768 Thread 0x0000025657808c60 nmethod 5592 0x00000256472bd390 code [0x00000256472bd520, 0x00000256472bd618]
Event: 19.769 Thread 0x00000256578f2270 nmethod 5595 0x00000256472bcd10 code [0x00000256472bcec0, 0x00000256472bd188]
Event: 19.772 Thread 0x0000025656d0fac0 nmethod 5594 0x00000256472b7010 code [0x00000256472b7960, 0x00000256472bad08]
Event: 19.775 Thread 0x00000256578f2270 5596 %     1       java.awt.image.BufferedImage::setRGB @ 26 (86 bytes)
Event: 19.781 Thread 0x00000256578f2270 nmethod 5596% 0x00000256472b6890 code [0x00000256472b6a40, 0x00000256472b6df8]
Event: 19.781 Thread 0x00000256578f2270 5597       1       java.awt.image.BufferedImage::setRGB (86 bytes)
Event: 19.781 Thread 0x00000256578f2270 nmethod 5597 0x00000256472b6290 code [0x00000256472b6440, 0x00000256472b6698]

GC Heap History (16 events):
Event: 0.740 GC heap before
{Heap before GC invocations=0 (full 0):
 garbage-first heap   total 251904K, used 22528K [0x000000070ae00000, 0x0000000800000000)
  region size 2048K, 11 young (22528K), 0 survivors (0K)
 Metaspace       used 7294K, committed 7488K, reserved 1056768K
  class space    used 916K, committed 1024K, reserved 1048576K
}
Event: 0.745 GC heap after
{Heap after GC invocations=1 (full 0):
 garbage-first heap   total 251904K, used 5884K [0x000000070ae00000, 0x0000000800000000)
  region size 2048K, 2 young (4096K), 2 survivors (4096K)
 Metaspace       used 7294K, committed 7488K, reserved 1056768K
  class space    used 916K, committed 1024K, reserved 1048576K
}
Event: 1.114 GC heap before
{Heap before GC invocations=1 (full 0):
 garbage-first heap   total 251904K, used 30460K [0x000000070ae00000, 0x0000000800000000)
  region size 2048K, 14 young (28672K), 2 survivors (4096K)
 Metaspace       used 11891K, committed 12160K, reserved 1064960K
  class space    used 1593K, committed 1728K, reserved 1048576K
}
Event: 1.119 GC heap after
{Heap after GC invocations=2 (full 0):
 garbage-first heap   total 251904K, used 8363K [0x000000070ae00000, 0x0000000800000000)
  region size 2048K, 2 young (4096K), 2 survivors (4096K)
 Metaspace       used 11891K, committed 12160K, reserved 1064960K
  class space    used 1593K, committed 1728K, reserved 1048576K
}
Event: 2.408 GC heap before
{Heap before GC invocations=2 (full 0):
 garbage-first heap   total 251904K, used 77995K [0x000000070ae00000, 0x0000000800000000)
  region size 2048K, 37 young (75776K), 2 survivors (4096K)
 Metaspace       used 21155K, committed 21504K, reserved 1073152K
  class space    used 2915K, committed 3072K, reserved 1048576K
}
Event: 2.423 GC heap after
{Heap after GC invocations=3 (full 0):
 garbage-first heap   total 251904K, used 13347K [0x000000070ae00000, 0x0000000800000000)
  region size 2048K, 4 young (8192K), 4 survivors (8192K)
 Metaspace       used 21155K, committed 21504K, reserved 1073152K
  class space    used 2915K, committed 3072K, reserved 1048576K
}
Event: 2.935 GC heap before
{Heap before GC invocations=4 (full 0):
 garbage-first heap   total 55296K, used 37923K [0x000000070ae00000, 0x0000000800000000)
  region size 2048K, 16 young (32768K), 4 survivors (8192K)
 Metaspace       used 24509K, committed 25024K, reserved 1073152K
  class space    used 3396K, committed 3648K, reserved 1048576K
}
Event: 2.953 GC heap after
{Heap after GC invocations=5 (full 0):
 garbage-first heap   total 55296K, used 15061K [0x000000070ae00000, 0x0000000800000000)
  region size 2048K, 1 young (2048K), 1 survivors (2048K)
 Metaspace       used 24509K, committed 25024K, reserved 1073152K
  class space    used 3396K, committed 3648K, reserved 1048576K
}
Event: 3.017 GC heap before
{Heap before GC invocations=5 (full 0):
 garbage-first heap   total 55296K, used 15061K [0x000000070ae00000, 0x0000000800000000)
  region size 2048K, 2 young (4096K), 1 survivors (2048K)
 Metaspace       used 24957K, committed 25408K, reserved 1073152K
  class space    used 3437K, committed 3648K, reserved 1048576K
}
Event: 3.034 GC heap after
{Heap after GC invocations=6 (full 0):
 garbage-first heap   total 55296K, used 15442K [0x000000070ae00000, 0x0000000800000000)
  region size 2048K, 1 young (2048K), 1 survivors (2048K)
 Metaspace       used 24957K, committed 25408K, reserved 1073152K
  class space    used 3437K, committed 3648K, reserved 1048576K
}
Event: 3.759 GC heap before
{Heap before GC invocations=6 (full 0):
 garbage-first heap   total 55296K, used 35922K [0x000000070ae00000, 0x0000000800000000)
  region size 2048K, 11 young (22528K), 1 survivors (2048K)
 Metaspace       used 29701K, committed 30144K, reserved 1081344K
  class space    used 4047K, committed 4288K, reserved 1048576K
}
Event: 3.766 GC heap after
{Heap after GC invocations=7 (full 0):
 garbage-first heap   total 153600K, used 16491K [0x000000070ae00000, 0x0000000800000000)
  region size 2048K, 1 young (2048K), 1 survivors (2048K)
 Metaspace       used 29701K, committed 30144K, reserved 1081344K
  class space    used 4047K, committed 4288K, reserved 1048576K
}
Event: 12.755 GC heap before
{Heap before GC invocations=7 (full 0):
 garbage-first heap   total 153600K, used 86123K [0x000000070ae00000, 0x0000000800000000)
  region size 2048K, 36 young (73728K), 1 survivors (2048K)
 Metaspace       used 35577K, committed 36096K, reserved 1081344K
  class space    used 4870K, committed 5120K, reserved 1048576K
}
Event: 12.765 GC heap after
{Heap after GC invocations=8 (full 0):
 garbage-first heap   total 153600K, used 21012K [0x000000070ae00000, 0x0000000800000000)
  region size 2048K, 3 young (6144K), 3 survivors (6144K)
 Metaspace       used 35577K, committed 36096K, reserved 1081344K
  class space    used 4870K, committed 5120K, reserved 1048576K
}
Event: 19.775 GC heap before
{Heap before GC invocations=9 (full 0):
 garbage-first heap   total 81920K, used 64020K [0x000000070ae00000, 0x0000000800000000)
  region size 2048K, 24 young (49152K), 3 survivors (6144K)
 Metaspace       used 43740K, committed 44288K, reserved 1089536K
  class space    used 5811K, committed 6080K, reserved 1048576K
}
Event: 19.780 GC heap after
{Heap after GC invocations=10 (full 0):
 garbage-first heap   total 83968K, used 32468K [0x000000070ae00000, 0x0000000800000000)
  region size 2048K, 3 young (6144K), 3 survivors (6144K)
 Metaspace       used 43740K, committed 44288K, reserved 1089536K
  class space    used 5811K, committed 6080K, reserved 1048576K
}

Deoptimization events (18 events):
Event: 1.153 Thread 0x000002563dc7ed00 DEOPT PACKING pc=0x000002564732ec79 sp=0x0000009064cfd860
Event: 1.153 Thread 0x000002563dc7ed00 DEOPT UNPACKING pc=0x0000025646d22b43 sp=0x0000009064cfcd40 mode 3
Event: 1.302 Thread 0x000002563dc7ed00 DEOPT PACKING pc=0x00000256473a2a55 sp=0x0000009064cfebc0
Event: 1.302 Thread 0x000002563dc7ed00 DEOPT UNPACKING pc=0x0000025646d22b43 sp=0x0000009064cfe070 mode 3
Event: 2.842 Thread 0x000002563dc7ed00 DEOPT PACKING pc=0x0000025647751bf5 sp=0x0000009064cfbfc0
Event: 2.842 Thread 0x000002563dc7ed00 DEOPT UNPACKING pc=0x0000025646d22b43 sp=0x0000009064cfb568 mode 0
Event: 2.986 Thread 0x000002563dc7ed00 DEOPT PACKING pc=0x00000256477d8165 sp=0x0000009064cfd990
Event: 2.986 Thread 0x000002563dc7ed00 DEOPT UNPACKING pc=0x0000025646d22b43 sp=0x0000009064cfcef8 mode 3
Event: 3.832 Thread 0x000002563dc7ed00 DEOPT PACKING pc=0x0000025647336489 sp=0x0000009064cfed10
Event: 3.832 Thread 0x000002563dc7ed00 DEOPT UNPACKING pc=0x0000025646d22b43 sp=0x0000009064cfe1a0 mode 3
Event: 3.832 Thread 0x0000025659b31570 DEOPT PACKING pc=0x0000025647310f9f sp=0x00000090679fefc0
Event: 3.832 Thread 0x0000025659b31570 DEOPT UNPACKING pc=0x0000025646d22b43 sp=0x00000090679fe418 mode 3
Event: 4.260 Thread 0x000002563dc7ed00 DEOPT PACKING pc=0x00000256477164f9 sp=0x0000009064cfd8a0
Event: 4.260 Thread 0x000002563dc7ed00 DEOPT UNPACKING pc=0x0000025646d22b43 sp=0x0000009064cfcd80 mode 3
Event: 4.821 Thread 0x000002563dc7ed00 DEOPT PACKING pc=0x0000025647360a52 sp=0x0000009064cfe040
Event: 4.821 Thread 0x000002563dc7ed00 DEOPT UNPACKING pc=0x0000025646d22b43 sp=0x0000009064cfd548 mode 3
Event: 4.821 Thread 0x000002563dc7ed00 DEOPT PACKING pc=0x0000025647348755 sp=0x0000009064cfe000
Event: 4.821 Thread 0x000002563dc7ed00 DEOPT UNPACKING pc=0x0000025646d22b43 sp=0x0000009064cfd548 mode 3

Classes unloaded (0 events):
No events

Classes redefined (0 events):
No events

Internal exceptions (20 events):
Event: 3.743 Thread 0x000002563dc7ed00 Exception <a 'java/lang/NoSuchMethodError'{0x000000070cebfeb8}: 'java.lang.Object java.lang.invoke.DirectMethodHandle$Holder.newInvokeSpecial(java.lang.Object, java.lang.Object, int)'> (0x000000070cebfeb8) 
thrown [s\open\src\hotspot\share\interpreter\linkResolver.cpp, line 759]
Event: 3.809 Thread 0x00000256594d5ce0 Exception <a 'java/lang/reflect/InvocationTargetException'{0x0000000715709cf8}> (0x0000000715709cf8) 
thrown [s\open\src\hotspot\share\runtime\reflection.cpp, line 1121]
Event: 3.821 Thread 0x000002563dc7ed00 Exception <a 'java/lang/NoSuchMethodError'{0x00000007157b2c80}: 'long java.lang.invoke.DirectMethodHandle$Holder.invokeVirtual(java.lang.Object, java.lang.Object)'> (0x00000007157b2c80) 
thrown [s\open\src\hotspot\share\interpreter\linkResolver.cpp, line 759]
Event: 4.251 Thread 0x000002563dc7ed00 Exception <a 'java/lang/NoSuchMethodError'{0x0000000713742340}: 'int java.lang.invoke.DirectMethodHandle$Holder.invokeStaticInit(java.lang.Object, int, java.lang.Object, java.lang.Object, java.lang.Object, java.lang.Object)'> (0x0000000713742340) 
thrown [s\open\src\hotspot\share\interpreter\linkResolver.cpp, line 759]
Event: 4.316 Thread 0x00000256594d5ce0 Exception <a 'java/lang/reflect/InvocationTargetException'{0x0000000715716538}> (0x0000000715716538) 
thrown [s\open\src\hotspot\share\runtime\reflection.cpp, line 1121]
Event: 4.537 Thread 0x000002563dc7ed00 Exception <a 'sun/nio/fs/WindowsException'{0x00000007121faa60}> (0x00000007121faa60) 
thrown [s\open\src\hotspot\share\prims\jni.cpp, line 516]
Event: 4.585 Thread 0x000002563dc7ed00 Exception <a 'java/lang/IncompatibleClassChangeError'{0x0000000711a23d90}: Found class java.lang.Object, but interface was expected> (0x0000000711a23d90) 
thrown [s\open\src\hotspot\share\interpreter\linkResolver.cpp, line 826]
Event: 4.709 Thread 0x000002563dc7ed00 Exception <a 'java/lang/NoSuchMethodError'{0x0000000711271358}: 'void java.lang.invoke.DirectMethodHandle$Holder.invokeVirtual(java.lang.Object, java.lang.Object, long)'> (0x0000000711271358) 
thrown [s\open\src\hotspot\share\interpreter\linkResolver.cpp, line 759]
Event: 4.737 Thread 0x000002563dc7ed00 Exception <a 'java/lang/NoSuchMethodError'{0x000000071109ea18}: 'int java.lang.invoke.DirectMethodHandle$Holder.invokeStaticInit(java.lang.Object, java.lang.Object, java.lang.Object, java.lang.Object)'> (0x000000071109ea18) 
thrown [s\open\src\hotspot\share\interpreter\linkResolver.cpp, line 759]
Event: 4.845 Thread 0x000002563dc7ed00 Exception <a 'java/lang/IncompatibleClassChangeError'{0x00000007108d4a50}: Found class java.lang.Object, but interface was expected> (0x00000007108d4a50) 
thrown [s\open\src\hotspot\share\interpreter\linkResolver.cpp, line 826]
Event: 4.883 Thread 0x000002563dc7ed00 Exception <a 'java/lang/NoSuchMethodError'{0x00000007106c4858}: 'java.lang.Object java.lang.invoke.DirectMethodHandle$Holder.newInvokeSpecial(java.lang.Object, java.lang.Object, int, java.lang.Object, java.lang.Object)'> (0x00000007106c4858) 
thrown [s\open\src\hotspot\share\interpreter\linkResolver.cpp, line 759]
Event: 12.749 Thread 0x0000025659b30bd0 Exception <a 'java/lang/NoSuchMethodError'{0x000000070fe7f650}: 'java.lang.Object java.lang.invoke.DirectMethodHandle$Holder.invokeSpecial(java.lang.Object, java.lang.Object, java.lang.Object, java.lang.Object, java.lang.Object, long)'> (0x000000070fe7f650) 
thrown [s\open\src\hotspot\share\interpreter\linkResolver.cpp, line 759]
Event: 12.749 Thread 0x0000025659b30bd0 Exception <a 'java/lang/NoSuchMethodError'{0x000000070fe83090}: 'java.lang.Object java.lang.invoke.Invokers$Holder.linkToTargetMethod(java.lang.Object, java.lang.Object, java.lang.Object, long, java.lang.Object)'> (0x000000070fe83090) 
thrown [s\open\src\hotspot\share\interpreter\linkResolver.cpp, line 759]
Event: 12.873 Thread 0x0000025659b30bd0 Exception <a 'sun/nio/fs/WindowsException'{0x000000070f324ce0}> (0x000000070f324ce0) 
thrown [s\open\src\hotspot\share\prims\jni.cpp, line 516]
Event: 13.070 Thread 0x0000025659b30bd0 Exception <a 'java/lang/NoSuchMethodError'{0x000000070e9db9f8}: 'java.lang.Object java.lang.invoke.DirectMethodHandle$Holder.invokeStaticInit(java.lang.Object, java.lang.Object, java.lang.Object, java.lang.Object)'> (0x000000070e9db9f8) 
thrown [s\open\src\hotspot\share\interpreter\linkResolver.cpp, line 759]
Event: 13.239 Thread 0x0000025659b310a0 Exception <a 'java/lang/ClassNotFoundException'{0x000000070e152a98}: java/util/MapBeanInfo> (0x000000070e152a98) 
thrown [s\open\src\hotspot\share\classfile\systemDictionary.cpp, line 256]
Event: 13.241 Thread 0x0000025659b310a0 Exception <a 'java/lang/ClassNotFoundException'{0x000000070e157aa8}: java/util/MapCustomizer> (0x000000070e157aa8) 
thrown [s\open\src\hotspot\share\classfile\systemDictionary.cpp, line 256]
Event: 19.591 Thread 0x0000025659b2fd60 Exception <a 'java/lang/ClassNotFoundException'{0x000000070dcbb758}: sun/awt/resources/spi/awtProvider> (0x000000070dcbb758) 
thrown [s\open\src\hotspot\share\classfile\systemDictionary.cpp, line 256]
Event: 19.601 Thread 0x0000025659b2fd60 Exception <a 'java/io/FileNotFoundException'{0x000000070dcc6020}> (0x000000070dcc6020) 
thrown [s\open\src\hotspot\share\prims\jni.cpp, line 516]
Event: 19.601 Thread 0x0000025659b2fd60 Exception <a 'java/io/FileNotFoundException'{0x000000070dcc7dd8}> (0x000000070dcc7dd8) 
thrown [s\open\src\hotspot\share\prims\jni.cpp, line 516]

VM Operations (20 events):
Event: 12.878 Executing VM operation: HandshakeAllThreads
Event: 12.879 Executing VM operation: HandshakeAllThreads done
Event: 12.885 Executing VM operation: HandshakeAllThreads
Event: 12.885 Executing VM operation: HandshakeAllThreads done
Event: 13.098 Executing VM operation: HandshakeAllThreads
Event: 13.098 Executing VM operation: HandshakeAllThreads done
Event: 13.111 Executing VM operation: HandshakeAllThreads
Event: 13.111 Executing VM operation: HandshakeAllThreads done
Event: 13.114 Executing VM operation: HandshakeAllThreads
Event: 13.114 Executing VM operation: HandshakeAllThreads done
Event: 13.180 Executing VM operation: HandshakeAllThreads
Event: 13.180 Executing VM operation: HandshakeAllThreads done
Event: 13.189 Executing VM operation: HandshakeAllThreads
Event: 13.189 Executing VM operation: HandshakeAllThreads done
Event: 14.192 Executing VM operation: Cleanup
Event: 14.195 Executing VM operation: Cleanup done
Event: 19.222 Executing VM operation: Cleanup
Event: 19.222 Executing VM operation: Cleanup done
Event: 19.775 Executing VM operation: G1CollectForAllocation
Event: 19.780 Executing VM operation: G1CollectForAllocation done

Events (20 events):
Event: 19.731 loading class com/sun/imageio/plugins/jpeg/DQTMarkerSegment$Qtable
Event: 19.731 loading class com/sun/imageio/plugins/jpeg/DQTMarkerSegment$Qtable done
Event: 19.731 loading class com/sun/imageio/plugins/jpeg/DHTMarkerSegment
Event: 19.731 loading class com/sun/imageio/plugins/jpeg/DHTMarkerSegment done
Event: 19.731 loading class com/sun/imageio/plugins/jpeg/DHTMarkerSegment$Htable
Event: 19.731 loading class com/sun/imageio/plugins/jpeg/DHTMarkerSegment$Htable done
Event: 19.731 loading class com/sun/imageio/plugins/jpeg/SOFMarkerSegment
Event: 19.731 loading class com/sun/imageio/plugins/jpeg/SOFMarkerSegment done
Event: 19.731 loading class com/sun/imageio/plugins/jpeg/SOFMarkerSegment$ComponentSpec
Event: 19.731 loading class com/sun/imageio/plugins/jpeg/SOFMarkerSegment$ComponentSpec done
Event: 19.731 loading class com/sun/imageio/plugins/jpeg/SOSMarkerSegment
Event: 19.731 loading class com/sun/imageio/plugins/jpeg/SOSMarkerSegment done
Event: 19.731 loading class com/sun/imageio/plugins/jpeg/SOSMarkerSegment$ScanComponentSpec
Event: 19.731 loading class com/sun/imageio/plugins/jpeg/SOSMarkerSegment$ScanComponentSpec done
Event: 19.731 loading class com/sun/imageio/plugins/jpeg/AdobeMarkerSegment
Event: 19.731 loading class com/sun/imageio/plugins/jpeg/AdobeMarkerSegment done
Event: 19.731 loading class com/sun/imageio/plugins/jpeg/DRIMarkerSegment
Event: 19.731 loading class com/sun/imageio/plugins/jpeg/DRIMarkerSegment done
Event: 19.746 loading class javax/imageio/stream/FileImageInputStream
Event: 19.746 loading class javax/imageio/stream/FileImageInputStream done


Dynamic libraries:
0x00007ff6b0100000 - 0x00007ff6b0110000 	C:\Program Files\Java\jdk-17\bin\java.exe
0x00007ffdf6eb0000 - 0x00007ffdf70a6000 	C:\Windows\SYSTEM32\ntdll.dll
0x00007ffdf5290000 - 0x00007ffdf534d000 	C:\Windows\System32\KERNEL32.DLL
0x00007ffdf4a30000 - 0x00007ffdf4cf8000 	C:\Windows\System32\KERNELBASE.dll
0x00007ffdf4740000 - 0x00007ffdf4840000 	C:\Windows\System32\ucrtbase.dll
0x00007ffde18b0000 - 0x00007ffde18c9000 	C:\Program Files\Java\jdk-17\bin\jli.dll
0x00007ffde1890000 - 0x00007ffde18ab000 	C:\Program Files\Java\jdk-17\bin\VCRUNTIME140.dll
0x00007ffdf51e0000 - 0x00007ffdf528c000 	C:\Windows\System32\ADVAPI32.dll
0x00007ffdf6340000 - 0x00007ffdf63de000 	C:\Windows\System32\msvcrt.dll
0x00007ffdf6cd0000 - 0x00007ffdf6d6b000 	C:\Windows\System32\sechost.dll
0x00007ffdf59f0000 - 0x00007ffdf5b14000 	C:\Windows\System32\RPCRT4.dll
0x00007ffdf61a0000 - 0x00007ffdf6340000 	C:\Windows\System32\USER32.dll
0x00007ffdf46e0000 - 0x00007ffdf4702000 	C:\Windows\System32\win32u.dll
0x00007ffdf5b20000 - 0x00007ffdf5b4a000 	C:\Windows\System32\GDI32.dll
0x00007ffdf4920000 - 0x00007ffdf4a29000 	C:\Windows\System32\gdi32full.dll
0x00007ffdf4640000 - 0x00007ffdf46dd000 	C:\Windows\System32\msvcp_win.dll
0x00007ffdde2e0000 - 0x00007ffdde57b000 	C:\Windows\WinSxS\amd64_microsoft.windows.common-controls_6595b64144ccf1df_6.0.19041.488_none_ca04af081b815d21\COMCTL32.dll
0x00007ffdea0e0000 - 0x00007ffdea0ea000 	C:\Windows\SYSTEM32\VERSION.dll
0x00007ffdf63e0000 - 0x00007ffdf6410000 	C:\Windows\System32\IMM32.DLL
0x00007ffddd8a0000 - 0x00007ffddd8ac000 	C:\Program Files\Java\jdk-17\bin\vcruntime140_1.dll
0x00007ffddd810000 - 0x00007ffddd89e000 	C:\Program Files\Java\jdk-17\bin\msvcp140.dll
0x00007ffd86d40000 - 0x00007ffd8791d000 	C:\Program Files\Java\jdk-17\bin\server\jvm.dll
0x00007ffdf6190000 - 0x00007ffdf6198000 	C:\Windows\System32\PSAPI.DLL
0x00007ffdeabb0000 - 0x00007ffdeabb9000 	C:\Windows\SYSTEM32\WSOCK32.dll
0x00007ffde8e30000 - 0x00007ffde8e57000 	C:\Windows\SYSTEM32\WINMM.dll
0x00007ffdf4f10000 - 0x00007ffdf4f7b000 	C:\Windows\System32\WS2_32.dll
0x00007ffdf2ed0000 - 0x00007ffdf2ee2000 	C:\Windows\SYSTEM32\kernel.appcore.dll
0x00007ffddd800000 - 0x00007ffddd80a000 	C:\Program Files\Java\jdk-17\bin\jimage.dll
0x00007ffdf2c80000 - 0x00007ffdf2e64000 	C:\Windows\SYSTEM32\DBGHELP.DLL
0x00007ffddda70000 - 0x00007ffddda9c000 	C:\Windows\SYSTEM32\dbgcore.DLL
0x00007ffdf48a0000 - 0x00007ffdf491f000 	C:\Windows\System32\bcryptPrimitives.dll
0x00007ffddd760000 - 0x00007ffddd76e000 	C:\Program Files\Java\jdk-17\bin\instrument.dll
0x00007ffddd7d0000 - 0x00007ffddd7f5000 	C:\Program Files\Java\jdk-17\bin\java.dll
0x00007ffd8db90000 - 0x00007ffd8dc67000 	C:\Program Files\Java\jdk-17\bin\jsvml.dll
0x00007ffdf64d0000 - 0x00007ffdf6c11000 	C:\Windows\System32\SHELL32.dll
0x00007ffdf2410000 - 0x00007ffdf2ba5000 	C:\Windows\SYSTEM32\windows.storage.dll
0x00007ffdf5500000 - 0x00007ffdf5855000 	C:\Windows\System32\combase.dll
0x00007ffdf3ff0000 - 0x00007ffdf401c000 	C:\Windows\SYSTEM32\Wldp.dll
0x00007ffdf5130000 - 0x00007ffdf51de000 	C:\Windows\System32\SHCORE.dll
0x00007ffdf6130000 - 0x00007ffdf6185000 	C:\Windows\System32\shlwapi.dll
0x00007ffdf4520000 - 0x00007ffdf4546000 	C:\Windows\SYSTEM32\profapi.dll
0x00007ffddd770000 - 0x00007ffddd788000 	C:\Program Files\Java\jdk-17\bin\zip.dll
0x00007ffddd7b0000 - 0x00007ffddd7c9000 	C:\Program Files\Java\jdk-17\bin\net.dll
0x00007ffdef090000 - 0x00007ffdef190000 	C:\Windows\SYSTEM32\WINHTTP.dll
0x00007ffdf3d10000 - 0x00007ffdf3d7a000 	C:\Windows\system32\mswsock.dll
0x00007ffddd790000 - 0x00007ffddd7a6000 	C:\Program Files\Java\jdk-17\bin\nio.dll
0x00007ffddd710000 - 0x00007ffddd72a000 	F:\DevTools\Java\IntelliJ IDEA 2021.1\bin\breakgen64.dll
0x00007ffdf3a40000 - 0x00007ffdf3b0b000 	C:\Windows\SYSTEM32\DNSAPI.dll
0x00007ffdf3a00000 - 0x00007ffdf3a3b000 	C:\Windows\SYSTEM32\IPHLPAPI.DLL
0x00007ffdf6e40000 - 0x00007ffdf6e48000 	C:\Windows\System32\NSI.dll
0x00007ffded530000 - 0x00007ffded53a000 	C:\Windows\System32\rasadhlp.dll
0x00007ffdeac20000 - 0x00007ffdeac9f000 	C:\Windows\System32\fwpuclnt.dll
0x00007ffdf4710000 - 0x00007ffdf4737000 	C:\Windows\System32\bcrypt.dll
0x00007ffddd120000 - 0x00007ffddd12a000 	C:\Program Files\Java\jdk-17\bin\management.dll
0x00007ffddd110000 - 0x00007ffddd11b000 	C:\Program Files\Java\jdk-17\bin\management_ext.dll
0x00007ffdf3f40000 - 0x00007ffdf3f58000 	C:\Windows\SYSTEM32\CRYPTSP.dll
0x00007ffdf36a0000 - 0x00007ffdf36d4000 	C:\Windows\system32\rsaenh.dll
0x00007ffdf44e0000 - 0x00007ffdf450e000 	C:\Windows\SYSTEM32\USERENV.dll
0x00007ffdf3f60000 - 0x00007ffdf3f6c000 	C:\Windows\SYSTEM32\CRYPTBASE.dll
0x00007ffdeccd0000 - 0x00007ffdecce7000 	C:\Windows\SYSTEM32\dhcpcsvc6.DLL
0x00007ffded5d0000 - 0x00007ffded5ed000 	C:\Windows\SYSTEM32\dhcpcsvc.DLL
0x00007ffdd2ca0000 - 0x00007ffdd2cb7000 	C:\Windows\system32\napinsp.dll
0x00007ffdd22c0000 - 0x00007ffdd22db000 	C:\Windows\system32\pnrpnsp.dll
0x00007ffdef2a0000 - 0x00007ffdef2b5000 	C:\Windows\system32\wshbth.dll
0x00007ffdefc00000 - 0x00007ffdefc1d000 	C:\Windows\system32\NLAapi.dll
0x00007ffdd2e80000 - 0x00007ffdd2e92000 	C:\Windows\System32\winrnr.dll
0x00007ffddce30000 - 0x00007ffddce3d000 	C:\Program Files\Java\jdk-17\bin\sunmscapi.dll
0x00007ffdf4db0000 - 0x00007ffdf4f0d000 	C:\Windows\System32\CRYPT32.dll
0x00007ffdf4060000 - 0x00007ffdf4087000 	C:\Windows\SYSTEM32\ncrypt.dll
0x00007ffdf4020000 - 0x00007ffdf405b000 	C:\Windows\SYSTEM32\NTASN1.dll
0x0000000180000000 - 0x0000000180288000 	F:\DevTools\apache-tomcat-9.0.65\bin\tcnative-1.dll
0x00007ffd7ecc0000 - 0x00007ffd81afd000 	F:\face_recognition_check-in_system\face_check-in_BE\src\main\resources\libs\WIN64\libarcsoft_face.dll
0x00007ffdd43c0000 - 0x00007ffdd44af000 	C:\Windows\SYSTEM32\MSVCR120.dll
0x00007ffdd4310000 - 0x00007ffdd43b6000 	C:\Windows\SYSTEM32\MSVCP120.dll
0x00007ffd89440000 - 0x00007ffd894bf000 	F:\face_recognition_check-in_system\face_check-in_BE\src\main\resources\libs\WIN64\libarcsoft_face_engine.dll
0x00007ffdf5860000 - 0x00007ffdf58b6000 	C:\Windows\System32\WLDAP32.dll
0x00007ffdd7240000 - 0x00007ffdd7265000 	F:\face_recognition_check-in_system\face_check-in_BE\src\main\resources\libs\WIN64\libarcsoft_face_engine_jni.dll
0x00007ffdd7a90000 - 0x00007ffdd7a97000 	C:\Windows\system32\wshunix.dll
0x00007ffd86870000 - 0x00007ffd86a01000 	C:\Program Files\Java\jdk-17\bin\awt.dll
0x00007ffdf6d70000 - 0x00007ffdf6e3d000 	C:\Windows\System32\OLEAUT32.dll
0x00007ffdf1b80000 - 0x00007ffdf1c10000 	C:\Windows\SYSTEM32\apphelp.dll
0x00007ffdd1c90000 - 0x00007ffdd1cbe000 	C:\Program Files\Java\jdk-17\bin\javajpeg.dll
0x00007ffdbe5f0000 - 0x00007ffdbe634000 	C:\Program Files\Java\jdk-17\bin\lcms.dll

dbghelp: loaded successfully - version: 4.0.5 - missing functions: none
symbol engine: initialized successfully - sym options: 0x614 - pdb path: .;C:\Program Files\Java\jdk-17\bin;C:\Windows\SYSTEM32;C:\Windows\WinSxS\amd64_microsoft.windows.common-controls_6595b64144ccf1df_6.0.19041.488_none_ca04af081b815d21;C:\Program Files\Java\jdk-17\bin\server;F:\DevTools\Java\IntelliJ IDEA 2021.1\bin;F:\DevTools\apache-tomcat-9.0.65\bin;F:\face_recognition_check-in_system\face_check-in_BE\src\main\resources\libs\WIN64

VM Arguments:
jvm_args: -XX:TieredStopAtLevel=1 -Xverify:none -Dspring.output.ansi.enabled=always -javaagent:F:\DevTools\Java\IntelliJ IDEA 2021.1\lib\idea_rt.jar=8077:F:\DevTools\Java\IntelliJ IDEA 2021.1\bin -Dcom.sun.management.jmxremote -Dspring.jmx.enabled=true -Dspring.liveBeansView.mbeanDomain -Dspring.application.admin.enabled=true -Dfile.encoding=UTF-8 
java_command: com.lh.face_checkin_be.FaceCheckInBeApplication
java_class_path (initial): F:\face_recognition_check-in_system\face_check-in_BE\target\classes;C:\Users\Administrator\.m2\repository\org\springframework\boot\spring-boot-starter-web\3.4.2\spring-boot-starter-web-3.4.2.jar;C:\Users\Administrator\.m2\repository\org\springframework\boot\spring-boot-starter-json\3.4.2\spring-boot-starter-json-3.4.2.jar;C:\Users\Administrator\.m2\repository\com\fasterxml\jackson\datatype\jackson-datatype-jdk8\2.18.2\jackson-datatype-jdk8-2.18.2.jar;C:\Users\Administrator\.m2\repository\com\fasterxml\jackson\datatype\jackson-datatype-jsr310\2.18.2\jackson-datatype-jsr310-2.18.2.jar;C:\Users\Administrator\.m2\repository\com\fasterxml\jackson\module\jackson-module-parameter-names\2.18.2\jackson-module-parameter-names-2.18.2.jar;C:\Users\Administrator\.m2\repository\org\springframework\boot\spring-boot-starter-tomcat\3.4.2\spring-boot-starter-tomcat-3.4.2.jar;C:\Users\Administrator\.m2\repository\org\apache\tomcat\embed\tomcat-embed-core\10.1.34\tomcat-embed-core-10.1.34.jar;C:\Users\Administrator\.m2\repository\org\apache\tomcat\embed\tomcat-embed-el\10.1.34\tomcat-embed-el-10.1.34.jar;C:\Users\Administrator\.m2\repository\org\apache\tomcat\embed\tomcat-embed-websocket\10.1.34\tomcat-embed-websocket-10.1.34.jar;C:\Users\Administrator\.m2\repository\org\springframework\spring-web\6.2.2\spring-web-6.2.2.jar;C:\Users\Administrator\.m2\repository\org\springframework\spring-beans\6.2.2\spring-beans-6.2.2.jar;C:\Users\Administrator\.m2\repository\io\micrometer\micrometer-observation\1.14.3\micrometer-observation-1.14.3.jar;C:\Users\Administrator\.m2\repository\io\micrometer\micrometer-commons\1.14.3\micrometer-commons-1.14.3.jar;C:\Users\Administrator\.m2\repository\org\springframework\spring-webmvc\6.2.2\spring-webmvc-6.2.2.jar;C:\Users\Administrator\.m2\repository\org\springframework\spring-expression\6.2.2\spring-expression-6.2.2.jar;C:\Users\Administrator\.m2\repository\org\springframework\boot\spring-boot-starter\3.4.2\spring-boot-starter-
Launcher Type: SUN_STANDARD

[Global flags]
     intx CICompilerCount                          = 12                                        {product} {ergonomic}
     uint ConcGCThreads                            = 3                                         {product} {ergonomic}
     uint G1ConcRefinementThreads                  = 13                                        {product} {ergonomic}
   size_t G1HeapRegionSize                         = 2097152                                   {product} {ergonomic}
    uintx GCDrainStackTargetSize                   = 64                                        {product} {ergonomic}
   size_t InitialHeapSize                          = 257949696                                 {product} {ergonomic}
     bool ManagementServer                         = true                                      {product} {command line}
   size_t MarkStackSize                            = 4194304                                   {product} {ergonomic}
   size_t MaxHeapSize                              = 4112515072                                {product} {ergonomic}
   size_t MaxNewSize                               = 2466250752                                {product} {ergonomic}
   size_t MinHeapDeltaBytes                        = 2097152                                   {product} {ergonomic}
   size_t MinHeapSize                              = 8388608                                   {product} {ergonomic}
    uintx NonProfiledCodeHeapSize                  = 0                                      {pd product} {ergonomic}
     bool ProfileInterpreter                       = false                                  {pd product} {command line}
    uintx ProfiledCodeHeapSize                     = 0                                      {pd product} {ergonomic}
   size_t SoftMaxHeapSize                          = 4112515072                             {manageable} {ergonomic}
     intx TieredStopAtLevel                        = 1                                         {product} {command line}
     bool UseCompressedClassPointers               = true                           {product lp64_product} {ergonomic}
     bool UseCompressedOops                        = true                           {product lp64_product} {ergonomic}
     bool UseG1GC                                  = true                                      {product} {ergonomic}
     bool UseLargePagesIndividualAllocation        = false                                  {pd product} {ergonomic}

Logging:
Log output configuration:
 #0: stdout all=warning uptime,level,tags
 #1: stderr all=off uptime,level,tags

Environment Variables:
JAVA_HOME=C:\Program Files\Java\jdk-17
CLASSPATH=.;C:\Program Files\Java\jdk-17\lib;C:\Program Files\Java\jdk-17\lib\tools.jar
PATH=C:\windows\system32;C:\Program Files\Java\jdk-17\bin;C:\Program Files\Java\jdk-17\jre\bin;C:\Program Files\Common Files\Oracle\Java\javapath;C:\Program Files (x86)\Common Files\Oracle\Java\javapath;C:\Program Files (x86)\VMware\VMware Workstation\bin\;C:\Ruby32-x64\bin;C:\Program Files\Java\jdk-17\bin;F:\MariaDB\bin;C:\Python27\Python;D:\software\EasyShare\x86\;D:\software\EasyShare\x64\;C:\Program Files (x86)\dotnet\;F:\DevTools\apache-maven-3.6.1\bin;C:\Windows;C:\Windows\System32\OpenSSH;C:\Windows\System32\Wbem;C:\Windows\System32\WindowsPowerShell\v1.0;F:\DevTools\node.js\;F:\DevTools\Dev-Cpp\MinGW64\bin;F:\DevTools\apache-tomcat-9.0.65\bin;C:\Program Files\dotnet\;C:\Program Files\kotlin-compiler-1.9.22\kotlinc\bin;F:\DevTools\.gradle \bin;F:\DevTools\fpc\bin\i386-Win32;C:\Program Files\Microsoft SQL Server\130\Tools\Binn\;C:\Program Files (x86)\Microsoft SQL Server\160\Tools\Binn\;C:\Program Files\Microsoft SQL Server\160\Tools\Binn\;C:\Program Files\Microsoft SQL Server\Client SDK\ODBC\170\Tools\Binn\;C:\Program Files\Microsoft SQL Server\160\DTS\Binn\;C:\Program Files (x86)\Microsoft SQL Server\160\DTS\Binn\;D:\mysql\mysql-5.7.19-winx64\bin;F:\DevTools\Python\Scripts\;F:\DevTools\Python\;C:\Users\Administrator\AppData\Local\Microsoft\WindowsApps;F:\DevTools\Java\IntelliJ IDEA 2021.1\bin;;C:\Users\Administrator\AppData\Roaming\npm;F:\DevTools\Microsoft VS Code\bin;F:\DevTools\Fiddler
USERNAME=Administrator
OS=Windows_NT
PROCESSOR_IDENTIFIER=AMD64 Family 25 Model 80 Stepping 0, AuthenticAMD



---------------  S Y S T E M  ---------------

OS:
 Windows 10 , 64 bit Build 19041 (10.0.19041.546)
OS uptime: 0 days 2:52 hours

CPU: total 16 (initial active 16) (16 cores per cpu, 2 threads per core) family 25 model 80 stepping 0 microcode 0x0, cx8, cmov, fxsr, ht, mmx, 3dnowpref, sse, sse2, sse3, ssse3, sse4a, sse4.1, sse4.2, popcnt, lzcnt, tsc, tscinvbit, avx, avx2, aes, erms, clmul, bmi1, bmi2, adx, sha, fma, vzeroupper, clflush, clflushopt

Memory: 4k page, system-wide physical 15681M (4251M free)
TotalPageFile size 18196M (AvailPageFile size 2947M)
current process WorkingSet (physical memory assigned to process): 324M, peak: 333M
current process commit charge ("private bytes"): 605M, peak: 659M

vm_info: Java HotSpot(TM) 64-Bit Server VM (17.0.7+8-LTS-224) for windows-amd64 JRE (17.0.7+8-LTS-224), built on Feb 28 2023 23:03:02 by "mach5one" with MS VC++ 17.1 (VS2022)

END.
