#
# A fatal error has been detected by the Java Runtime Environment:
#
#  EXCEPTION_ACCESS_VIOLATION (0xc0000005) at pc=0x00007ffb74d40630, pid=17228, tid=12180
#
# JRE version: Java(TM) SE Runtime Environment (17.0.7+8) (build 17.0.7+8-LTS-224)
# Java VM: Java HotSpot(TM) 64-Bit Server VM (17.0.7+8-LTS-224, mixed mode, emulated-client, sharing, tiered, compressed oops, compressed class ptrs, g1 gc, windows-amd64)
# Problematic frame:
# C  [libarcsoft_face.dll+0x20630]
#
# No core dump will be written. Minidumps are not enabled by default on client versions of Windows
#
# If you would like to submit a bug report, please visit:
#   https://bugreport.java.com/bugreport/crash.jsp
# The crash happened outside the Java Virtual Machine in native code.
# See problematic frame for where to report the bug.
#

---------------  S U M M A R Y ------------

Command Line: -XX:TieredStopAtLevel=1 -Xverify:none -Dspring.output.ansi.enabled=always -javaagent:F:\DevTools\Java\IntelliJ IDEA 2021.1\lib\idea_rt.jar=1434:F:\DevTools\Java\IntelliJ IDEA 2021.1\bin -Dcom.sun.management.jmxremote -Dspring.jmx.enabled=true -Dspring.liveBeansView.mbeanDomain -Dspring.application.admin.enabled=true -Dfile.encoding=UTF-8 com.lh.face_checkin_be.FaceCheckInBeApplication

Host: AMD Ryzen 7 5800U with Radeon Graphics         , 16 cores, 15G,  Windows 10 , 64 bit Build 19041 (10.0.19041.546)
Time: Mon Feb 10 17:58:19 2025 China Standard Time elapsed time: 6538.098541 seconds (0d 1h 48m 58s)

---------------  T H R E A D  ---------------

Current thread (0x000002bcc6be1710):  JavaThread "http-nio-3007-exec-2" daemon [_thread_in_native, id=12180, stack(0x000000eedf600000,0x000000eedf700000)]

Stack: [0x000000eedf600000,0x000000eedf700000],  sp=0x000000eedf6f8b00,  free space=994k
Native frames: (J=compiled Java code, j=interpreted, Vv=VM code, C=native code)
C  [libarcsoft_face.dll+0x20630]

Java frames: (J=compiled Java code, j=interpreted, Vv=VM code)
J 8856  com.arcsoft.face.FaceEngine.detectFaces(J[BIIII[Lcom/arcsoft/face/FaceInfo;)I (0 bytes) @ 0x000002bcb4d62a28 [0x000002bcb4d629a0+0x0000000000000088]
J 8855 c1 com.arcsoft.face.FaceEngine.detectFaces([BIILcom/arcsoft/face/enums/ImageFormat;Lcom/arcsoft/face/enums/DetectModel;Ljava/util/List;)I (172 bytes) @ 0x000002bcb4d61fd4 [0x000002bcb4d61e00+0x00000000000001d4]
J 8845 c1 com.lh.face_checkin_be.service.impl.upload.CameraPictureServiceImpl.getFaceFeatures(Ljava/lang/String;)Ljava/lang/String; (177 bytes) @ 0x000002bcb4d64a1c [0x000002bcb4d64740+0x00000000000002dc]
J 8781 c1 com.lh.face_checkin_be.service.impl.upload.CameraPictureServiceImpl.checkImage(Ljava/lang/String;)Lorg/springframework/http/ResponseEntity; (83 bytes) @ 0x000002bcb4a31cec [0x000002bcb4a31c60+0x000000000000008c]
J 9531 c1 com.lh.face_checkin_be.controller.upload.CameraPictureController.uploadImage(Ljava/util/Map;)Lorg/springframework/http/ResponseEntity; (117 bytes) @ 0x000002bcb4ec97ec [0x000002bcb4ec8f00+0x00000000000008ec]
J 9032 c1 jdk.internal.reflect.GeneratedMethodAccessor9.invoke(Ljava/lang/Object;[Ljava/lang/Object;)Ljava/lang/Object; (65 bytes) @ 0x000002bcb4e9c96c [0x000002bcb4e9c880+0x00000000000000ec]
J 4316 c1 jdk.internal.reflect.DelegatingMethodAccessorImpl.invoke(Ljava/lang/Object;[Ljava/lang/Object;)Ljava/lang/Object; java.base@17.0.7 (10 bytes) @ 0x000002bcb47a1e64 [0x000002bcb47a1e20+0x0000000000000044]
J 8360 c1 org.springframework.web.method.support.InvocableHandlerMethod.doInvoke([Ljava/lang/Object;)Ljava/lang/Object; (192 bytes) @ 0x000002bcb430b494 [0x000002bcb430b360+0x0000000000000134]
J 9068 c1 org.springframework.web.method.support.InvocableHandlerMethod.invokeForRequest(Lorg/springframework/web/context/request/NativeWebRequest;Lorg/springframework/web/method/support/ModelAndViewContainer;[Ljava/lang/Object;)Ljava/lang/Object; (131 bytes) @ 0x000002bcb4e8ba3c [0x000002bcb4e8b8a0+0x000000000000019c]
J 9067 c1 org.springframework.web.servlet.mvc.method.annotation.ServletInvocableHandlerMethod.invokeAndHandle(Lorg/springframework/web/context/request/ServletWebRequest;Lorg/springframework/web/method/support/ModelAndViewContainer;[Ljava/lang/Object;)V (143 bytes) @ 0x000002bcb4e8a7e4 [0x000002bcb4e8a780+0x0000000000000064]
J 8358 c1 org.springframework.web.servlet.mvc.method.annotation.RequestMappingHandlerAdapter.invokeHandlerMethod(Ljakarta/servlet/http/HttpServletRequest;Ljakarta/servlet/http/HttpServletResponse;Lorg/springframework/web/method/HandlerMethod;)Lorg/springframework/web/servlet/ModelAndView; (333 bytes) @ 0x000002bcb43092ec [0x000002bcb43087c0+0x0000000000000b2c]
J 8356 c1 org.springframework.web.servlet.mvc.method.annotation.RequestMappingHandlerAdapter.handleInternal(Ljakarta/servlet/http/HttpServletRequest;Ljakarta/servlet/http/HttpServletResponse;Lorg/springframework/web/method/HandlerMethod;)Lorg/springframework/web/servlet/ModelAndView; (129 bytes) @ 0x000002bcb430e3cc [0x000002bcb430e200+0x00000000000001cc]
J 8355 c1 org.springframework.web.servlet.mvc.method.AbstractHandlerMethodAdapter.handle(Ljakarta/servlet/http/HttpServletRequest;Ljakarta/servlet/http/HttpServletResponse;Ljava/lang/Object;)Lorg/springframework/web/servlet/ModelAndView; (11 bytes) @ 0x000002bcb4311604 [0x000002bcb43115a0+0x0000000000000064]
J 8967 c1 org.springframework.web.servlet.DispatcherServlet.doDispatch(Ljakarta/servlet/http/HttpServletRequest;Ljakarta/servlet/http/HttpServletResponse;)V (671 bytes) @ 0x000002bcb4d06cf4 [0x000002bcb4d065a0+0x0000000000000754]
J 8959 c1 org.springframework.web.servlet.DispatcherServlet.doService(Ljakarta/servlet/http/HttpServletRequest;Ljakarta/servlet/http/HttpServletResponse;)V (320 bytes) @ 0x000002bcb4d1284c [0x000002bcb4d11e60+0x00000000000009ec]
J 8953 c1 org.springframework.web.servlet.FrameworkServlet.processRequest(Ljakarta/servlet/http/HttpServletRequest;Ljakarta/servlet/http/HttpServletResponse;)V (190 bytes) @ 0x000002bcb4d188f4 [0x000002bcb4d18280+0x0000000000000674]
J 8952 c1 jakarta.servlet.http.HttpServlet.service(Ljakarta/servlet/http/HttpServletRequest;Ljakarta/servlet/http/HttpServletResponse;)V (271 bytes) @ 0x000002bcb4d22c44 [0x000002bcb4d226a0+0x00000000000005a4]
J 8950 c1 jakarta.servlet.http.HttpServlet.service(Ljakarta/servlet/ServletRequest;Ljakarta/servlet/ServletResponse;)V (41 bytes) @ 0x000002bcb4d2d47c [0x000002bcb4d2d320+0x000000000000015c]
J 5797 c1 org.apache.catalina.core.ApplicationFilterChain.internalDoFilter(Ljakarta/servlet/ServletRequest;Ljakarta/servlet/ServletResponse;)V (386 bytes) @ 0x000002bcb3daeff4 [0x000002bcb3daeb80+0x0000000000000474]
J 5796 c1 org.apache.catalina.core.ApplicationFilterChain.doFilter(Ljakarta/servlet/ServletRequest;Ljakarta/servlet/ServletResponse;)V (103 bytes) @ 0x000002bcb3db1a54 [0x000002bcb3db1a20+0x0000000000000034]
J 8949 c1 org.apache.tomcat.websocket.server.WsFilter.doFilter(Ljakarta/servlet/ServletRequest;Ljakarta/servlet/ServletResponse;Ljakarta/servlet/FilterChain;)V (128 bytes) @ 0x000002bcb4d2df14 [0x000002bcb4d2dc60+0x00000000000002b4]
J 5797 c1 org.apache.catalina.core.ApplicationFilterChain.internalDoFilter(Ljakarta/servlet/ServletRequest;Ljakarta/servlet/ServletResponse;)V (386 bytes) @ 0x000002bcb3daf494 [0x000002bcb3daeb80+0x0000000000000914]
J 5796 c1 org.apache.catalina.core.ApplicationFilterChain.doFilter(Ljakarta/servlet/ServletRequest;Ljakarta/servlet/ServletResponse;)V (103 bytes) @ 0x000002bcb3db1a54 [0x000002bcb3db1a20+0x0000000000000034]
J 5792 c1 org.springframework.web.filter.OncePerRequestFilter.doFilter(Ljakarta/servlet/ServletRequest;Ljakarta/servlet/ServletResponse;Ljakarta/servlet/FilterChain;)V (178 bytes) @ 0x000002bcb3db3994 [0x000002bcb3db33a0+0x00000000000005f4]
J 5797 c1 org.apache.catalina.core.ApplicationFilterChain.internalDoFilter(Ljakarta/servlet/ServletRequest;Ljakarta/servlet/ServletResponse;)V (386 bytes) @ 0x000002bcb3daf494 [0x000002bcb3daeb80+0x0000000000000914]
J 5796 c1 org.apache.catalina.core.ApplicationFilterChain.doFilter(Ljakarta/servlet/ServletRequest;Ljakarta/servlet/ServletResponse;)V (103 bytes) @ 0x000002bcb3db1a54 [0x000002bcb3db1a20+0x0000000000000034]
J 8948 c1 com.lh.face_checkin_be.config.CorsConfig.doFilter(Ljakarta/servlet/ServletRequest;Ljakarta/servlet/ServletResponse;Ljakarta/servlet/FilterChain;)V (121 bytes) @ 0x000002bcb4d31c84 [0x000002bcb4d31a40+0x0000000000000244]
J 5797 c1 org.apache.catalina.core.ApplicationFilterChain.internalDoFilter(Ljakarta/servlet/ServletRequest;Ljakarta/servlet/ServletResponse;)V (386 bytes) @ 0x000002bcb3daf494 [0x000002bcb3daeb80+0x0000000000000914]
J 5796 c1 org.apache.catalina.core.ApplicationFilterChain.doFilter(Ljakarta/servlet/ServletRequest;Ljakarta/servlet/ServletResponse;)V (103 bytes) @ 0x000002bcb3db1a54 [0x000002bcb3db1a20+0x0000000000000034]
J 6738 c1 org.springframework.web.filter.CompositeFilter$VirtualFilterChain.doFilter(Ljakarta/servlet/ServletRequest;Ljakarta/servlet/ServletResponse;)V (69 bytes) @ 0x000002bcb4270274 [0x000002bcb42701e0+0x0000000000000094]
J 8946 c1 org.springframework.security.web.FilterChainProxy.lambda$doFilterInternal$3(Lorg/springframework/security/web/firewall/FirewalledRequest;Ljakarta/servlet/FilterChain;Ljakarta/servlet/ServletRequest;Ljakarta/servlet/ServletResponse;)V (41 bytes) @ 0x000002bcb4d32304 [0x000002bcb4d32180+0x0000000000000184]
J 8945 c1 org.springframework.security.web.FilterChainProxy$$Lambda$1097+0x00000008010ce748.doFilter(Ljakarta/servlet/ServletRequest;Ljakarta/servlet/ServletResponse;)V (14 bytes) @ 0x000002bcb4d35274 [0x000002bcb4d35220+0x0000000000000054]
J 5523 c1 org.springframework.security.web.FilterChainProxy$VirtualFilterChain.doFilter(Ljakarta/servlet/ServletRequest;Ljakarta/servlet/ServletResponse;)V (111 bytes) @ 0x000002bcb3e09704 [0x000002bcb3e09440+0x00000000000002c4]
J 8937 c1 org.springframework.security.web.access.intercept.AuthorizationFilter.doFilter(Ljakarta/servlet/ServletRequest;Ljakarta/servlet/ServletResponse;Ljakarta/servlet/FilterChain;)V (179 bytes) @ 0x000002bcb4d2ad24 [0x000002bcb4d2a400+0x0000000000000924]
J 5523 c1 org.springframework.security.web.FilterChainProxy$VirtualFilterChain.doFilter(Ljakarta/servlet/ServletRequest;Ljakarta/servlet/ServletResponse;)V (111 bytes) @ 0x000002bcb3e096d4 [0x000002bcb3e09440+0x0000000000000294]
J 8283 c1 org.springframework.security.web.access.ExceptionTranslationFilter.doFilter(Ljakarta/servlet/http/HttpServletRequest;Ljakarta/servlet/http/HttpServletResponse;Ljakarta/servlet/FilterChain;)V (108 bytes) @ 0x000002bcb4b9c7a4 [0x000002bcb4b9c740+0x0000000000000064]
J 8282 c1 org.springframework.security.web.access.ExceptionTranslationFilter.doFilter(Ljakarta/servlet/ServletRequest;Ljakarta/servlet/ServletResponse;Ljakarta/servlet/FilterChain;)V (14 bytes) @ 0x000002bcb4ba5814 [0x000002bcb4ba5740+0x00000000000000d4]
J 5523 c1 org.springframework.security.web.FilterChainProxy$VirtualFilterChain.doFilter(Ljakarta/servlet/ServletRequest;Ljakarta/servlet/ServletResponse;)V (111 bytes) @ 0x000002bcb3e096d4 [0x000002bcb3e09440+0x0000000000000294]
J 8278 c1 org.springframework.security.web.session.SessionManagementFilter.doFilter(Ljakarta/servlet/http/HttpServletRequest;Ljakarta/servlet/http/HttpServletResponse;Ljakarta/servlet/FilterChain;)V (229 bytes) @ 0x000002bcb4b9f9ec [0x000002bcb4b9f220+0x00000000000007cc]
J 8277 c1 org.springframework.security.web.session.SessionManagementFilter.doFilter(Ljakarta/servlet/ServletRequest;Ljakarta/servlet/ServletResponse;Ljakarta/servlet/FilterChain;)V (14 bytes) @ 0x000002bcb4ba8014 [0x000002bcb4ba7f40+0x00000000000000d4]
J 5523 c1 org.springframework.security.web.FilterChainProxy$VirtualFilterChain.doFilter(Ljakarta/servlet/ServletRequest;Ljakarta/servlet/ServletResponse;)V (111 bytes) @ 0x000002bcb3e096d4 [0x000002bcb3e09440+0x0000000000000294]
J 8274 c1 org.springframework.security.web.authentication.AnonymousAuthenticationFilter.doFilter(Ljakarta/servlet/ServletRequest;Ljakarta/servlet/ServletResponse;Ljakarta/servlet/FilterChain;)V (39 bytes) @ 0x000002bcb4ba66fc [0x000002bcb4ba6000+0x00000000000006fc]
J 5523 c1 org.springframework.security.web.FilterChainProxy$VirtualFilterChain.doFilter(Ljakarta/servlet/ServletRequest;Ljakarta/servlet/ServletResponse;)V (111 bytes) @ 0x000002bcb3e096d4 [0x000002bcb3e09440+0x0000000000000294]
J 8269 c1 org.springframework.security.web.servletapi.SecurityContextHolderAwareRequestFilter.doFilter(Ljakarta/servlet/ServletRequest;Ljakarta/servlet/ServletResponse;Ljakarta/servlet/FilterChain;)V (25 bytes) @ 0x000002bcb4baa5dc [0x000002bcb4baa360+0x000000000000027c]
J 5523 c1 org.springframework.security.web.FilterChainProxy$VirtualFilterChain.doFilter(Ljakarta/servlet/ServletRequest;Ljakarta/servlet/ServletResponse;)V (111 bytes) @ 0x000002bcb3e096d4 [0x000002bcb3e09440+0x0000000000000294]
J 8268 c1 org.springframework.security.web.savedrequest.RequestCacheAwareFilter.doFilter(Ljakarta/servlet/ServletRequest;Ljakarta/servlet/ServletResponse;Ljakarta/servlet/FilterChain;)V (38 bytes) @ 0x000002bcb4bab364 [0x000002bcb4bab240+0x0000000000000124]
J 5523 c1 org.springframework.security.web.FilterChainProxy$VirtualFilterChain.doFilter(Ljakarta/servlet/ServletRequest;Ljakarta/servlet/ServletResponse;)V (111 bytes) @ 0x000002bcb3e096d4 [0x000002bcb3e09440+0x0000000000000294]
J 9411 c1 com.lh.face_checkin_be.config.filter.JwtAuthenticationTokenFilter.doFilterInternal(Ljakarta/servlet/http/HttpServletRequest;Ljakarta/servlet/http/HttpServletResponse;Ljakarta/servlet/FilterChain;)V (173 bytes) @ 0x000002bcb4f034c4 [0x000002bcb4f02c00+0x00000000000008c4]
J 5792 c1 org.springframework.web.filter.OncePerRequestFilter.doFilter(Ljakarta/servlet/ServletRequest;Ljakarta/servlet/ServletResponse;Ljakarta/servlet/FilterChain;)V (178 bytes) @ 0x000002bcb3db3a04 [0x000002bcb3db33a0+0x0000000000000664]
J 5523 c1 org.springframework.security.web.FilterChainProxy$VirtualFilterChain.doFilter(Ljakarta/servlet/ServletRequest;Ljakarta/servlet/ServletResponse;)V (111 bytes) @ 0x000002bcb3e096d4 [0x000002bcb3e09440+0x0000000000000294]
J 9409 c1 org.springframework.security.web.authentication.logout.LogoutFilter.doFilter(Ljakarta/servlet/http/HttpServletRequest;Ljakarta/servlet/http/HttpServletResponse;Ljakarta/servlet/FilterChain;)V (89 bytes) @ 0x000002bcb4f04ab4 [0x000002bcb4f04740+0x0000000000000374]
J 9408 c1 org.springframework.security.web.authentication.logout.LogoutFilter.doFilter(Ljakarta/servlet/ServletRequest;Ljakarta/servlet/ServletResponse;Ljakarta/servlet/FilterChain;)V (14 bytes) @ 0x000002bcb4f08594 [0x000002bcb4f084c0+0x00000000000000d4]
J 5523 c1 org.springframework.security.web.FilterChainProxy$VirtualFilterChain.doFilter(Ljakarta/servlet/ServletRequest;Ljakarta/servlet/ServletResponse;)V (111 bytes) @ 0x000002bcb3e096d4 [0x000002bcb3e09440+0x0000000000000294]
J 9404 c1 org.springframework.security.web.header.HeaderWriterFilter.doHeadersAfter(Ljakarta/servlet/http/HttpServletRequest;Ljakarta/servlet/http/HttpServletResponse;Ljakarta/servlet/FilterChain;)V (53 bytes) @ 0x000002bcb4f063d4 [0x000002bcb4f06200+0x00000000000001d4]
J 9403 c1 org.springframework.security.web.header.HeaderWriterFilter.doFilterInternal(Ljakarta/servlet/http/HttpServletRequest;Ljakarta/servlet/http/HttpServletResponse;Ljakarta/servlet/FilterChain;)V (25 bytes) @ 0x000002bcb4f0b854 [0x000002bcb4f0b7c0+0x0000000000000094]
J 5792 c1 org.springframework.web.filter.OncePerRequestFilter.doFilter(Ljakarta/servlet/ServletRequest;Ljakarta/servlet/ServletResponse;Ljakarta/servlet/FilterChain;)V (178 bytes) @ 0x000002bcb3db3a04 [0x000002bcb3db33a0+0x0000000000000664]
J 5523 c1 org.springframework.security.web.FilterChainProxy$VirtualFilterChain.doFilter(Ljakarta/servlet/ServletRequest;Ljakarta/servlet/ServletResponse;)V (111 bytes) @ 0x000002bcb3e096d4 [0x000002bcb3e09440+0x0000000000000294]
J 9399 c1 org.springframework.security.web.context.SecurityContextHolderFilter.doFilter(Ljakarta/servlet/http/HttpServletRequest;Ljakarta/servlet/http/HttpServletResponse;Ljakarta/servlet/FilterChain;)V (109 bytes) @ 0x000002bcb4f054cc [0x000002bcb4f05220+0x00000000000002ac]
J 9398 c1 org.springframework.security.web.context.SecurityContextHolderFilter.doFilter(Ljakarta/servlet/ServletRequest;Ljakarta/servlet/ServletResponse;Ljakarta/servlet/FilterChain;)V (14 bytes) @ 0x000002bcb4f0e994 [0x000002bcb4f0e8c0+0x00000000000000d4]
J 5523 c1 org.springframework.security.web.FilterChainProxy$VirtualFilterChain.doFilter(Ljakarta/servlet/ServletRequest;Ljakarta/servlet/ServletResponse;)V (111 bytes) @ 0x000002bcb3e096d4 [0x000002bcb3e09440+0x0000000000000294]
J 9393 c1 org.springframework.security.web.context.request.async.WebAsyncManagerIntegrationFilter.doFilterInternal(Ljakarta/servlet/http/HttpServletRequest;Ljakarta/servlet/http/HttpServletResponse;Ljakarta/servlet/FilterChain;)V (61 bytes) @ 0x000002bcb4f0d424 [0x000002bcb4f0d200+0x0000000000000224]
J 5792 c1 org.springframework.web.filter.OncePerRequestFilter.doFilter(Ljakarta/servlet/ServletRequest;Ljakarta/servlet/ServletResponse;Ljakarta/servlet/FilterChain;)V (178 bytes) @ 0x000002bcb3db3a04 [0x000002bcb3db33a0+0x0000000000000664]
J 5523 c1 org.springframework.security.web.FilterChainProxy$VirtualFilterChain.doFilter(Ljakarta/servlet/ServletRequest;Ljakarta/servlet/ServletResponse;)V (111 bytes) @ 0x000002bcb3e096d4 [0x000002bcb3e09440+0x0000000000000294]
J 9391 c1 org.springframework.security.web.session.DisableEncodeUrlFilter.doFilterInternal(Ljakarta/servlet/http/HttpServletRequest;Ljakarta/servlet/http/HttpServletResponse;Ljakarta/servlet/FilterChain;)V (16 bytes) @ 0x000002bcb4f0f8fc [0x000002bcb4f0f840+0x00000000000000bc]
J 5792 c1 org.springframework.web.filter.OncePerRequestFilter.doFilter(Ljakarta/servlet/ServletRequest;Ljakarta/servlet/ServletResponse;Ljakarta/servlet/FilterChain;)V (178 bytes) @ 0x000002bcb3db3a04 [0x000002bcb3db33a0+0x0000000000000664]
J 5523 c1 org.springframework.security.web.FilterChainProxy$VirtualFilterChain.doFilter(Ljakarta/servlet/ServletRequest;Ljakarta/servlet/ServletResponse;)V (111 bytes) @ 0x000002bcb3e096d4 [0x000002bcb3e09440+0x0000000000000294]
J 9375 c1 org.springframework.security.web.FilterChainProxy.doFilterInternal(Ljakarta/servlet/ServletRequest;Ljakarta/servlet/ServletResponse;Ljakarta/servlet/FilterChain;)V (169 bytes) @ 0x000002bcb4f093fc [0x000002bcb4f08de0+0x000000000000061c]
J 9374 c1 org.springframework.security.web.FilterChainProxy.doFilter(Ljakarta/servlet/ServletRequest;Ljakarta/servlet/ServletResponse;Ljakarta/servlet/FilterChain;)V (176 bytes) @ 0x000002bcb4f0bdcc [0x000002bcb4f0bce0+0x00000000000000ec]
J 6738 c1 org.springframework.web.filter.CompositeFilter$VirtualFilterChain.doFilter(Ljakarta/servlet/ServletRequest;Ljakarta/servlet/ServletResponse;)V (69 bytes) @ 0x000002bcb427032c [0x000002bcb42701e0+0x000000000000014c]
J 9362 c1 org.springframework.web.servlet.handler.HandlerMappingIntrospector.lambda$createCacheFilter$3(Ljakarta/servlet/ServletRequest;Ljakarta/servlet/ServletResponse;Ljakarta/servlet/FilterChain;)V (41 bytes) @ 0x000002bcb4f1992c [0x000002bcb4f19860+0x00000000000000cc]
J 9361 c1 org.springframework.web.servlet.handler.HandlerMappingIntrospector$$Lambda$1003+0x0000000801078670.doFilter(Ljakarta/servlet/ServletRequest;Ljakarta/servlet/ServletResponse;Ljakarta/servlet/FilterChain;)V (11 bytes) @ 0x000002bcb4f1b2dc [0x000002bcb4f1b2a0+0x000000000000003c]
J 6738 c1 org.springframework.web.filter.CompositeFilter$VirtualFilterChain.doFilter(Ljakarta/servlet/ServletRequest;Ljakarta/servlet/ServletResponse;)V (69 bytes) @ 0x000002bcb427032c [0x000002bcb42701e0+0x000000000000014c]
J 9359 c1 org.springframework.web.filter.CompositeFilter.doFilter(Ljakarta/servlet/ServletRequest;Ljakarta/servlet/ServletResponse;Ljakarta/servlet/FilterChain;)V (18 bytes) @ 0x000002bcb4f1ceac [0x000002bcb4f1cdc0+0x00000000000000ec]
J 9358 c1 org.springframework.security.config.annotation.web.configuration.WebMvcSecurityConfiguration$CompositeFilterChainProxy.doFilter(Ljakarta/servlet/ServletRequest;Ljakarta/servlet/ServletResponse;Ljakarta/servlet/FilterChain;)V (13 bytes) @ 0x000002bcb4f1afe4 [0x000002bcb4f1afa0+0x0000000000000044]
J 9356 c1 org.springframework.web.filter.DelegatingFilterProxy.doFilter(Ljakarta/servlet/ServletRequest;Ljakarta/servlet/ServletResponse;Ljakarta/servlet/FilterChain;)V (102 bytes) @ 0x000002bcb4f1a9bc [0x000002bcb4f1a880+0x000000000000013c]
J 5797 c1 org.apache.catalina.core.ApplicationFilterChain.internalDoFilter(Ljakarta/servlet/ServletRequest;Ljakarta/servlet/ServletResponse;)V (386 bytes) @ 0x000002bcb3daf494 [0x000002bcb3daeb80+0x0000000000000914]
J 5796 c1 org.apache.catalina.core.ApplicationFilterChain.doFilter(Ljakarta/servlet/ServletRequest;Ljakarta/servlet/ServletResponse;)V (103 bytes) @ 0x000002bcb3db1a54 [0x000002bcb3db1a20+0x0000000000000034]
J 9348 c1 org.springframework.web.filter.RequestContextFilter.doFilterInternal(Ljakarta/servlet/http/HttpServletRequest;Ljakarta/servlet/http/HttpServletResponse;Ljakarta/servlet/FilterChain;)V (107 bytes) @ 0x000002bcb4f1483c [0x000002bcb4f14540+0x00000000000002fc]
J 5792 c1 org.springframework.web.filter.OncePerRequestFilter.doFilter(Ljakarta/servlet/ServletRequest;Ljakarta/servlet/ServletResponse;Ljakarta/servlet/FilterChain;)V (178 bytes) @ 0x000002bcb3db3a04 [0x000002bcb3db33a0+0x0000000000000664]
J 5797 c1 org.apache.catalina.core.ApplicationFilterChain.internalDoFilter(Ljakarta/servlet/ServletRequest;Ljakarta/servlet/ServletResponse;)V (386 bytes) @ 0x000002bcb3daf494 [0x000002bcb3daeb80+0x0000000000000914]
J 5796 c1 org.apache.catalina.core.ApplicationFilterChain.doFilter(Ljakarta/servlet/ServletRequest;Ljakarta/servlet/ServletResponse;)V (103 bytes) @ 0x000002bcb3db1a54 [0x000002bcb3db1a20+0x0000000000000034]
J 9345 c1 org.springframework.web.filter.FormContentFilter.doFilterInternal(Ljakarta/servlet/http/HttpServletRequest;Ljakarta/servlet/http/HttpServletResponse;Ljakarta/servlet/FilterChain;)V (44 bytes) @ 0x000002bcb4f20edc [0x000002bcb4f20d20+0x00000000000001bc]
J 5792 c1 org.springframework.web.filter.OncePerRequestFilter.doFilter(Ljakarta/servlet/ServletRequest;Ljakarta/servlet/ServletResponse;Ljakarta/servlet/FilterChain;)V (178 bytes) @ 0x000002bcb3db3a04 [0x000002bcb3db33a0+0x0000000000000664]
J 5797 c1 org.apache.catalina.core.ApplicationFilterChain.internalDoFilter(Ljakarta/servlet/ServletRequest;Ljakarta/servlet/ServletResponse;)V (386 bytes) @ 0x000002bcb3daf494 [0x000002bcb3daeb80+0x0000000000000914]
J 5796 c1 org.apache.catalina.core.ApplicationFilterChain.doFilter(Ljakarta/servlet/ServletRequest;Ljakarta/servlet/ServletResponse;)V (103 bytes) @ 0x000002bcb3db1a54 [0x000002bcb3db1a20+0x0000000000000034]
J 8260 c1 org.springframework.web.filter.CharacterEncodingFilter.doFilterInternal(Ljakarta/servlet/http/HttpServletRequest;Ljakarta/servlet/http/HttpServletResponse;Ljakarta/servlet/FilterChain;)V (59 bytes) @ 0x000002bcb4bace04 [0x000002bcb4bacce0+0x0000000000000124]
J 5792 c1 org.springframework.web.filter.OncePerRequestFilter.doFilter(Ljakarta/servlet/ServletRequest;Ljakarta/servlet/ServletResponse;Ljakarta/servlet/FilterChain;)V (178 bytes) @ 0x000002bcb3db3a04 [0x000002bcb3db33a0+0x0000000000000664]
J 5797 c1 org.apache.catalina.core.ApplicationFilterChain.internalDoFilter(Ljakarta/servlet/ServletRequest;Ljakarta/servlet/ServletResponse;)V (386 bytes) @ 0x000002bcb3daf494 [0x000002bcb3daeb80+0x0000000000000914]
J 5796 c1 org.apache.catalina.core.ApplicationFilterChain.doFilter(Ljakarta/servlet/ServletRequest;Ljakarta/servlet/ServletResponse;)V (103 bytes) @ 0x000002bcb3db1a54 [0x000002bcb3db1a20+0x0000000000000034]
J 8934 c1 org.apache.catalina.core.StandardWrapperValve.invoke(Lorg/apache/catalina/connector/Request;Lorg/apache/catalina/connector/Response;)V (2681 bytes) @ 0x000002bcb5279da4 [0x000002bcb5278740+0x0000000000001664]
J 8931 c1 org.apache.catalina.core.StandardContextValve.invoke(Lorg/apache/catalina/connector/Request;Lorg/apache/catalina/connector/Response;)V (175 bytes) @ 0x000002bcb4d35bc4 [0x000002bcb4d35660+0x0000000000000564]
J 8926 c1 org.apache.catalina.authenticator.AuthenticatorBase.invoke(Lorg/apache/catalina/connector/Request;Lorg/apache/catalina/connector/Response;)V (820 bytes) @ 0x000002bcb4d157a4 [0x000002bcb4d14040+0x0000000000001764]
J 8924 c1 org.apache.catalina.core.StandardHostValve.invoke(Lorg/apache/catalina/connector/Request;Lorg/apache/catalina/connector/Response;)V (405 bytes) @ 0x000002bcb4d2ec14 [0x000002bcb4d2e7c0+0x0000000000000454]
J 8923 c1 org.apache.catalina.valves.ErrorReportValve.invoke(Lorg/apache/catalina/connector/Request;Lorg/apache/catalina/connector/Response;)V (153 bytes) @ 0x000002bcb4d3d40c [0x000002bcb4d3d3a0+0x000000000000006c]
J 8922 c1 org.apache.catalina.core.StandardEngineValve.invoke(Lorg/apache/catalina/connector/Request;Lorg/apache/catalina/connector/Response;)V (65 bytes) @ 0x000002bcb4d44bd4 [0x000002bcb4d44980+0x0000000000000254]
J 8888 c1 org.apache.catalina.connector.CoyoteAdapter.service(Lorg/apache/coyote/Request;Lorg/apache/coyote/Response;)V (893 bytes) @ 0x000002bcb4d1c254 [0x000002bcb4d1b9e0+0x0000000000000874]
J 8255 c1 org.apache.coyote.http11.Http11Processor.service(Lorg/apache/tomcat/util/net/SocketWrapperBase;)Lorg/apache/tomcat/util/net/AbstractEndpoint$Handler$SocketState; (1252 bytes) @ 0x000002bcb4ba1784 [0x000002bcb4ba0a00+0x0000000000000d84]
J 8254 c1 org.apache.coyote.AbstractProcessorLight.process(Lorg/apache/tomcat/util/net/SocketWrapperBase;Lorg/apache/tomcat/util/net/SocketEvent;)Lorg/apache/tomcat/util/net/AbstractEndpoint$Handler$SocketState; (314 bytes) @ 0x000002bcb4baed04 [0x000002bcb4bae980+0x0000000000000384]
J 8207 c1 org.apache.coyote.AbstractProtocol$ConnectionHandler.process(Lorg/apache/tomcat/util/net/SocketWrapperBase;Lorg/apache/tomcat/util/net/SocketEvent;)Lorg/apache/tomcat/util/net/AbstractEndpoint$Handler$SocketState; (1288 bytes) @ 0x000002bcb4c5d19c [0x000002bcb4c5bda0+0x00000000000013fc]
J 8206 c1 org.apache.tomcat.util.net.NioEndpoint$SocketProcessor.doRun()V (600 bytes) @ 0x000002bcb4c6db8c [0x000002bcb4c6d620+0x000000000000056c]
J 8204 c1 org.apache.tomcat.util.net.SocketProcessorBase.run()V (54 bytes) @ 0x000002bcb4c71524 [0x000002bcb4c71460+0x00000000000000c4]
j  org.apache.tomcat.util.threads.ThreadPoolExecutor.runWorker(Lorg/apache/tomcat/util/threads/ThreadPoolExecutor$Worker;)V+92
j  org.apache.tomcat.util.threads.ThreadPoolExecutor$Worker.run()V+5
j  org.apache.tomcat.util.threads.TaskThread$WrappingRunnable.run()V+4
j  java.lang.Thread.run()V+11 java.base@17.0.7
v  ~StubRoutines::call_stub

siginfo: EXCEPTION_ACCESS_VIOLATION (0xc0000005), reading address 0x0000000000000000


Register to memory mapping:

RIP=0x00007ffb74d40630 libarcsoft_face.dll
RAX=0x000000eedf6f8c80 is pointing into the stack for thread: 0x000002bcc6be1710
RBX=0x000002bcc8412368 points into unknown readable memory: 0x3f3333333f666666 | 66 66 66 3f 33 33 33 3f
RCX=0x000000eedf6f8b60 is pointing into the stack for thread: 0x000002bcc6be1710
RDX=0x0000000000000001 is an unknown value
RSP=0x000000eedf6f8b00 is pointing into the stack for thread: 0x000002bcc6be1710
RBP=0x000000eedf6f8c20 is pointing into the stack for thread: 0x000002bcc6be1710
RSI=0x000002bcc8536bf0 points into unknown readable memory: 0x3d28558cbd320878 | 78 08 32 bd 8c 55 28 3d
RDI=0x000002bcc840e040 points into unknown readable memory: 0x0000000100000058 | 58 00 00 00 01 00 00 00
R8 =0x0000000000000280 is an unknown value
R9 =0x00000000000001e0 is an unknown value
R10=0x0 is NULL
R11=0x0000000000000280 is an unknown value
R12=0x00000000000001e0 is an unknown value
R13=0x0 is NULL
R14=0x0000000000000001 is an unknown value
R15=0x0000000000000280 is an unknown value


Registers:
RAX=0x000000eedf6f8c80, RBX=0x000002bcc8412368, RCX=0x000000eedf6f8b60, RDX=0x0000000000000001
RSP=0x000000eedf6f8b00, RBP=0x000000eedf6f8c20, RSI=0x000002bcc8536bf0, RDI=0x000002bcc840e040
R8 =0x0000000000000280, R9 =0x00000000000001e0, R10=0x0000000000000000, R11=0x0000000000000280
R12=0x00000000000001e0, R13=0x0000000000000000, R14=0x0000000000000001, R15=0x0000000000000280
RIP=0x00007ffb74d40630, EFLAGS=0x0000000000010206

Top of Stack: (sp=0x000000eedf6f8b00)
0x000000eedf6f8b00:   000000003f7ed6b5 0000000000000000
0x000000eedf6f8b10:   000002bcc840e040 00007ffb74d41433
0x000000eedf6f8b20:   b5e210a9b6979bd0 3dc43a9c3f091a5e
0x000000eedf6f8b30:   3e1216603ec8d4ec 3e2483b23ec2bfd0
0x000000eedf6f8b40:   0000000000000000 000000eedf6f8c80
0x000000eedf6f8b50:   0000000000000000 000000eedf6e8020
0x000000eedf6f8b60:   000006c0000000c0 00007ffb74fd7f10
0x000000eedf6f8b70:   000002bcc8549170 000002bcc8535f50
0x000000eedf6f8b80:   000081b83146c4e4 0000000000000000
0x000000eedf6f8b90:   00000000000000c0 000002bcc8535f50
0x000000eedf6f8ba0:   00007ffb74fd7f10 0000000000000009
0x000000eedf6f8bb0:   0000000000000040 00007ffb74d4cecd
0x000000eedf6f8bc0:   000002bcc8535ec8 0000000000000001
0x000000eedf6f8bd0:   0000000000000000 000002bcc840e040
0x000000eedf6f8be0:   000002bc000000c0 0000000000000009
0x000000eedf6f8bf0:   0000000000000000 0000000000000000 

Instructions: (pc=0x00007ffb74d40630)
0x00007ffb74d40530:   74 05 e8 c9 df ff ff 48 8b 4b 48 48 85 c9 74 05
0x00007ffb74d40540:   e8 bb df ff ff 48 8b 4b 50 48 85 c9 74 05 e8 ad
0x00007ffb74d40550:   df ff ff 48 8b 4b 58 48 85 c9 74 05 e8 9f df ff
0x00007ffb74d40560:   ff 48 8b 4b 60 48 85 c9 74 05 e8 91 df ff ff 48
0x00007ffb74d40570:   8b 4b 68 48 85 c9 74 05 e8 83 df ff ff 48 83 7b
0x00007ffb74d40580:   70 00 48 8d 4b 70 74 08 48 8b d7 e8 a0 e1 ff ff
0x00007ffb74d40590:   48 8b 53 20 48 85 d2 74 08 48 8b cf e8 bf 18 00
0x00007ffb74d405a0:   00 48 8b 53 28 48 85 d2 74 08 48 8b cf e8 ae 18
0x00007ffb74d405b0:   00 00 48 8b 53 30 48 85 d2 74 08 48 8b cf e8 9d
0x00007ffb74d405c0:   18 00 00 48 8b 53 38 48 85 d2 74 10 48 8b cf e8
0x00007ffb74d405d0:   ec 13 fe ff 48 c7 43 38 00 00 00 00 48 8b 93 70
0x00007ffb74d405e0:   01 00 00 48 85 d2 74 22 48 8b cf e8 20 46 00 00
0x00007ffb74d405f0:   48 8b 93 70 01 00 00 48 8b cf e8 c1 13 fe ff 48
0x00007ffb74d40600:   c7 83 70 01 00 00 00 00 00 00 48 8b 5c 24 30 48
0x00007ffb74d40610:   83 c4 20 5f c3 cc cc cc cc cc cc cc cc cc cc cc
0x00007ffb74d40620:   48 83 ec 18 4c 8b 54 24 40 0f 29 34 24 45 8b d8
0x00007ffb74d40630:   41 0f 10 02 0f 11 01 41 0f 10 4a 10 0f 11 49 10
0x00007ffb74d40640:   41 0f 10 42 20 0f 11 41 20 41 0f 10 4a 30 0f 11
0x00007ffb74d40650:   49 30 41 0f 10 42 40 0f 11 41 40 41 0f 10 4a 50
0x00007ffb74d40660:   0f 11 49 50 41 0f 10 42 60 0f 11 41 60 41 0f 10
0x00007ffb74d40670:   4a 70 0f 11 49 70 41 8b 82 80 00 00 00 89 81 80
0x00007ffb74d40680:   00 00 00 83 fa 02 75 12 8b 41 08 f3 0f 10 41 04
0x00007ffb74d40690:   89 41 04 f3 0f 11 41 08 eb 53 83 fa 04 75 20 f3
0x00007ffb74d406a0:   0f 10 41 10 41 8d 41 ff f3 0f 58 41 08 66 0f 6e
0x00007ffb74d406b0:   c8 0f 5b c9 f3 0f 5c c8 f3 0f 11 49 08 eb 3e 83
0x00007ffb74d406c0:   fa 03 75 39 f3 0f 10 41 0c 41 8d 40 ff f3 0f 58
0x00007ffb74d406d0:   41 04 66 0f 6e c8 0f 5b c9 f3 0f 5c c8 f3 0f 11
0x00007ffb74d406e0:   49 04 8b 41 08 89 41 04 f3 0f 11 49 08 8b 41 10
0x00007ffb74d406f0:   f3 0f 10 41 0c 89 41 0c f3 0f 11 41 10 f3 0f 10
0x00007ffb74d40700:   71 04 f3 0f 10 69 08 4c 8b 44 24 50 f3 0f 10 41
0x00007ffb74d40710:   0c 0f 28 e6 f3 0f 10 dd f3 0f 58 59 10 f3 0f 58
0x00007ffb74d40720:   e0 4d 85 c0 0f 84 c2 00 00 00 f3 41 0f 59 00 f3 


Stack slot to memory mapping:
stack at sp + 0 slots: 0x000000003f7ed6b5 is an unknown value
stack at sp + 1 slots: 0x0 is NULL
stack at sp + 2 slots: 0x000002bcc840e040 points into unknown readable memory: 0x0000000100000058 | 58 00 00 00 01 00 00 00
stack at sp + 3 slots: 0x00007ffb74d41433 libarcsoft_face.dll
stack at sp + 4 slots: 0xb5e210a9b6979bd0 is an unknown value
stack at sp + 5 slots: 0x3dc43a9c3f091a5e is an unknown value
stack at sp + 6 slots: 0x3e1216603ec8d4ec is an unknown value
stack at sp + 7 slots: 0x3e2483b23ec2bfd0 is an unknown value


---------------  P R O C E S S  ---------------

Threads class SMR info:
_java_thread_list=0x000002bcc503a4d0, length=32, elements={
0x000002bcc3cb7210, 0x000002bcc3cb7e80, 0x000002bcc3cd2770, 0x000002bcc3cd4130,
0x000002bcc3cd4ae0, 0x000002bcc3cd5490, 0x000002bcc3cd5ef0, 0x000002bcc3ce1df0,
0x000002bcc3d43ee0, 0x000002bcc40a6260, 0x000002bcc40a6730, 0x000002bcc4d98230,
0x000002bcc68d8090, 0x000002bcc69be440, 0x000002bcc6b659f0, 0x000002bcc6b65ec0,
0x000002bcc6be2580, 0x000002bcc6bdfa30, 0x000002bcc6be1710, 0x000002bcc6bdff00,
0x000002bcc6be03d0, 0x000002bcc6be20b0, 0x000002bcc6be2a50, 0x000002bcc6be08a0,
0x000002bcc6be2f20, 0x000002bcc6be0d70, 0x000002bcc6be1240, 0x000002bcc6be1be0,
0x000002bcc6be33f0, 0x000002bcc6ed27a0, 0x000002bcc6ecf780, 0x000002bcc6ed5c90
}

Java Threads: ( => current thread )
  0x000002bcc3cb7210 JavaThread "Reference Handler" daemon [_thread_blocked, id=9328, stack(0x000000eed6200000,0x000000eed6300000)]
  0x000002bcc3cb7e80 JavaThread "Finalizer" daemon [_thread_blocked, id=10668, stack(0x000000eed6300000,0x000000eed6400000)]
  0x000002bcc3cd2770 JavaThread "Signal Dispatcher" daemon [_thread_blocked, id=12332, stack(0x000000eed6400000,0x000000eed6500000)]
  0x000002bcc3cd4130 JavaThread "Attach Listener" daemon [_thread_blocked, id=14836, stack(0x000000eed6500000,0x000000eed6600000)]
  0x000002bcc3cd4ae0 JavaThread "Service Thread" daemon [_thread_blocked, id=15448, stack(0x000000eed6600000,0x000000eed6700000)]
  0x000002bcc3cd5490 JavaThread "Monitor Deflation Thread" daemon [_thread_blocked, id=7708, stack(0x000000eed6700000,0x000000eed6800000)]
  0x000002bcc3cd5ef0 JavaThread "C1 CompilerThread0" daemon [_thread_blocked, id=2824, stack(0x000000eed6800000,0x000000eed6900000)]
  0x000002bcc3ce1df0 JavaThread "Sweeper thread" daemon [_thread_blocked, id=11224, stack(0x000000eed6900000,0x000000eed6a00000)]
  0x000002bcc3d43ee0 JavaThread "Common-Cleaner" daemon [_thread_blocked, id=15060, stack(0x000000eed6a00000,0x000000eed6b00000)]
  0x000002bcc40a6260 JavaThread "Monitor Ctrl-Break" daemon [_thread_in_native, id=14952, stack(0x000000eed6d00000,0x000000eed6e00000)]
  0x000002bcc40a6730 JavaThread "Notification Thread" daemon [_thread_blocked, id=17204, stack(0x000000eed6e00000,0x000000eed6f00000)]
  0x000002bcc4d98230 JavaThread "RMI TCP Accept-0" daemon [_thread_in_native, id=2928, stack(0x000000eed7000000,0x000000eed7100000)]
  0x000002bcc68d8090 JavaThread "RMI Scheduler(0)" daemon [_thread_blocked, id=11492, stack(0x000000eed8000000,0x000000eed8100000)]
  0x000002bcc69be440 JavaThread "mysql-cj-abandoned-connection-cleanup" daemon [_thread_blocked, id=8584, stack(0x000000eed8500000,0x000000eed8600000)]
  0x000002bcc6b659f0 JavaThread "Catalina-utility-1" [_thread_blocked, id=16740, stack(0x000000eed8600000,0x000000eed8700000)]
  0x000002bcc6b65ec0 JavaThread "Catalina-utility-2" [_thread_blocked, id=664, stack(0x000000eed8700000,0x000000eed8800000)]
  0x000002bcc6be2580 JavaThread "container-0" [_thread_blocked, id=12928, stack(0x000000eed8800000,0x000000eed8900000)]
  0x000002bcc6bdfa30 JavaThread "http-nio-3007-exec-1" daemon [_thread_blocked, id=15116, stack(0x000000eedf500000,0x000000eedf600000)]
=>0x000002bcc6be1710 JavaThread "http-nio-3007-exec-2" daemon [_thread_in_native, id=12180, stack(0x000000eedf600000,0x000000eedf700000)]
  0x000002bcc6bdff00 JavaThread "http-nio-3007-exec-3" daemon [_thread_in_native, id=13460, stack(0x000000eedf700000,0x000000eedf800000)]
  0x000002bcc6be03d0 JavaThread "http-nio-3007-exec-4" daemon [_thread_blocked, id=15688, stack(0x000000eedf800000,0x000000eedf900000)]
  0x000002bcc6be20b0 JavaThread "http-nio-3007-exec-5" daemon [_thread_in_native, id=9772, stack(0x000000eedf900000,0x000000eedfa00000)]
  0x000002bcc6be2a50 JavaThread "http-nio-3007-exec-6" daemon [_thread_blocked, id=16968, stack(0x000000eedfa00000,0x000000eedfb00000)]
  0x000002bcc6be08a0 JavaThread "http-nio-3007-exec-7" daemon [_thread_blocked, id=4540, stack(0x000000eedfb00000,0x000000eedfc00000)]
  0x000002bcc6be2f20 JavaThread "http-nio-3007-exec-8" daemon [_thread_blocked, id=13768, stack(0x000000eedfc00000,0x000000eedfd00000)]
  0x000002bcc6be0d70 JavaThread "http-nio-3007-exec-9" daemon [_thread_blocked, id=15900, stack(0x000000eedfd00000,0x000000eedfe00000)]
  0x000002bcc6be1240 JavaThread "http-nio-3007-exec-10" daemon [_thread_blocked, id=2020, stack(0x000000eedfe00000,0x000000eedff00000)]
  0x000002bcc6be1be0 JavaThread "http-nio-3007-Poller" daemon [_thread_in_native, id=10640, stack(0x000000eedff00000,0x000000eee0000000)]
  0x000002bcc6be33f0 JavaThread "http-nio-3007-Acceptor" daemon [_thread_in_native, id=9792, stack(0x000000eee0000000,0x000000eee0100000)]
  0x000002bcc6ed27a0 JavaThread "DestroyJavaVM" [_thread_blocked, id=15136, stack(0x000000eed5b00000,0x000000eed5c00000)]
  0x000002bcc6ecf780 JavaThread "HikariPool-1 housekeeper" daemon [_thread_blocked, id=14600, stack(0x000000eee0300000,0x000000eee0400000)]
  0x000002bcc6ed5c90 JavaThread "Java2D Disposer" daemon [_thread_blocked, id=16160, stack(0x000000eed6c00000,0x000000eed6d00000)]

Other Threads:
  0x000002bcc3cb2710 VMThread "VM Thread" [stack: 0x000000eed6100000,0x000000eed6200000] [id=8772]
  0x000002bcc3dbc8e0 WatcherThread [stack: 0x000000eed7100000,0x000000eed7200000] [id=14684]
  0x000002bcaac39170 GCTaskThread "GC Thread#0" [stack: 0x000000eed5c00000,0x000000eed5d00000] [id=6228]
  0x000002bcc510b4b0 GCTaskThread "GC Thread#1" [stack: 0x000000eed7200000,0x000000eed7300000] [id=2356]
  0x000002bcc510b760 GCTaskThread "GC Thread#2" [stack: 0x000000eed7300000,0x000000eed7400000] [id=15280]
  0x000002bcc512e650 GCTaskThread "GC Thread#3" [stack: 0x000000eed7400000,0x000000eed7500000] [id=5492]
  0x000002bcc512e900 GCTaskThread "GC Thread#4" [stack: 0x000000eed7500000,0x000000eed7600000] [id=6208]
  0x000002bcc5176ec0 GCTaskThread "GC Thread#5" [stack: 0x000000eed7600000,0x000000eed7700000] [id=5540]
  0x000002bcc5177580 GCTaskThread "GC Thread#6" [stack: 0x000000eed7700000,0x000000eed7800000] [id=6788]
  0x000002bcc53f7ec0 GCTaskThread "GC Thread#7" [stack: 0x000000eed7b00000,0x000000eed7c00000] [id=6684]
  0x000002bcc53f2770 GCTaskThread "GC Thread#8" [stack: 0x000000eed7c00000,0x000000eed7d00000] [id=9892]
  0x000002bcc6453c30 GCTaskThread "GC Thread#9" [stack: 0x000000eed7d00000,0x000000eed7e00000] [id=3964]
  0x000002bcc6453ee0 GCTaskThread "GC Thread#10" [stack: 0x000000eed7e00000,0x000000eed7f00000] [id=16420]
  0x000002bcc672d480 GCTaskThread "GC Thread#11" [stack: 0x000000eed8100000,0x000000eed8200000] [id=15872]
  0x000002bcc672cf20 GCTaskThread "GC Thread#12" [stack: 0x000000eed8200000,0x000000eed8300000] [id=2744]
  0x000002bcaac495c0 ConcurrentGCThread "G1 Main Marker" [stack: 0x000000eed5d00000,0x000000eed5e00000] [id=14416]
  0x000002bcaac4c680 ConcurrentGCThread "G1 Conc#0" [stack: 0x000000eed5e00000,0x000000eed5f00000] [id=7640]
  0x000002bcc672d1d0 ConcurrentGCThread "G1 Conc#1" [stack: 0x000000eed8300000,0x000000eed8400000] [id=2964]
  0x000002bcc672e4a0 ConcurrentGCThread "G1 Conc#2" [stack: 0x000000eed8400000,0x000000eed8500000] [id=2724]
  0x000002bcc3406b80 ConcurrentGCThread "G1 Refine#0" [stack: 0x000000eed5f00000,0x000000eed6000000] [id=3556]
  0x000002bcc34074a0 ConcurrentGCThread "G1 Service" [stack: 0x000000eed6000000,0x000000eed6100000] [id=8676]

Threads with active compile tasks:

VM state: not at safepoint (normal execution)

VM Mutex/Monitor currently owned by a thread: None

Heap address: 0x000000070ae00000, size: 3922 MB, Compressed Oops mode: Zero based, Oop shift amount: 3

CDS archive(s) mapped at: [0x0000000800000000-0x0000000800bd0000-0x0000000800bd0000), size 12386304, SharedBaseAddress: 0x0000000800000000, ArchiveRelocationMode: 0.
Compressed class space mapped at: 0x0000000800c00000-0x0000000840c00000, reserved size: 1073741824
Narrow klass base: 0x0000000800000000, Narrow klass shift: 0, Narrow klass range: 0x100000000

GC Precious Log:
 CPUs: 16 total, 16 available
 Memory: 15681M
 Large Page Support: Disabled
 NUMA Support: Disabled
 Compressed Oops: Enabled (Zero based)
 Heap Region Size: 2M
 Heap Min Capacity: 8M
 Heap Initial Capacity: 246M
 Heap Max Capacity: 3922M
 Pre-touch: Disabled
 Parallel Workers: 13
 Concurrent Workers: 3
 Concurrent Refinement Workers: 13
 Periodic GC: Disabled

Heap:
 garbage-first heap   total 153600K, used 116270K [0x000000070ae00000, 0x0000000800000000)
  region size 2048K, 42 young (86016K), 2 survivors (4096K)
 Metaspace       used 42806K, committed 43328K, reserved 1089536K
  class space    used 5707K, committed 5952K, reserved 1048576K

Heap Regions: E=young(eden), S=young(survivor), O=old, HS=humongous(starts), HC=humongous(continues), CS=collection set, F=free, OA=open archive, CA=closed archive, TAMS=top-at-mark-start (previous, next)
|   0|0x000000070ae00000, 0x000000070b000000, 0x000000070b000000|100%| O|  |TAMS 0x000000070b000000, 0x000000070ae00000| Untracked 
|   1|0x000000070b000000, 0x000000070b200000, 0x000000070b200000|100%| O|  |TAMS 0x000000070b200000, 0x000000070b000000| Untracked 
|   2|0x000000070b200000, 0x000000070b400000, 0x000000070b400000|100%| O|  |TAMS 0x000000070b200000, 0x000000070b200000| Untracked 
|   3|0x000000070b400000, 0x000000070b600000, 0x000000070b600000|100%|HS|  |TAMS 0x000000070b400000, 0x000000070b400000| Complete 
|   4|0x000000070b600000, 0x000000070b800000, 0x000000070b800000|100%| O|  |TAMS 0x000000070b600000, 0x000000070b600000| Untracked 
|   5|0x000000070b800000, 0x000000070ba00000, 0x000000070ba00000|100%| O|  |TAMS 0x000000070b800000, 0x000000070b800000| Untracked 
|   6|0x000000070ba00000, 0x000000070bc00000, 0x000000070bc00000|100%| O|  |TAMS 0x000000070ba00000, 0x000000070ba00000| Untracked 
|   7|0x000000070bc00000, 0x000000070be00000, 0x000000070be00000|100%|HS|  |TAMS 0x000000070bc00000, 0x000000070bc00000| Complete 
|   8|0x000000070be00000, 0x000000070c000000, 0x000000070c000000|100%|HS|  |TAMS 0x000000070be00000, 0x000000070be00000| Complete 
|   9|0x000000070c000000, 0x000000070c200000, 0x000000070c200000|100%| O|  |TAMS 0x000000070c200000, 0x000000070c000000| Untracked 
|  10|0x000000070c200000, 0x000000070c400000, 0x000000070c400000|100%| O|  |TAMS 0x000000070c400000, 0x000000070c200000| Untracked 
|  11|0x000000070c400000, 0x000000070c600000, 0x000000070c600000|100%| O|  |TAMS 0x000000070c600000, 0x000000070c400000| Untracked 
|  12|0x000000070c600000, 0x000000070c800000, 0x000000070c800000|100%| O|  |TAMS 0x000000070c800000, 0x000000070c600000| Untracked 
|  13|0x000000070c800000, 0x000000070ca00000, 0x000000070ca00000|100%| O|  |TAMS 0x000000070c9a8800, 0x000000070c800000| Untracked 
|  14|0x000000070ca00000, 0x000000070cc00000, 0x000000070cc00000|100%|HS|  |TAMS 0x000000070ca00000, 0x000000070ca00000| Complete 
|  15|0x000000070cc00000, 0x000000070ce00000, 0x000000070ce00000|100%|HS|  |TAMS 0x000000070cc00000, 0x000000070cc00000| Complete 
|  16|0x000000070ce00000, 0x000000070ce00000, 0x000000070d000000|  0%| F|  |TAMS 0x000000070ce00000, 0x000000070ce00000| Untracked 
|  17|0x000000070d000000, 0x000000070d193800, 0x000000070d200000| 78%| O|  |TAMS 0x000000070d000000, 0x000000070d000000| Untracked 
|  18|0x000000070d200000, 0x000000070d200000, 0x000000070d400000|  0%| F|  |TAMS 0x000000070d200000, 0x000000070d200000| Untracked 
|  19|0x000000070d400000, 0x000000070d400000, 0x000000070d600000|  0%| F|  |TAMS 0x000000070d400000, 0x000000070d400000| Untracked 
|  20|0x000000070d600000, 0x000000070d600000, 0x000000070d800000|  0%| F|  |TAMS 0x000000070d600000, 0x000000070d600000| Untracked 
|  21|0x000000070d800000, 0x000000070d800000, 0x000000070da00000|  0%| F|  |TAMS 0x000000070d800000, 0x000000070d800000| Untracked 
|  22|0x000000070da00000, 0x000000070da00000, 0x000000070dc00000|  0%| F|  |TAMS 0x000000070da00000, 0x000000070da00000| Untracked 
|  23|0x000000070dc00000, 0x000000070dc00000, 0x000000070de00000|  0%| F|  |TAMS 0x000000070dc00000, 0x000000070dc00000| Untracked 
|  24|0x000000070de00000, 0x000000070de00000, 0x000000070e000000|  0%| F|  |TAMS 0x000000070de00000, 0x000000070de00000| Untracked 
|  25|0x000000070e000000, 0x000000070e000000, 0x000000070e200000|  0%| F|  |TAMS 0x000000070e000000, 0x000000070e000000| Untracked 
|  26|0x000000070e200000, 0x000000070e200000, 0x000000070e400000|  0%| F|  |TAMS 0x000000070e200000, 0x000000070e200000| Untracked 
|  27|0x000000070e400000, 0x000000070e400000, 0x000000070e600000|  0%| F|  |TAMS 0x000000070e400000, 0x000000070e400000| Untracked 
|  28|0x000000070e600000, 0x000000070e600000, 0x000000070e800000|  0%| F|  |TAMS 0x000000070e600000, 0x000000070e600000| Untracked 
|  29|0x000000070e800000, 0x000000070e9f8078, 0x000000070ea00000| 98%| S|CS|TAMS 0x000000070e800000, 0x000000070e800000| Complete 
|  30|0x000000070ea00000, 0x000000070ea00000, 0x000000070ec00000|  0%| F|  |TAMS 0x000000070ea00000, 0x000000070ea00000| Untracked 
|  31|0x000000070ec00000, 0x000000070ee00000, 0x000000070ee00000|100%| S|CS|TAMS 0x000000070ec00000, 0x000000070ec00000| Complete 
|  32|0x000000070ee00000, 0x000000070ee00000, 0x000000070f000000|  0%| F|  |TAMS 0x000000070ee00000, 0x000000070ee00000| Untracked 
|  33|0x000000070f000000, 0x000000070f000000, 0x000000070f200000|  0%| F|  |TAMS 0x000000070f000000, 0x000000070f000000| Untracked 
|  34|0x000000070f200000, 0x000000070f200000, 0x000000070f400000|  0%| F|  |TAMS 0x000000070f200000, 0x000000070f200000| Untracked 
|  35|0x000000070f400000, 0x000000070f5a09d0, 0x000000070f600000| 81%| E|  |TAMS 0x000000070f400000, 0x000000070f400000| Complete 
|  36|0x000000070f600000, 0x000000070f800000, 0x000000070f800000|100%| E|CS|TAMS 0x000000070f600000, 0x000000070f600000| Complete 
|  37|0x000000070f800000, 0x000000070fa00000, 0x000000070fa00000|100%| E|CS|TAMS 0x000000070f800000, 0x000000070f800000| Complete 
|  38|0x000000070fa00000, 0x000000070fc00000, 0x000000070fc00000|100%| E|CS|TAMS 0x000000070fa00000, 0x000000070fa00000| Complete 
|  39|0x000000070fc00000, 0x000000070fe00000, 0x000000070fe00000|100%| E|CS|TAMS 0x000000070fc00000, 0x000000070fc00000| Complete 
|  40|0x000000070fe00000, 0x0000000710000000, 0x0000000710000000|100%| E|CS|TAMS 0x000000070fe00000, 0x000000070fe00000| Complete 
|  41|0x0000000710000000, 0x0000000710200000, 0x0000000710200000|100%| E|CS|TAMS 0x0000000710000000, 0x0000000710000000| Complete 
|  42|0x0000000710200000, 0x0000000710400000, 0x0000000710400000|100%| E|CS|TAMS 0x0000000710200000, 0x0000000710200000| Complete 
|  43|0x0000000710400000, 0x0000000710600000, 0x0000000710600000|100%| E|  |TAMS 0x0000000710400000, 0x0000000710400000| Complete 
|  44|0x0000000710600000, 0x0000000710800000, 0x0000000710800000|100%| E|CS|TAMS 0x0000000710600000, 0x0000000710600000| Complete 
|  45|0x0000000710800000, 0x0000000710a00000, 0x0000000710a00000|100%| E|CS|TAMS 0x0000000710800000, 0x0000000710800000| Complete 
|  46|0x0000000710a00000, 0x0000000710c00000, 0x0000000710c00000|100%| E|CS|TAMS 0x0000000710a00000, 0x0000000710a00000| Complete 
|  47|0x0000000710c00000, 0x0000000710e00000, 0x0000000710e00000|100%| E|CS|TAMS 0x0000000710c00000, 0x0000000710c00000| Complete 
|  48|0x0000000710e00000, 0x0000000711000000, 0x0000000711000000|100%| E|CS|TAMS 0x0000000710e00000, 0x0000000710e00000| Complete 
|  49|0x0000000711000000, 0x0000000711200000, 0x0000000711200000|100%| E|CS|TAMS 0x0000000711000000, 0x0000000711000000| Complete 
|  50|0x0000000711200000, 0x0000000711400000, 0x0000000711400000|100%| E|CS|TAMS 0x0000000711200000, 0x0000000711200000| Complete 
|  51|0x0000000711400000, 0x0000000711600000, 0x0000000711600000|100%| E|CS|TAMS 0x0000000711400000, 0x0000000711400000| Complete 
|  52|0x0000000711600000, 0x0000000711800000, 0x0000000711800000|100%| E|CS|TAMS 0x0000000711600000, 0x0000000711600000| Complete 
|  53|0x0000000711800000, 0x0000000711a00000, 0x0000000711a00000|100%| E|CS|TAMS 0x0000000711800000, 0x0000000711800000| Complete 
|  54|0x0000000711a00000, 0x0000000711c00000, 0x0000000711c00000|100%| E|CS|TAMS 0x0000000711a00000, 0x0000000711a00000| Complete 
|  55|0x0000000711c00000, 0x0000000711e00000, 0x0000000711e00000|100%| E|CS|TAMS 0x0000000711c00000, 0x0000000711c00000| Complete 
|  56|0x0000000711e00000, 0x0000000712000000, 0x0000000712000000|100%| E|CS|TAMS 0x0000000711e00000, 0x0000000711e00000| Complete 
|  57|0x0000000712000000, 0x0000000712200000, 0x0000000712200000|100%| E|CS|TAMS 0x0000000712000000, 0x0000000712000000| Complete 
|  58|0x0000000712200000, 0x0000000712400000, 0x0000000712400000|100%| E|CS|TAMS 0x0000000712200000, 0x0000000712200000| Complete 
|  59|0x0000000712400000, 0x0000000712600000, 0x0000000712600000|100%| E|CS|TAMS 0x0000000712400000, 0x0000000712400000| Complete 
|  60|0x0000000712600000, 0x0000000712800000, 0x0000000712800000|100%| E|CS|TAMS 0x0000000712600000, 0x0000000712600000| Complete 
|  61|0x0000000712800000, 0x0000000712a00000, 0x0000000712a00000|100%| E|CS|TAMS 0x0000000712800000, 0x0000000712800000| Complete 
|  62|0x0000000712a00000, 0x0000000712c00000, 0x0000000712c00000|100%| E|CS|TAMS 0x0000000712a00000, 0x0000000712a00000| Complete 
|  63|0x0000000712c00000, 0x0000000712e00000, 0x0000000712e00000|100%| E|CS|TAMS 0x0000000712c00000, 0x0000000712c00000| Complete 
|  64|0x0000000712e00000, 0x0000000713000000, 0x0000000713000000|100%| E|CS|TAMS 0x0000000712e00000, 0x0000000712e00000| Complete 
|  65|0x0000000713000000, 0x0000000713200000, 0x0000000713200000|100%| E|CS|TAMS 0x0000000713000000, 0x0000000713000000| Complete 
|  66|0x0000000713200000, 0x0000000713400000, 0x0000000713400000|100%| E|CS|TAMS 0x0000000713200000, 0x0000000713200000| Complete 
|  67|0x0000000713400000, 0x0000000713600000, 0x0000000713600000|100%| E|CS|TAMS 0x0000000713400000, 0x0000000713400000| Complete 
|  68|0x0000000713600000, 0x0000000713800000, 0x0000000713800000|100%| E|CS|TAMS 0x0000000713600000, 0x0000000713600000| Complete 
|  69|0x0000000713800000, 0x0000000713a00000, 0x0000000713a00000|100%| E|CS|TAMS 0x0000000713800000, 0x0000000713800000| Complete 
|  83|0x0000000715400000, 0x0000000715600000, 0x0000000715600000|100%| E|CS|TAMS 0x0000000715400000, 0x0000000715400000| Complete 
|  84|0x0000000715600000, 0x0000000715800000, 0x0000000715800000|100%| E|CS|TAMS 0x0000000715600000, 0x0000000715600000| Complete 
|  85|0x0000000715800000, 0x0000000715a00000, 0x0000000715a00000|100%| E|CS|TAMS 0x0000000715800000, 0x0000000715800000| Complete 
|  86|0x0000000715a00000, 0x0000000715c00000, 0x0000000715c00000|100%| E|CS|TAMS 0x0000000715a00000, 0x0000000715a00000| Complete 
| 122|0x000000071a200000, 0x000000071a400000, 0x000000071a400000|100%| E|CS|TAMS 0x000000071a200000, 0x000000071a200000| Complete 

Card table byte_map: [0x000002bcb8210000,0x000002bcb89c0000] _byte_map_base: 0x000002bcb49b9000

Marking Bits (Prev, Next): (CMBitMap*) 0x000002bcaac39780, (CMBitMap*) 0x000002bcaac397c0
 Prev Bits: [0x000002bcb9170000, 0x000002bcbceb8000)
 Next Bits: [0x000002bcbcec0000, 0x000002bcc0c08000)

Polling page: 0x000002bcaaa20000

Metaspace:

Usage:
  Non-class:     36.23 MB used.
      Class:      5.57 MB used.
       Both:     41.80 MB used.

Virtual space:
  Non-class space:       40.00 MB reserved,      36.50 MB ( 91%) committed,  5 nodes.
      Class space:        1.00 GB reserved,       5.81 MB ( <1%) committed,  1 nodes.
             Both:        1.04 GB reserved,      42.31 MB (  4%) committed. 

Chunk freelists:
   Non-Class:  2.83 MB
       Class:  2.16 MB
        Both:  4.99 MB

MaxMetaspaceSize: unlimited
CompressedClassSpaceSize: 1.00 GB
Initial GC threshold: 21.00 MB
Current GC threshold: 59.06 MB
CDS: on
MetaspaceReclaimPolicy: balanced
 - commit_granule_bytes: 65536.
 - commit_granule_words: 8192.
 - virtual_space_node_default_size: 1048576.
 - enlarge_chunks_in_place: 1.
 - new_chunks_are_fully_committed: 0.
 - uncommit_free_chunks: 1.
 - use_allocation_guard: 0.
 - handle_deallocations: 1.


Internal statistics:

num_allocs_failed_limit: 6.
num_arena_births: 794.
num_arena_deaths: 0.
num_vsnodes_births: 6.
num_vsnodes_deaths: 0.
num_space_committed: 677.
num_space_uncommitted: 0.
num_chunks_returned_to_freelist: 6.
num_chunks_taken_from_freelist: 2286.
num_chunk_merges: 3.
num_chunk_splits: 1532.
num_chunks_enlarged: 1085.
num_purges: 0.
num_inconsistent_stats: 0.

CodeCache: size=49152Kb used=17518Kb max_used=23645Kb free=31633Kb
 bounds [0x000002bcb3c80000, 0x000002bcb53d0000, 0x000002bcb6c80000]
 total_blobs=10196 nmethods=9564 adapters=558
 compilation: enabled
              stopped_count=0, restarted_count=0
 full_count=0

Compilation events (20 events):
Event: 5843.693 Thread 0x000002bcc3cd5ef0 9555       1       org.springframework.beans.factory.config.BeanExpressionContext::equals (45 bytes)
Event: 5843.693 Thread 0x000002bcc3cd5ef0 nmethod 9555 0x000002bcb4ec1790 code [0x000002bcb4ec1920, 0x000002bcb4ec1ad8]
Event: 5843.693 Thread 0x000002bcc3cd5ef0 9556       1       org.apache.tomcat.util.buf.UDecoder::x2c (59 bytes)
Event: 5843.693 Thread 0x000002bcc3cd5ef0 nmethod 9556 0x000002bcb4ec1490 code [0x000002bcb4ec1620, 0x000002bcb4ec1718]
Event: 5867.886 Thread 0x000002bcc3cd5ef0 9557       1       java.util.concurrent.atomic.AtomicLong::decrementAndGet (16 bytes)
Event: 5867.886 Thread 0x000002bcc3cd5ef0 nmethod 9557 0x000002bcb4ec1190 code [0x000002bcb4ec1320, 0x000002bcb4ec1418]
Event: 5888.796 Thread 0x000002bcc3cd5ef0 9558       1       org.apache.tomcat.util.net.SocketWrapperBase::setReadTimeout (22 bytes)
Event: 5888.796 Thread 0x000002bcc3cd5ef0 nmethod 9558 0x000002bcb4ec0e10 code [0x000002bcb4ec0fa0, 0x000002bcb4ec10d8]
Event: 5907.768 Thread 0x000002bcc3cd5ef0 9559       1       java.lang.String::<init> (29 bytes)
Event: 5907.768 Thread 0x000002bcc3cd5ef0 nmethod 9559 0x000002bcb4ec0a90 code [0x000002bcb4ec0c20, 0x000002bcb4ec0d58]
Event: 6267.517 Thread 0x000002bcc3cd5ef0 9560       1       org.springframework.core.convert.support.GenericConversionService::getConverter (106 bytes)
Event: 6267.518 Thread 0x000002bcc3cd5ef0 nmethod 9560 0x000002bcb4ec0290 code [0x000002bcb4ec0480, 0x000002bcb4ec08c8]
Event: 6267.518 Thread 0x000002bcc3cd5ef0 9561       1       org.springframework.core.convert.support.GenericConversionService$ConverterCacheKey::<init> (15 bytes)
Event: 6267.518 Thread 0x000002bcc3cd5ef0 nmethod 9561 0x000002bcb4ebff10 code [0x000002bcb4ec00a0, 0x000002bcb4ec0218]
Event: 6267.519 Thread 0x000002bcc3cd5ef0 9562       1       java.io.FilterOutputStream::flush (8 bytes)
Event: 6267.519 Thread 0x000002bcc3cd5ef0 nmethod 9562 0x000002bcb4ebfc10 code [0x000002bcb4ebfda0, 0x000002bcb4ebfe88]
Event: 6405.176 Thread 0x000002bcc3cd5ef0 9563       1       com.lh.face_checkin_be.pojo.Students::setFaceFeatures (6 bytes)
Event: 6405.176 Thread 0x000002bcc3cd5ef0 nmethod 9563 0x000002bcb4ebf910 code [0x000002bcb4ebfaa0, 0x000002bcb4ebfbb8]
Event: 6487.578 Thread 0x000002bcc3cd5ef0 9564       1       com.zaxxer.hikari.pool.HikariPool::logPoolState (92 bytes)
Event: 6487.579 Thread 0x000002bcc3cd5ef0 nmethod 9564 0x000002bcb4ebe590 code [0x000002bcb4ebe7e0, 0x000002bcb4ebf338]

GC Heap History (20 events):
Event: 5907.319 GC heap before
{Heap before GC invocations=137 (full 0):
 garbage-first heap   total 153600K, used 124733K [0x000000070ae00000, 0x0000000800000000)
  region size 2048K, 45 young (92160K), 2 survivors (4096K)
 Metaspace       used 42806K, committed 43328K, reserved 1089536K
  class space    used 5707K, committed 5952K, reserved 1048576K
}
Event: 5907.320 GC heap after
{Heap after GC invocations=138 (full 0):
 garbage-first heap   total 153600K, used 25567K [0x000000070ae00000, 0x0000000800000000)
  region size 2048K, 1 young (2048K), 1 survivors (2048K)
 Metaspace       used 42806K, committed 43328K, reserved 1089536K
  class space    used 5707K, committed 5952K, reserved 1048576K
}
Event: 6272.802 GC heap before
{Heap before GC invocations=138 (full 0):
 garbage-first heap   total 153600K, used 125919K [0x000000070ae00000, 0x0000000800000000)
  region size 2048K, 45 young (92160K), 1 survivors (2048K)
 Metaspace       used 42806K, committed 43328K, reserved 1089536K
  class space    used 5707K, committed 5952K, reserved 1048576K
}
Event: 6272.803 GC heap after
{Heap after GC invocations=139 (full 0):
 garbage-first heap   total 153600K, used 31550K [0x000000070ae00000, 0x0000000800000000)
  region size 2048K, 2 young (4096K), 2 survivors (4096K)
 Metaspace       used 42806K, committed 43328K, reserved 1089536K
  class space    used 5707K, committed 5952K, reserved 1048576K
}
Event: 6274.662 GC heap before
{Heap before GC invocations=139 (full 0):
 garbage-first heap   total 153600K, used 127806K [0x000000070ae00000, 0x0000000800000000)
  region size 2048K, 45 young (92160K), 2 survivors (4096K)
 Metaspace       used 42806K, committed 43328K, reserved 1089536K
  class space    used 5707K, committed 5952K, reserved 1048576K
}
Event: 6274.663 GC heap after
{Heap after GC invocations=140 (full 0):
 garbage-first heap   total 153600K, used 28480K [0x000000070ae00000, 0x0000000800000000)
  region size 2048K, 2 young (4096K), 2 survivors (4096K)
 Metaspace       used 42806K, committed 43328K, reserved 1089536K
  class space    used 5707K, committed 5952K, reserved 1048576K
}
Event: 6277.159 GC heap before
{Heap before GC invocations=140 (full 0):
 garbage-first heap   total 153600K, used 124736K [0x000000070ae00000, 0x0000000800000000)
  region size 2048K, 45 young (92160K), 2 survivors (4096K)
 Metaspace       used 42806K, committed 43328K, reserved 1089536K
  class space    used 5707K, committed 5952K, reserved 1048576K
}
Event: 6277.160 GC heap after
{Heap after GC invocations=141 (full 0):
 garbage-first heap   total 153600K, used 28481K [0x000000070ae00000, 0x0000000800000000)
  region size 2048K, 2 young (4096K), 2 survivors (4096K)
 Metaspace       used 42806K, committed 43328K, reserved 1089536K
  class space    used 5707K, committed 5952K, reserved 1048576K
}
Event: 6279.672 GC heap before
{Heap before GC invocations=141 (full 0):
 garbage-first heap   total 153600K, used 124737K [0x000000070ae00000, 0x0000000800000000)
  region size 2048K, 45 young (92160K), 2 survivors (4096K)
 Metaspace       used 42806K, committed 43328K, reserved 1089536K
  class space    used 5707K, committed 5952K, reserved 1048576K
}
Event: 6279.672 GC heap after
{Heap after GC invocations=142 (full 0):
 garbage-first heap   total 153600K, used 28483K [0x000000070ae00000, 0x0000000800000000)
  region size 2048K, 2 young (4096K), 2 survivors (4096K)
 Metaspace       used 42806K, committed 43328K, reserved 1089536K
  class space    used 5707K, committed 5952K, reserved 1048576K
}
Event: 6282.150 GC heap before
{Heap before GC invocations=142 (full 0):
 garbage-first heap   total 153600K, used 124739K [0x000000070ae00000, 0x0000000800000000)
  region size 2048K, 45 young (92160K), 2 survivors (4096K)
 Metaspace       used 42806K, committed 43328K, reserved 1089536K
  class space    used 5707K, committed 5952K, reserved 1048576K
}
Event: 6282.151 GC heap after
{Heap after GC invocations=143 (full 0):
 garbage-first heap   total 153600K, used 26504K [0x000000070ae00000, 0x0000000800000000)
  region size 2048K, 2 young (4096K), 2 survivors (4096K)
 Metaspace       used 42806K, committed 43328K, reserved 1089536K
  class space    used 5707K, committed 5952K, reserved 1048576K
}
Event: 6409.516 GC heap before
{Heap before GC invocations=143 (full 0):
 garbage-first heap   total 153600K, used 122760K [0x000000070ae00000, 0x0000000800000000)
  region size 2048K, 45 young (92160K), 2 survivors (4096K)
 Metaspace       used 42806K, committed 43328K, reserved 1089536K
  class space    used 5707K, committed 5952K, reserved 1048576K
}
Event: 6409.517 GC heap after
{Heap after GC invocations=144 (full 0):
 garbage-first heap   total 153600K, used 27765K [0x000000070ae00000, 0x0000000800000000)
  region size 2048K, 2 young (4096K), 2 survivors (4096K)
 Metaspace       used 42806K, committed 43328K, reserved 1089536K
  class space    used 5707K, committed 5952K, reserved 1048576K
}
Event: 6412.258 GC heap before
{Heap before GC invocations=144 (full 0):
 garbage-first heap   total 153600K, used 124021K [0x000000070ae00000, 0x0000000800000000)
  region size 2048K, 45 young (92160K), 2 survivors (4096K)
 Metaspace       used 42806K, committed 43328K, reserved 1089536K
  class space    used 5707K, committed 5952K, reserved 1048576K
}
Event: 6412.259 GC heap after
{Heap after GC invocations=145 (full 0):
 garbage-first heap   total 153600K, used 25588K [0x000000070ae00000, 0x0000000800000000)
  region size 2048K, 1 young (2048K), 1 survivors (2048K)
 Metaspace       used 42806K, committed 43328K, reserved 1089536K
  class space    used 5707K, committed 5952K, reserved 1048576K
}
Event: 6498.119 GC heap before
{Heap before GC invocations=145 (full 0):
 garbage-first heap   total 153600K, used 123892K [0x000000070ae00000, 0x0000000800000000)
  region size 2048K, 45 young (92160K), 1 survivors (2048K)
 Metaspace       used 42806K, committed 43328K, reserved 1089536K
  class space    used 5707K, committed 5952K, reserved 1048576K
}
Event: 6498.119 GC heap after
{Heap after GC invocations=146 (full 0):
 garbage-first heap   total 153600K, used 26518K [0x000000070ae00000, 0x0000000800000000)
  region size 2048K, 2 young (4096K), 2 survivors (4096K)
 Metaspace       used 42806K, committed 43328K, reserved 1089536K
  class space    used 5707K, committed 5952K, reserved 1048576K
}
Event: 6500.654 GC heap before
{Heap before GC invocations=146 (full 0):
 garbage-first heap   total 153600K, used 122774K [0x000000070ae00000, 0x0000000800000000)
  region size 2048K, 45 young (92160K), 2 survivors (4096K)
 Metaspace       used 42806K, committed 43328K, reserved 1089536K
  class space    used 5707K, committed 5952K, reserved 1048576K
}
Event: 6500.655 GC heap after
{Heap after GC invocations=147 (full 0):
 garbage-first heap   total 153600K, used 28206K [0x000000070ae00000, 0x0000000800000000)
  region size 2048K, 2 young (4096K), 2 survivors (4096K)
 Metaspace       used 42806K, committed 43328K, reserved 1089536K
  class space    used 5707K, committed 5952K, reserved 1048576K
}

Deoptimization events (12 events):
Event: 0.822 Thread 0x000002bcaabcd5d0 DEOPT PACKING pc=0x000002bcb436c3f9 sp=0x000000eed5bfd5d0
Event: 0.822 Thread 0x000002bcaabcd5d0 DEOPT UNPACKING pc=0x000002bcb3cd2b43 sp=0x000000eed5bfcab0 mode 3
Event: 0.918 Thread 0x000002bcaabcd5d0 DEOPT PACKING pc=0x000002bcb43ce355 sp=0x000000eed5bfe930
Event: 0.918 Thread 0x000002bcaabcd5d0 DEOPT UNPACKING pc=0x000002bcb3cd2b43 sp=0x000000eed5bfdde0 mode 3
Event: 1.591 Thread 0x000002bcaabcd5d0 DEOPT PACKING pc=0x000002bcb46a1465 sp=0x000000eed5bfd700
Event: 1.591 Thread 0x000002bcaabcd5d0 DEOPT UNPACKING pc=0x000002bcb3cd2b43 sp=0x000000eed5bfcc68 mode 3
Event: 1.968 Thread 0x000002bcaabcd5d0 DEOPT PACKING pc=0x000002bcb4379789 sp=0x000000eed5bfea80
Event: 1.968 Thread 0x000002bcaabcd5d0 DEOPT UNPACKING pc=0x000002bcb3cd2b43 sp=0x000000eed5bfdf10 mode 3
Event: 1.968 Thread 0x000002bcc6b65ec0 DEOPT PACKING pc=0x000002bcb434ff9f sp=0x000000eed87fefc0
Event: 1.968 Thread 0x000002bcc6b65ec0 DEOPT UNPACKING pc=0x000002bcb3cd2b43 sp=0x000000eed87fe418 mode 3
Event: 2818.275 Thread 0x000002bcc6be20b0 DEOPT PACKING pc=0x000002bcb4cad693 sp=0x000000eedf9f9ff0
Event: 2818.275 Thread 0x000002bcc6be20b0 DEOPT UNPACKING pc=0x000002bcb3cd2b43 sp=0x000000eedf9f9518 mode 3

Classes unloaded (0 events):
No events

Classes redefined (0 events):
No events

Internal exceptions (20 events):
Event: 2.484 Thread 0x000002bcaabcd5d0 Exception <a 'java/lang/NoSuchMethodError'{0x000000070d9a1800}: 'java.lang.Object java.lang.invoke.DirectMethodHandle$Holder.newInvokeSpecial(java.lang.Object, java.lang.Object, int, java.lang.Object, java.lang.Object)'> (0x000000070d9a1800) 
thrown [s\open\src\hotspot\share\interpreter\linkResolver.cpp, line 759]
Event: 5.294 Thread 0x000002bcc6bdfa30 Exception <a 'java/lang/NoSuchMethodError'{0x000000070d5e4e90}: 'java.lang.Object java.lang.invoke.DirectMethodHandle$Holder.invokeSpecial(java.lang.Object, java.lang.Object, java.lang.Object, java.lang.Object, java.lang.Object, long)'> (0x000000070d5e4e90) 
thrown [s\open\src\hotspot\share\interpreter\linkResolver.cpp, line 759]
Event: 5.294 Thread 0x000002bcc6bdfa30 Exception <a 'java/lang/NoSuchMethodError'{0x000000070d5e88d0}: 'java.lang.Object java.lang.invoke.Invokers$Holder.linkToTargetMethod(java.lang.Object, java.lang.Object, java.lang.Object, long, java.lang.Object)'> (0x000000070d5e88d0) 
thrown [s\open\src\hotspot\share\interpreter\linkResolver.cpp, line 759]
Event: 5.406 Thread 0x000002bcc6bdfa30 Exception <a 'java/lang/NoSuchMethodError'{0x000000071a3c7fd8}: 'java.lang.Object java.lang.invoke.DirectMethodHandle$Holder.invokeSpecialIFC(java.lang.Object, java.lang.Object, java.lang.Object)'> (0x000000071a3c7fd8) 
thrown [s\open\src\hotspot\share\interpreter\linkResolver.cpp, line 759]
Event: 5.406 Thread 0x000002bcc6bdfa30 Exception <a 'java/lang/NoSuchMethodError'{0x000000071a3de510}: 'java.lang.Object java.lang.invoke.Invokers$Holder.invoker(java.lang.Object, java.lang.Object, java.lang.Object)'> (0x000000071a3de510) 
thrown [s\open\src\hotspot\share\interpreter\linkResolver.cpp, line 759]
Event: 5.407 Thread 0x000002bcc6bdfa30 Exception <a 'java/lang/NoSuchMethodError'{0x000000071a3e7998}: 'java.lang.Object java.lang.invoke.Invokers$Holder.invokeExact_MT(java.lang.Object, java.lang.Object, java.lang.Object, java.lang.Object)'> (0x000000071a3e7998) 
thrown [s\open\src\hotspot\share\interpreter\linkResolver.cpp, line 759]
Event: 5.407 Thread 0x000002bcc6bdfa30 Exception <a 'java/lang/NoSuchMethodError'{0x000000071a3ebd30}: 'java.lang.Object java.lang.invoke.DirectMethodHandle$Holder.invokeSpecialIFC(java.lang.Object, java.lang.Object, java.lang.Object, int)'> (0x000000071a3ebd30) 
thrown [s\open\src\hotspot\share\interpreter\linkResolver.cpp, line 759]
Event: 5.407 Thread 0x000002bcc6bdfa30 Exception <a 'java/lang/NoSuchMethodError'{0x000000071a3f3998}: 'java.lang.Object java.lang.invoke.Invokers$Holder.invoker(java.lang.Object, java.lang.Object, java.lang.Object, java.lang.Object)'> (0x000000071a3f3998) 
thrown [s\open\src\hotspot\share\interpreter\linkResolver.cpp, line 759]
Event: 5.407 Thread 0x000002bcc6bdfa30 Exception <a 'java/lang/NoSuchMethodError'{0x000000071a3fd3b8}: 'int java.lang.invoke.DirectMethodHandle$Holder.invokeStatic(java.lang.Object, java.lang.Object, int)'> (0x000000071a3fd3b8) 
thrown [s\open\src\hotspot\share\interpreter\linkResolver.cpp, line 759]
Event: 5.408 Thread 0x000002bcc6bdfa30 Exception <a 'java/lang/NoSuchMethodError'{0x0000000715a016f8}: 'int java.lang.invoke.DirectMethodHandle$Holder.invokeSpecial(java.lang.Object, java.lang.Object, java.lang.Object, int)'> (0x0000000715a016f8) 
thrown [s\open\src\hotspot\share\interpreter\linkResolver.cpp, line 759]
Event: 5.408 Thread 0x000002bcc6bdfa30 Exception <a 'java/lang/NoSuchMethodError'{0x0000000715a13d18}: 'java.lang.Object java.lang.invoke.DirectMethodHandle$Holder.invokeStatic(java.lang.Object, java.lang.Object, java.lang.Object, java.lang.Object, int)'> (0x0000000715a13d18) 
thrown [s\open\src\hotspot\share\interpreter\linkResolver.cpp, line 759]
Event: 5.437 Thread 0x000002bcc6bdfa30 Exception <a 'java/lang/ClassNotFoundException'{0x00000007158bcb68}: java/util/MapBeanInfo> (0x00000007158bcb68) 
thrown [s\open\src\hotspot\share\classfile\systemDictionary.cpp, line 256]
Event: 5.438 Thread 0x000002bcc6bdfa30 Exception <a 'java/lang/ClassNotFoundException'{0x00000007158c1f78}: java/util/MapCustomizer> (0x00000007158c1f78) 
thrown [s\open\src\hotspot\share\classfile\systemDictionary.cpp, line 256]
Event: 5.564 Thread 0x000002bcc6bdfa30 Exception <a 'java/lang/NoSuchMethodError'{0x000000070d4e7570}: 'java.lang.Object java.lang.invoke.DirectMethodHandle$Holder.invokeStaticInit(java.lang.Object, java.lang.Object, java.lang.Object, java.lang.Object)'> (0x000000070d4e7570) 
thrown [s\open\src\hotspot\share\interpreter\linkResolver.cpp, line 759]
Event: 5.666 Thread 0x000002bcc6bdfa30 Exception <a 'sun/nio/fs/WindowsException'{0x000000070cee6000}> (0x000000070cee6000) 
thrown [s\open\src\hotspot\share\prims\jni.cpp, line 516]
Event: 19.396 Thread 0x000002bcc6bdff00 Exception <a 'java/lang/ClassNotFoundException'{0x00000007159b2890}: sun/awt/resources/spi/awtProvider> (0x00000007159b2890) 
thrown [s\open\src\hotspot\share\classfile\systemDictionary.cpp, line 256]
Event: 19.406 Thread 0x000002bcc6bdff00 Exception <a 'java/io/FileNotFoundException'{0x00000007159bd158}> (0x00000007159bd158) 
thrown [s\open\src\hotspot\share\prims\jni.cpp, line 516]
Event: 19.406 Thread 0x000002bcc6bdff00 Exception <a 'java/io/FileNotFoundException'{0x00000007159bef10}> (0x00000007159bef10) 
thrown [s\open\src\hotspot\share\prims\jni.cpp, line 516]
Event: 1761.911 Thread 0x000002bcc6ecfc50 Exception <a 'java/lang/NoSuchMethodError'{0x000000070f06b200}: 'void java.lang.invoke.DirectMethodHandle$Holder.invokeInterface(java.lang.Object, java.lang.Object)'> (0x000000070f06b200) 
thrown [s\open\src\hotspot\share\interpreter\linkResolver.cpp, line 759]
Event: 2558.763 Thread 0x000002bcc6be20b0 Exception <a 'java/io/IOException'{0x0000000711f699e0}> (0x0000000711f699e0) 
thrown [s\open\src\hotspot\share\prims\jni.cpp, line 516]

VM Operations (20 events):
Event: 5907.319 Executing VM operation: G1CollectForAllocation
Event: 5907.320 Executing VM operation: G1CollectForAllocation done
Event: 6272.802 Executing VM operation: G1CollectForAllocation
Event: 6272.803 Executing VM operation: G1CollectForAllocation done
Event: 6274.662 Executing VM operation: G1CollectForAllocation
Event: 6274.663 Executing VM operation: G1CollectForAllocation done
Event: 6277.158 Executing VM operation: G1CollectForAllocation
Event: 6277.160 Executing VM operation: G1CollectForAllocation done
Event: 6279.672 Executing VM operation: G1CollectForAllocation
Event: 6279.672 Executing VM operation: G1CollectForAllocation done
Event: 6282.150 Executing VM operation: G1CollectForAllocation
Event: 6282.151 Executing VM operation: G1CollectForAllocation done
Event: 6409.516 Executing VM operation: G1CollectForAllocation
Event: 6409.517 Executing VM operation: G1CollectForAllocation done
Event: 6412.258 Executing VM operation: G1CollectForAllocation
Event: 6412.259 Executing VM operation: G1CollectForAllocation done
Event: 6498.119 Executing VM operation: G1CollectForAllocation
Event: 6498.119 Executing VM operation: G1CollectForAllocation done
Event: 6500.654 Executing VM operation: G1CollectForAllocation
Event: 6500.655 Executing VM operation: G1CollectForAllocation done

Events (20 events):
Event: 5776.787 Thread 0x000002bcc503a7e0 Thread added: 0x000002bcc503a7e0
Event: 5776.788 Thread 0x000002bcddf21010 Thread added: 0x000002bcddf21010
Event: 5776.788 Thread 0x000002bcc73a13b0 Thread added: 0x000002bcc73a13b0
Event: 5776.788 Thread 0x000002bcc73a18c0 Thread added: 0x000002bcc73a18c0
Event: 5776.788 Thread 0x000002bcc6ff6ba0 Thread added: 0x000002bcc6ff6ba0
Event: 5776.788 Thread 0x000002bcc6ff70b0 Thread added: 0x000002bcc6ff70b0
Event: 5776.788 Thread 0x000002bcddaaf590 Thread added: 0x000002bcddaaf590
Event: 5781.795 Thread 0x000002bcddaaf590 Thread exited: 0x000002bcddaaf590
Event: 5786.811 Thread 0x000002bcc6ff6ba0 Thread exited: 0x000002bcc6ff6ba0
Event: 5786.811 Thread 0x000002bcc73a18c0 Thread exited: 0x000002bcc73a18c0
Event: 5786.811 Thread 0x000002bcc6ff70b0 Thread exited: 0x000002bcc6ff70b0
Event: 5790.837 Thread 0x000002bcc73a13b0 Thread exited: 0x000002bcc73a13b0
Event: 5793.238 Thread 0x000002bcddf21010 Thread exited: 0x000002bcddf21010
Event: 5797.861 Thread 0x000002bcc7243e40 Thread exited: 0x000002bcc7243e40
Event: 5797.861 Thread 0x000002bcc503a7e0 Thread exited: 0x000002bcc503a7e0
Event: 5798.343 Thread 0x000002bcc72028c0 Thread exited: 0x000002bcc72028c0
Event: 5798.343 Thread 0x000002bcc6d0ae80 Thread exited: 0x000002bcc6d0ae80
Event: 5798.428 Thread 0x000002bcde1fe9e0 Thread exited: 0x000002bcde1fe9e0
Event: 5798.937 Thread 0x000002bcc73a13b0 Thread added: 0x000002bcc73a13b0
Event: 5804.251 Thread 0x000002bcc73a13b0 Thread exited: 0x000002bcc73a13b0


Dynamic libraries:
0x00007ff727500000 - 0x00007ff727510000 	C:\Program Files\Java\jdk-17\bin\java.exe
0x00007ffbecd30000 - 0x00007ffbecf26000 	C:\Windows\SYSTEM32\ntdll.dll
0x00007ffbeaf80000 - 0x00007ffbeb03d000 	C:\Windows\System32\KERNEL32.DLL
0x00007ffbea790000 - 0x00007ffbeaa58000 	C:\Windows\System32\KERNELBASE.dll
0x00007ffbeac90000 - 0x00007ffbead90000 	C:\Windows\System32\ucrtbase.dll
0x00007ffbe1a20000 - 0x00007ffbe1a3b000 	C:\Program Files\Java\jdk-17\bin\VCRUNTIME140.dll
0x00007ffbe1b40000 - 0x00007ffbe1b59000 	C:\Program Files\Java\jdk-17\bin\jli.dll
0x00007ffbec1d0000 - 0x00007ffbec27c000 	C:\Windows\System32\ADVAPI32.dll
0x00007ffbec130000 - 0x00007ffbec1ce000 	C:\Windows\System32\msvcrt.dll
0x00007ffbec2e0000 - 0x00007ffbec37b000 	C:\Windows\System32\sechost.dll
0x00007ffbeb220000 - 0x00007ffbeb344000 	C:\Windows\System32\RPCRT4.dll
0x00007ffbebac0000 - 0x00007ffbebc60000 	C:\Windows\System32\USER32.dll
0x00007ffbeaa60000 - 0x00007ffbeaa82000 	C:\Windows\System32\win32u.dll
0x00007ffbeccc0000 - 0x00007ffbeccea000 	C:\Windows\System32\GDI32.dll
0x00007ffbea470000 - 0x00007ffbea579000 	C:\Windows\System32\gdi32full.dll
0x00007ffbd0150000 - 0x00007ffbd03eb000 	C:\Windows\WinSxS\amd64_microsoft.windows.common-controls_6595b64144ccf1df_6.0.19041.488_none_ca04af081b815d21\COMCTL32.dll
0x00007ffbeabf0000 - 0x00007ffbeac8d000 	C:\Windows\System32\msvcp_win.dll
0x00007ffbe2360000 - 0x00007ffbe236a000 	C:\Windows\SYSTEM32\VERSION.dll
0x00007ffbec100000 - 0x00007ffbec130000 	C:\Windows\System32\IMM32.DLL
0x00007ffbe1b30000 - 0x00007ffbe1b3c000 	C:\Program Files\Java\jdk-17\bin\vcruntime140_1.dll
0x00007ffbbb4a0000 - 0x00007ffbbb52e000 	C:\Program Files\Java\jdk-17\bin\msvcp140.dll
0x00007ffba5dd0000 - 0x00007ffba69ad000 	C:\Program Files\Java\jdk-17\bin\server\jvm.dll
0x00007ffbeb900000 - 0x00007ffbeb908000 	C:\Windows\System32\PSAPI.DLL
0x00007ffbe4bc0000 - 0x00007ffbe4bc9000 	C:\Windows\SYSTEM32\WSOCK32.dll
0x00007ffbe0b40000 - 0x00007ffbe0b67000 	C:\Windows\SYSTEM32\WINMM.dll
0x00007ffbebfc0000 - 0x00007ffbec02b000 	C:\Windows\System32\WS2_32.dll
0x00007ffbe8d50000 - 0x00007ffbe8d62000 	C:\Windows\SYSTEM32\kernel.appcore.dll
0x00007ffbe1ae0000 - 0x00007ffbe1aea000 	C:\Program Files\Java\jdk-17\bin\jimage.dll
0x00007ffbe8b00000 - 0x00007ffbe8ce4000 	C:\Windows\SYSTEM32\DBGHELP.DLL
0x00007ffbd2d10000 - 0x00007ffbd2d3c000 	C:\Windows\SYSTEM32\dbgcore.DLL
0x00007ffbea580000 - 0x00007ffbea5ff000 	C:\Windows\System32\bcryptPrimitives.dll
0x00007ffbe18f0000 - 0x00007ffbe18fe000 	C:\Program Files\Java\jdk-17\bin\instrument.dll
0x00007ffbd1330000 - 0x00007ffbd1355000 	C:\Program Files\Java\jdk-17\bin\java.dll
0x00007ffbb1f40000 - 0x00007ffbb2017000 	C:\Program Files\Java\jdk-17\bin\jsvml.dll
0x00007ffbec570000 - 0x00007ffbeccb1000 	C:\Windows\System32\SHELL32.dll
0x00007ffbe8290000 - 0x00007ffbe8a25000 	C:\Windows\SYSTEM32\windows.storage.dll
0x00007ffbebc60000 - 0x00007ffbebfb5000 	C:\Windows\System32\combase.dll
0x00007ffbe9e70000 - 0x00007ffbe9e9c000 	C:\Windows\SYSTEM32\Wldp.dll
0x00007ffbeb850000 - 0x00007ffbeb8fe000 	C:\Windows\System32\SHCORE.dll
0x00007ffbeae00000 - 0x00007ffbeae55000 	C:\Windows\System32\shlwapi.dll
0x00007ffbea3a0000 - 0x00007ffbea3c6000 	C:\Windows\SYSTEM32\profapi.dll
0x00007ffbd19a0000 - 0x00007ffbd19b8000 	C:\Program Files\Java\jdk-17\bin\zip.dll
0x00007ffbe0ae0000 - 0x00007ffbe0af9000 	C:\Program Files\Java\jdk-17\bin\net.dll
0x00007ffbe4f10000 - 0x00007ffbe5010000 	C:\Windows\SYSTEM32\WINHTTP.dll
0x00007ffbe9bf0000 - 0x00007ffbe9c5a000 	C:\Windows\system32\mswsock.dll
0x00007ffbd3240000 - 0x00007ffbd3256000 	C:\Program Files\Java\jdk-17\bin\nio.dll
0x00007ffbd1620000 - 0x00007ffbd163a000 	F:\DevTools\Java\IntelliJ IDEA 2021.1\bin\breakgen64.dll
0x00007ffbe98c0000 - 0x00007ffbe998b000 	C:\Windows\SYSTEM32\DNSAPI.dll
0x00007ffbe9880000 - 0x00007ffbe98bb000 	C:\Windows\SYSTEM32\IPHLPAPI.DLL
0x00007ffbead90000 - 0x00007ffbead98000 	C:\Windows\System32\NSI.dll
0x00007ffbe3590000 - 0x00007ffbe359a000 	C:\Windows\System32\rasadhlp.dll
0x00007ffbe1240000 - 0x00007ffbe12bf000 	C:\Windows\System32\fwpuclnt.dll
0x00007ffbea600000 - 0x00007ffbea627000 	C:\Windows\System32\bcrypt.dll
0x00007ffbd72b0000 - 0x00007ffbd72ba000 	C:\Program Files\Java\jdk-17\bin\management.dll
0x00007ffbd3580000 - 0x00007ffbd358b000 	C:\Program Files\Java\jdk-17\bin\management_ext.dll
0x00007ffbe9dc0000 - 0x00007ffbe9dd8000 	C:\Windows\SYSTEM32\CRYPTSP.dll
0x00007ffbe9520000 - 0x00007ffbe9554000 	C:\Windows\system32\rsaenh.dll
0x00007ffbea320000 - 0x00007ffbea34e000 	C:\Windows\SYSTEM32\USERENV.dll
0x00007ffbe9de0000 - 0x00007ffbe9dec000 	C:\Windows\SYSTEM32\CRYPTBASE.dll
0x00007ffbe3b80000 - 0x00007ffbe3b97000 	C:\Windows\SYSTEM32\dhcpcsvc6.DLL
0x00007ffbe3ab0000 - 0x00007ffbe3acd000 	C:\Windows\SYSTEM32\dhcpcsvc.DLL
0x00007ffbc5340000 - 0x00007ffbc5357000 	C:\Windows\system32\napinsp.dll
0x00007ffbc52f0000 - 0x00007ffbc530b000 	C:\Windows\system32\pnrpnsp.dll
0x00007ffbe5140000 - 0x00007ffbe5155000 	C:\Windows\system32\wshbth.dll
0x00007ffbe5bb0000 - 0x00007ffbe5bcd000 	C:\Windows\system32\NLAapi.dll
0x00007ffbc4340000 - 0x00007ffbc4352000 	C:\Windows\System32\winrnr.dll
0x00007ffbd1320000 - 0x00007ffbd132d000 	C:\Program Files\Java\jdk-17\bin\sunmscapi.dll
0x00007ffbea630000 - 0x00007ffbea78d000 	C:\Windows\System32\CRYPT32.dll
0x00007ffbe9ee0000 - 0x00007ffbe9f07000 	C:\Windows\SYSTEM32\ncrypt.dll
0x00007ffbe9ea0000 - 0x00007ffbe9edb000 	C:\Windows\SYSTEM32\NTASN1.dll
0x0000000180000000 - 0x0000000180288000 	F:\DevTools\apache-tomcat-9.0.65\bin\tcnative-1.dll
0x00007ffb74d20000 - 0x00007ffb77b5d000 	F:\face_recognition_check-in_system\face_check-in_BE\src\main\resources\libs\WIN64\libarcsoft_face.dll
0x00007ffbc6670000 - 0x00007ffbc675f000 	C:\Windows\SYSTEM32\MSVCR120.dll
0x00007ffbc6570000 - 0x00007ffbc6616000 	C:\Windows\SYSTEM32\MSVCP120.dll
0x00007ffbb9c90000 - 0x00007ffbb9d0f000 	F:\face_recognition_check-in_system\face_check-in_BE\src\main\resources\libs\WIN64\libarcsoft_face_engine.dll
0x00007ffbec510000 - 0x00007ffbec566000 	C:\Windows\System32\WLDAP32.dll
0x00007ffbcb4a0000 - 0x00007ffbcb4c5000 	F:\face_recognition_check-in_system\face_check-in_BE\src\main\resources\libs\WIN64\libarcsoft_face_engine_jni.dll
0x00007ffbd1310000 - 0x00007ffbd1317000 	C:\Windows\system32\wshunix.dll
0x00007ffba5880000 - 0x00007ffba5a11000 	C:\Program Files\Java\jdk-17\bin\awt.dll
0x00007ffbec030000 - 0x00007ffbec0fd000 	C:\Windows\System32\OLEAUT32.dll
0x00007ffbe7a00000 - 0x00007ffbe7a90000 	C:\Windows\SYSTEM32\apphelp.dll
0x00007ffbcb0c0000 - 0x00007ffbcb0ee000 	C:\Program Files\Java\jdk-17\bin\javajpeg.dll
0x00007ffbca290000 - 0x00007ffbca2d4000 	C:\Program Files\Java\jdk-17\bin\lcms.dll

dbghelp: loaded successfully - version: 4.0.5 - missing functions: none
symbol engine: initialized successfully - sym options: 0x614 - pdb path: .;C:\Program Files\Java\jdk-17\bin;C:\Windows\SYSTEM32;C:\Windows\WinSxS\amd64_microsoft.windows.common-controls_6595b64144ccf1df_6.0.19041.488_none_ca04af081b815d21;C:\Program Files\Java\jdk-17\bin\server;F:\DevTools\Java\IntelliJ IDEA 2021.1\bin;F:\DevTools\apache-tomcat-9.0.65\bin;F:\face_recognition_check-in_system\face_check-in_BE\src\main\resources\libs\WIN64

VM Arguments:
jvm_args: -XX:TieredStopAtLevel=1 -Xverify:none -Dspring.output.ansi.enabled=always -javaagent:F:\DevTools\Java\IntelliJ IDEA 2021.1\lib\idea_rt.jar=1434:F:\DevTools\Java\IntelliJ IDEA 2021.1\bin -Dcom.sun.management.jmxremote -Dspring.jmx.enabled=true -Dspring.liveBeansView.mbeanDomain -Dspring.application.admin.enabled=true -Dfile.encoding=UTF-8 
java_command: com.lh.face_checkin_be.FaceCheckInBeApplication
java_class_path (initial): F:\face_recognition_check-in_system\face_check-in_BE\target\classes;C:\Users\Administrator\.m2\repository\org\springframework\boot\spring-boot-starter-web\3.4.2\spring-boot-starter-web-3.4.2.jar;C:\Users\Administrator\.m2\repository\org\springframework\boot\spring-boot-starter-json\3.4.2\spring-boot-starter-json-3.4.2.jar;C:\Users\Administrator\.m2\repository\com\fasterxml\jackson\datatype\jackson-datatype-jdk8\2.18.2\jackson-datatype-jdk8-2.18.2.jar;C:\Users\Administrator\.m2\repository\com\fasterxml\jackson\datatype\jackson-datatype-jsr310\2.18.2\jackson-datatype-jsr310-2.18.2.jar;C:\Users\Administrator\.m2\repository\com\fasterxml\jackson\module\jackson-module-parameter-names\2.18.2\jackson-module-parameter-names-2.18.2.jar;C:\Users\Administrator\.m2\repository\org\springframework\boot\spring-boot-starter-tomcat\3.4.2\spring-boot-starter-tomcat-3.4.2.jar;C:\Users\Administrator\.m2\repository\org\apache\tomcat\embed\tomcat-embed-core\10.1.34\tomcat-embed-core-10.1.34.jar;C:\Users\Administrator\.m2\repository\org\apache\tomcat\embed\tomcat-embed-el\10.1.34\tomcat-embed-el-10.1.34.jar;C:\Users\Administrator\.m2\repository\org\apache\tomcat\embed\tomcat-embed-websocket\10.1.34\tomcat-embed-websocket-10.1.34.jar;C:\Users\Administrator\.m2\repository\org\springframework\spring-web\6.2.2\spring-web-6.2.2.jar;C:\Users\Administrator\.m2\repository\org\springframework\spring-beans\6.2.2\spring-beans-6.2.2.jar;C:\Users\Administrator\.m2\repository\io\micrometer\micrometer-observation\1.14.3\micrometer-observation-1.14.3.jar;C:\Users\Administrator\.m2\repository\io\micrometer\micrometer-commons\1.14.3\micrometer-commons-1.14.3.jar;C:\Users\Administrator\.m2\repository\org\springframework\spring-webmvc\6.2.2\spring-webmvc-6.2.2.jar;C:\Users\Administrator\.m2\repository\org\springframework\spring-expression\6.2.2\spring-expression-6.2.2.jar;C:\Users\Administrator\.m2\repository\org\springframework\boot\spring-boot-starter\3.4.2\spring-boot-starter-
Launcher Type: SUN_STANDARD

[Global flags]
     intx CICompilerCount                          = 12                                        {product} {ergonomic}
     uint ConcGCThreads                            = 3                                         {product} {ergonomic}
     uint G1ConcRefinementThreads                  = 13                                        {product} {ergonomic}
   size_t G1HeapRegionSize                         = 2097152                                   {product} {ergonomic}
    uintx GCDrainStackTargetSize                   = 64                                        {product} {ergonomic}
   size_t InitialHeapSize                          = 257949696                                 {product} {ergonomic}
     bool ManagementServer                         = true                                      {product} {command line}
   size_t MarkStackSize                            = 4194304                                   {product} {ergonomic}
   size_t MaxHeapSize                              = 4112515072                                {product} {ergonomic}
   size_t MaxNewSize                               = 2466250752                                {product} {ergonomic}
   size_t MinHeapDeltaBytes                        = 2097152                                   {product} {ergonomic}
   size_t MinHeapSize                              = 8388608                                   {product} {ergonomic}
    uintx NonProfiledCodeHeapSize                  = 0                                      {pd product} {ergonomic}
     bool ProfileInterpreter                       = false                                  {pd product} {command line}
    uintx ProfiledCodeHeapSize                     = 0                                      {pd product} {ergonomic}
   size_t SoftMaxHeapSize                          = 4112515072                             {manageable} {ergonomic}
     intx TieredStopAtLevel                        = 1                                         {product} {command line}
     bool UseCompressedClassPointers               = true                           {product lp64_product} {ergonomic}
     bool UseCompressedOops                        = true                           {product lp64_product} {ergonomic}
     bool UseG1GC                                  = true                                      {product} {ergonomic}
     bool UseLargePagesIndividualAllocation        = false                                  {pd product} {ergonomic}

Logging:
Log output configuration:
 #0: stdout all=warning uptime,level,tags
 #1: stderr all=off uptime,level,tags

Environment Variables:
JAVA_HOME=C:\Program Files\Java\jdk-17
CLASSPATH=.;C:\Program Files\Java\jdk-17\lib;C:\Program Files\Java\jdk-17\lib\tools.jar
PATH=C:\windows\system32;C:\Program Files\Java\jdk-17\bin;C:\Program Files\Java\jdk-17\jre\bin;C:\Program Files\Common Files\Oracle\Java\javapath;C:\Program Files (x86)\Common Files\Oracle\Java\javapath;C:\Program Files (x86)\VMware\VMware Workstation\bin\;C:\Ruby32-x64\bin;C:\Program Files\Java\jdk-17\bin;F:\MariaDB\bin;C:\Python27\Python;D:\software\EasyShare\x86\;D:\software\EasyShare\x64\;C:\Program Files (x86)\dotnet\;F:\DevTools\apache-maven-3.6.1\bin;C:\Windows;C:\Windows\System32\OpenSSH;C:\Windows\System32\Wbem;C:\Windows\System32\WindowsPowerShell\v1.0;F:\DevTools\node.js\;F:\DevTools\Dev-Cpp\MinGW64\bin;F:\DevTools\apache-tomcat-9.0.65\bin;C:\Program Files\dotnet\;C:\Program Files\kotlin-compiler-1.9.22\kotlinc\bin;F:\DevTools\.gradle \bin;F:\DevTools\fpc\bin\i386-Win32;C:\Program Files\Microsoft SQL Server\130\Tools\Binn\;C:\Program Files (x86)\Microsoft SQL Server\160\Tools\Binn\;C:\Program Files\Microsoft SQL Server\160\Tools\Binn\;C:\Program Files\Microsoft SQL Server\Client SDK\ODBC\170\Tools\Binn\;C:\Program Files\Microsoft SQL Server\160\DTS\Binn\;C:\Program Files (x86)\Microsoft SQL Server\160\DTS\Binn\;D:\mysql\mysql-5.7.19-winx64\bin;F:\DevTools\Python\Scripts\;F:\DevTools\Python\;C:\Users\Administrator\AppData\Local\Microsoft\WindowsApps;F:\DevTools\Java\IntelliJ IDEA 2021.1\bin;;C:\Users\Administrator\AppData\Roaming\npm;F:\DevTools\Microsoft VS Code\bin
USERNAME=Administrator
OS=Windows_NT
PROCESSOR_IDENTIFIER=AMD64 Family 25 Model 80 Stepping 0, AuthenticAMD



---------------  S Y S T E M  ---------------

OS:
 Windows 10 , 64 bit Build 19041 (10.0.19041.546)
OS uptime: 0 days 8:34 hours

CPU: total 16 (initial active 16) (16 cores per cpu, 2 threads per core) family 25 model 80 stepping 0 microcode 0x0, cx8, cmov, fxsr, ht, mmx, 3dnowpref, sse, sse2, sse3, ssse3, sse4a, sse4.1, sse4.2, popcnt, lzcnt, tsc, tscinvbit, avx, avx2, aes, erms, clmul, bmi1, bmi2, adx, sha, fma, vzeroupper, clflush, clflushopt

Memory: 4k page, system-wide physical 15681M (4794M free)
TotalPageFile size 18845M (AvailPageFile size 2817M)
current process WorkingSet (physical memory assigned to process): 242M, peak: 401M
current process commit charge ("private bytes"): 688M, peak: 691M

vm_info: Java HotSpot(TM) 64-Bit Server VM (17.0.7+8-LTS-224) for windows-amd64 JRE (17.0.7+8-LTS-224), built on Feb 28 2023 23:03:02 by "mach5one" with MS VC++ 17.1 (VS2022)

END.
