#
# A fatal error has been detected by the Java Runtime Environment:
#
#  EXCEPTION_ACCESS_VIOLATION (0xc0000005) at pc=0x00007ffb74d40630, pid=17028, tid=14068
#
# JRE version: Java(TM) SE Runtime Environment (17.0.7+8) (build 17.0.7+8-LTS-224)
# Java VM: Java HotSpot(TM) 64-Bit Server VM (17.0.7+8-LTS-224, mixed mode, emulated-client, sharing, tiered, compressed oops, compressed class ptrs, g1 gc, windows-amd64)
# Problematic frame:
# C  [libarcsoft_face.dll+0x20630]
#
# No core dump will be written. Minidumps are not enabled by default on client versions of Windows
#
# If you would like to submit a bug report, please visit:
#   https://bugreport.java.com/bugreport/crash.jsp
# The crash happened outside the Java Virtual Machine in native code.
# See problematic frame for where to report the bug.
#

---------------  S U M M A R Y ------------

Command Line: -XX:TieredStopAtLevel=1 -Xverify:none -Dspring.output.ansi.enabled=always -javaagent:F:\DevTools\Java\IntelliJ IDEA 2021.1\lib\idea_rt.jar=7574:F:\DevTools\Java\IntelliJ IDEA 2021.1\bin -Dcom.sun.management.jmxremote -Dspring.jmx.enabled=true -Dspring.liveBeansView.mbeanDomain -Dspring.application.admin.enabled=true -Dfile.encoding=UTF-8 com.lh.face_checkin_be.FaceCheckInBeApplication

Host: AMD Ryzen 7 5800U with Radeon Graphics         , 16 cores, 15G,  Windows 10 , 64 bit Build 19041 (10.0.19041.546)
Time: Mon Feb 10 17:59:57 2025 China Standard Time elapsed time: 46.540207 seconds (0d 0h 0m 46s)

---------------  T H R E A D  ---------------

Current thread (0x0000018c45afaca0):  JavaThread "http-nio-3007-exec-8" daemon [_thread_in_native, id=14068, stack(0x0000008096000000,0x0000008096100000)]

Stack: [0x0000008096000000,0x0000008096100000],  sp=0x00000080960fa440,  free space=1001k
Native frames: (J=compiled Java code, j=interpreted, Vv=VM code, C=native code)
C  [libarcsoft_face.dll+0x20630]

Java frames: (J=compiled Java code, j=interpreted, Vv=VM code)
j  com.arcsoft.face.FaceEngine.detectFaces(J[BIIII[Lcom/arcsoft/face/FaceInfo;)I+0
j  com.arcsoft.face.FaceEngine.detectFaces([BIILcom/arcsoft/face/enums/ImageFormat;Lcom/arcsoft/face/enums/DetectModel;Ljava/util/List;)I+107
j  com.arcsoft.face.FaceEngine.detectFaces([BIILcom/arcsoft/face/enums/ImageFormat;Ljava/util/List;)I+11
j  com.lh.face_checkin_be.service.impl.upload.CameraPictureServiceImpl.getFaceFeatures(Ljava/lang/String;)Ljava/lang/String;+70
j  com.lh.face_checkin_be.service.impl.upload.CameraPictureServiceImpl.checkImage(Ljava/lang/String;)Lorg/springframework/http/ResponseEntity;+21
j  com.lh.face_checkin_be.controller.upload.CameraPictureController.uploadImage(Ljava/util/Map;)Lorg/springframework/http/ResponseEntity;+96
v  ~StubRoutines::call_stub
J 4520  jdk.internal.reflect.NativeMethodAccessorImpl.invoke0(Ljava/lang/reflect/Method;Ljava/lang/Object;[Ljava/lang/Object;)Ljava/lang/Object; java.base@17.0.7 (0 bytes) @ 0x0000018c3590c9a7 [0x0000018c3590c920+0x0000000000000087]
J 4519 c1 jdk.internal.reflect.NativeMethodAccessorImpl.invoke(Ljava/lang/Object;[Ljava/lang/Object;)Ljava/lang/Object; java.base@17.0.7 (137 bytes) @ 0x0000018c3590d1cc [0x0000018c3590ce80+0x000000000000034c]
J 4316 c1 jdk.internal.reflect.DelegatingMethodAccessorImpl.invoke(Ljava/lang/Object;[Ljava/lang/Object;)Ljava/lang/Object; java.base@17.0.7 (10 bytes) @ 0x0000018c358bb8e4 [0x0000018c358bb8a0+0x0000000000000044]
J 4333 c1 java.lang.reflect.Method.invoke(Ljava/lang/Object;[Ljava/lang/Object;)Ljava/lang/Object; java.base@17.0.7 (65 bytes) @ 0x0000018c358c096c [0x0000018c358c0860+0x000000000000010c]
j  org.springframework.web.method.support.InvocableHandlerMethod.doInvoke([Ljava/lang/Object;)Ljava/lang/Object;+55
j  org.springframework.web.method.support.InvocableHandlerMethod.invokeForRequest(Lorg/springframework/web/context/request/NativeWebRequest;Lorg/springframework/web/method/support/ModelAndViewContainer;[Ljava/lang/Object;)Ljava/lang/Object;+82
j  org.springframework.web.servlet.mvc.method.annotation.ServletInvocableHandlerMethod.invokeAndHandle(Lorg/springframework/web/context/request/ServletWebRequest;Lorg/springframework/web/method/support/ModelAndViewContainer;[Ljava/lang/Object;)V+4
j  org.springframework.web.servlet.mvc.method.annotation.RequestMappingHandlerAdapter.invokeHandlerMethod(Ljakarta/servlet/http/HttpServletRequest;Ljakarta/servlet/http/HttpServletResponse;Lorg/springframework/web/method/HandlerMethod;)Lorg/springframework/web/servlet/ModelAndView;+309
j  org.springframework.web.servlet.mvc.method.annotation.RequestMappingHandlerAdapter.handleInternal(Ljakarta/servlet/http/HttpServletRequest;Ljakarta/servlet/http/HttpServletResponse;Lorg/springframework/web/method/HandlerMethod;)Lorg/springframework/web/servlet/ModelAndView;+81
j  org.springframework.web.servlet.mvc.method.AbstractHandlerMethodAdapter.handle(Ljakarta/servlet/http/HttpServletRequest;Ljakarta/servlet/http/HttpServletResponse;Ljava/lang/Object;)Lorg/springframework/web/servlet/ModelAndView;+7
j  org.springframework.web.servlet.DispatcherServlet.doDispatch(Ljakarta/servlet/http/HttpServletRequest;Ljakarta/servlet/http/HttpServletResponse;)V+304
j  org.springframework.web.servlet.DispatcherServlet.doService(Ljakarta/servlet/http/HttpServletRequest;Ljakarta/servlet/http/HttpServletResponse;)V+242
j  org.springframework.web.servlet.FrameworkServlet.processRequest(Ljakarta/servlet/http/HttpServletRequest;Ljakarta/servlet/http/HttpServletResponse;)V+70
j  org.springframework.web.servlet.FrameworkServlet.doPost(Ljakarta/servlet/http/HttpServletRequest;Ljakarta/servlet/http/HttpServletResponse;)V+3
j  jakarta.servlet.http.HttpServlet.service(Ljakarta/servlet/http/HttpServletRequest;Ljakarta/servlet/http/HttpServletResponse;)V+150
j  org.springframework.web.servlet.FrameworkServlet.service(Ljakarta/servlet/http/HttpServletRequest;Ljakarta/servlet/http/HttpServletResponse;)V+20
j  jakarta.servlet.http.HttpServlet.service(Ljakarta/servlet/ServletRequest;Ljakarta/servlet/ServletResponse;)V+37
j  org.apache.catalina.core.ApplicationFilterChain.internalDoFilter(Ljakarta/servlet/ServletRequest;Ljakarta/servlet/ServletResponse;)V+300
j  org.apache.catalina.core.ApplicationFilterChain.doFilter(Ljakarta/servlet/ServletRequest;Ljakarta/servlet/ServletResponse;)V+99
j  org.apache.tomcat.websocket.server.WsFilter.doFilter(Ljakarta/servlet/ServletRequest;Ljakarta/servlet/ServletResponse;Ljakarta/servlet/FilterChain;)V+21
j  org.apache.catalina.core.ApplicationFilterChain.internalDoFilter(Ljakarta/servlet/ServletRequest;Ljakarta/servlet/ServletResponse;)V+130
j  org.apache.catalina.core.ApplicationFilterChain.doFilter(Ljakarta/servlet/ServletRequest;Ljakarta/servlet/ServletResponse;)V+99
j  org.springframework.web.filter.OncePerRequestFilter.doFilter(Ljakarta/servlet/ServletRequest;Ljakarta/servlet/ServletResponse;Ljakarta/servlet/FilterChain;)V+125
j  org.apache.catalina.core.ApplicationFilterChain.internalDoFilter(Ljakarta/servlet/ServletRequest;Ljakarta/servlet/ServletResponse;)V+130
j  org.apache.catalina.core.ApplicationFilterChain.doFilter(Ljakarta/servlet/ServletRequest;Ljakarta/servlet/ServletResponse;)V+99
j  com.lh.face_checkin_be.config.CorsConfig.doFilter(Ljakarta/servlet/ServletRequest;Ljakarta/servlet/ServletResponse;Ljakarta/servlet/FilterChain;)V+115
j  org.apache.catalina.core.ApplicationFilterChain.internalDoFilter(Ljakarta/servlet/ServletRequest;Ljakarta/servlet/ServletResponse;)V+130
j  org.apache.catalina.core.ApplicationFilterChain.doFilter(Ljakarta/servlet/ServletRequest;Ljakarta/servlet/ServletResponse;)V+99
j  org.springframework.web.filter.CompositeFilter$VirtualFilterChain.doFilter(Ljakarta/servlet/ServletRequest;Ljakarta/servlet/ServletResponse;)V+22
j  org.springframework.security.web.FilterChainProxy.lambda$doFilterInternal$3(Lorg/springframework/security/web/firewall/FirewalledRequest;Ljakarta/servlet/FilterChain;Ljakarta/servlet/ServletRequest;Ljakarta/servlet/ServletResponse;)V+35
j  org.springframework.security.web.FilterChainProxy$$Lambda$1098+0x00000008010be7f8.doFilter(Ljakarta/servlet/ServletRequest;Ljakarta/servlet/ServletResponse;)V+10
j  org.springframework.security.web.FilterChainProxy$VirtualFilterChain.doFilter(Ljakarta/servlet/ServletRequest;Ljakarta/servlet/ServletResponse;)V+17
j  org.springframework.security.web.access.intercept.AuthorizationFilter.doFilter(Ljakarta/servlet/ServletRequest;Ljakarta/servlet/ServletResponse;Ljakarta/servlet/FilterChain;)V+147
j  org.springframework.security.web.FilterChainProxy$VirtualFilterChain.doFilter(Ljakarta/servlet/ServletRequest;Ljakarta/servlet/ServletResponse;)V+105
j  org.springframework.security.web.access.ExceptionTranslationFilter.doFilter(Ljakarta/servlet/http/HttpServletRequest;Ljakarta/servlet/http/HttpServletResponse;Ljakarta/servlet/FilterChain;)V+3
j  org.springframework.security.web.access.ExceptionTranslationFilter.doFilter(Ljakarta/servlet/ServletRequest;Ljakarta/servlet/ServletResponse;Ljakarta/servlet/FilterChain;)V+10
j  org.springframework.security.web.FilterChainProxy$VirtualFilterChain.doFilter(Ljakarta/servlet/ServletRequest;Ljakarta/servlet/ServletResponse;)V+105
j  org.springframework.security.web.session.SessionManagementFilter.doFilter(Ljakarta/servlet/http/HttpServletRequest;Ljakarta/servlet/http/HttpServletResponse;Ljakarta/servlet/FilterChain;)V+223
j  org.springframework.security.web.session.SessionManagementFilter.doFilter(Ljakarta/servlet/ServletRequest;Ljakarta/servlet/ServletResponse;Ljakarta/servlet/FilterChain;)V+10
j  org.springframework.security.web.FilterChainProxy$VirtualFilterChain.doFilter(Ljakarta/servlet/ServletRequest;Ljakarta/servlet/ServletResponse;)V+105
j  org.springframework.security.web.authentication.AnonymousAuthenticationFilter.doFilter(Ljakarta/servlet/ServletRequest;Ljakarta/servlet/ServletResponse;Ljakarta/servlet/FilterChain;)V+33
j  org.springframework.security.web.FilterChainProxy$VirtualFilterChain.doFilter(Ljakarta/servlet/ServletRequest;Ljakarta/servlet/ServletResponse;)V+105
j  org.springframework.security.web.servletapi.SecurityContextHolderAwareRequestFilter.doFilter(Ljakarta/servlet/ServletRequest;Ljakarta/servlet/ServletResponse;Ljakarta/servlet/FilterChain;)V+19
j  org.springframework.security.web.FilterChainProxy$VirtualFilterChain.doFilter(Ljakarta/servlet/ServletRequest;Ljakarta/servlet/ServletResponse;)V+105
j  org.springframework.security.web.savedrequest.RequestCacheAwareFilter.doFilter(Ljakarta/servlet/ServletRequest;Ljakarta/servlet/ServletResponse;Ljakarta/servlet/FilterChain;)V+32
j  org.springframework.security.web.FilterChainProxy$VirtualFilterChain.doFilter(Ljakarta/servlet/ServletRequest;Ljakarta/servlet/ServletResponse;)V+105
j  com.lh.face_checkin_be.config.filter.JwtAuthenticationTokenFilter.doFilterInternal(Ljakarta/servlet/http/HttpServletRequest;Ljakarta/servlet/http/HttpServletResponse;Ljakarta/servlet/FilterChain;)V+167
j  org.springframework.web.filter.OncePerRequestFilter.doFilter(Ljakarta/servlet/ServletRequest;Ljakarta/servlet/ServletResponse;Ljakarta/servlet/FilterChain;)V+150
j  org.springframework.security.web.FilterChainProxy$VirtualFilterChain.doFilter(Ljakarta/servlet/ServletRequest;Ljakarta/servlet/ServletResponse;)V+105
j  org.springframework.security.web.authentication.logout.LogoutFilter.doFilter(Ljakarta/servlet/http/HttpServletRequest;Ljakarta/servlet/http/HttpServletResponse;Ljakarta/servlet/FilterChain;)V+83
j  org.springframework.security.web.authentication.logout.LogoutFilter.doFilter(Ljakarta/servlet/ServletRequest;Ljakarta/servlet/ServletResponse;Ljakarta/servlet/FilterChain;)V+10
j  org.springframework.security.web.FilterChainProxy$VirtualFilterChain.doFilter(Ljakarta/servlet/ServletRequest;Ljakarta/servlet/ServletResponse;)V+105
j  org.springframework.security.web.header.HeaderWriterFilter.doHeadersAfter(Ljakarta/servlet/http/HttpServletRequest;Ljakarta/servlet/http/HttpServletResponse;Ljakarta/servlet/FilterChain;)V+29
j  org.springframework.security.web.header.HeaderWriterFilter.doFilterInternal(Ljakarta/servlet/http/HttpServletRequest;Ljakarta/servlet/http/HttpServletResponse;Ljakarta/servlet/FilterChain;)V+21
j  org.springframework.web.filter.OncePerRequestFilter.doFilter(Ljakarta/servlet/ServletRequest;Ljakarta/servlet/ServletResponse;Ljakarta/servlet/FilterChain;)V+150
j  org.springframework.security.web.FilterChainProxy$VirtualFilterChain.doFilter(Ljakarta/servlet/ServletRequest;Ljakarta/servlet/ServletResponse;)V+105
j  org.springframework.security.web.context.SecurityContextHolderFilter.doFilter(Ljakarta/servlet/http/HttpServletRequest;Ljakarta/servlet/http/HttpServletResponse;Ljakarta/servlet/FilterChain;)V+59
j  org.springframework.security.web.context.SecurityContextHolderFilter.doFilter(Ljakarta/servlet/ServletRequest;Ljakarta/servlet/ServletResponse;Ljakarta/servlet/FilterChain;)V+10
j  org.springframework.security.web.FilterChainProxy$VirtualFilterChain.doFilter(Ljakarta/servlet/ServletRequest;Ljakarta/servlet/ServletResponse;)V+105
j  org.springframework.security.web.context.request.async.WebAsyncManagerIntegrationFilter.doFilterInternal(Ljakarta/servlet/http/HttpServletRequest;Ljakarta/servlet/http/HttpServletResponse;Ljakarta/servlet/FilterChain;)V+55
j  org.springframework.web.filter.OncePerRequestFilter.doFilter(Ljakarta/servlet/ServletRequest;Ljakarta/servlet/ServletResponse;Ljakarta/servlet/FilterChain;)V+150
j  org.springframework.security.web.FilterChainProxy$VirtualFilterChain.doFilter(Ljakarta/servlet/ServletRequest;Ljakarta/servlet/ServletResponse;)V+105
j  org.springframework.security.web.session.DisableEncodeUrlFilter.doFilterInternal(Ljakarta/servlet/http/HttpServletRequest;Ljakarta/servlet/http/HttpServletResponse;Ljakarta/servlet/FilterChain;)V+10
j  org.springframework.web.filter.OncePerRequestFilter.doFilter(Ljakarta/servlet/ServletRequest;Ljakarta/servlet/ServletResponse;Ljakarta/servlet/FilterChain;)V+150
j  org.springframework.security.web.FilterChainProxy$VirtualFilterChain.doFilter(Ljakarta/servlet/ServletRequest;Ljakarta/servlet/ServletResponse;)V+105
j  org.springframework.security.web.FilterChainProxy.doFilterInternal(Ljakarta/servlet/ServletRequest;Ljakarta/servlet/ServletResponse;Ljakarta/servlet/FilterChain;)V+163
j  org.springframework.security.web.FilterChainProxy.doFilter(Ljakarta/servlet/ServletRequest;Ljakarta/servlet/ServletResponse;Ljakarta/servlet/FilterChain;)V+48
j  org.springframework.web.filter.CompositeFilter$VirtualFilterChain.doFilter(Ljakarta/servlet/ServletRequest;Ljakarta/servlet/ServletResponse;)V+63
j  org.springframework.web.servlet.handler.HandlerMappingIntrospector.lambda$createCacheFilter$3(Ljakarta/servlet/ServletRequest;Ljakarta/servlet/ServletResponse;Ljakarta/servlet/FilterChain;)V+13
j  org.springframework.web.servlet.handler.HandlerMappingIntrospector$$Lambda$1003+0x00000008010692a8.doFilter(Ljakarta/servlet/ServletRequest;Ljakarta/servlet/ServletResponse;Ljakarta/servlet/FilterChain;)V+7
j  org.springframework.web.filter.CompositeFilter$VirtualFilterChain.doFilter(Ljakarta/servlet/ServletRequest;Ljakarta/servlet/ServletResponse;)V+63
j  org.springframework.web.filter.CompositeFilter.doFilter(Ljakarta/servlet/ServletRequest;Ljakarta/servlet/ServletResponse;Ljakarta/servlet/FilterChain;)V+14
j  org.springframework.security.config.annotation.web.configuration.WebMvcSecurityConfiguration$CompositeFilterChainProxy.doFilter(Ljakarta/servlet/ServletRequest;Ljakarta/servlet/ServletResponse;Ljakarta/servlet/FilterChain;)V+7
j  org.springframework.web.filter.DelegatingFilterProxy.invokeDelegate(Ljakarta/servlet/Filter;Ljakarta/servlet/ServletRequest;Ljakarta/servlet/ServletResponse;Ljakarta/servlet/FilterChain;)V+5
j  org.springframework.web.filter.DelegatingFilterProxy.doFilter(Ljakarta/servlet/ServletRequest;Ljakarta/servlet/ServletResponse;Ljakarta/servlet/FilterChain;)V+98
j  org.apache.catalina.core.ApplicationFilterChain.internalDoFilter(Ljakarta/servlet/ServletRequest;Ljakarta/servlet/ServletResponse;)V+130
j  org.apache.catalina.core.ApplicationFilterChain.doFilter(Ljakarta/servlet/ServletRequest;Ljakarta/servlet/ServletResponse;)V+99
j  org.springframework.web.filter.RequestContextFilter.doFilterInternal(Ljakarta/servlet/http/HttpServletRequest;Ljakarta/servlet/http/HttpServletResponse;Ljakarta/servlet/FilterChain;)V+21
j  org.springframework.web.filter.OncePerRequestFilter.doFilter(Ljakarta/servlet/ServletRequest;Ljakarta/servlet/ServletResponse;Ljakarta/servlet/FilterChain;)V+150
j  org.apache.catalina.core.ApplicationFilterChain.internalDoFilter(Ljakarta/servlet/ServletRequest;Ljakarta/servlet/ServletResponse;)V+130
j  org.apache.catalina.core.ApplicationFilterChain.doFilter(Ljakarta/servlet/ServletRequest;Ljakarta/servlet/ServletResponse;)V+99
j  org.springframework.web.filter.FormContentFilter.doFilterInternal(Ljakarta/servlet/http/HttpServletRequest;Ljakarta/servlet/http/HttpServletResponse;Ljakarta/servlet/FilterChain;)V+38
j  org.springframework.web.filter.OncePerRequestFilter.doFilter(Ljakarta/servlet/ServletRequest;Ljakarta/servlet/ServletResponse;Ljakarta/servlet/FilterChain;)V+150
j  org.apache.catalina.core.ApplicationFilterChain.internalDoFilter(Ljakarta/servlet/ServletRequest;Ljakarta/servlet/ServletResponse;)V+130
j  org.apache.catalina.core.ApplicationFilterChain.doFilter(Ljakarta/servlet/ServletRequest;Ljakarta/servlet/ServletResponse;)V+99
j  org.springframework.web.filter.CharacterEncodingFilter.doFilterInternal(Ljakarta/servlet/http/HttpServletRequest;Ljakarta/servlet/http/HttpServletResponse;Ljakarta/servlet/FilterChain;)V+53
j  org.springframework.web.filter.OncePerRequestFilter.doFilter(Ljakarta/servlet/ServletRequest;Ljakarta/servlet/ServletResponse;Ljakarta/servlet/FilterChain;)V+150
j  org.apache.catalina.core.ApplicationFilterChain.internalDoFilter(Ljakarta/servlet/ServletRequest;Ljakarta/servlet/ServletResponse;)V+130
j  org.apache.catalina.core.ApplicationFilterChain.doFilter(Ljakarta/servlet/ServletRequest;Ljakarta/servlet/ServletResponse;)V+99
j  org.apache.catalina.core.StandardWrapperValve.invoke(Lorg/apache/catalina/connector/Request;Lorg/apache/catalina/connector/Response;)V+514
j  org.apache.catalina.core.StandardContextValve.invoke(Lorg/apache/catalina/connector/Request;Lorg/apache/catalina/connector/Response;)V+169
j  org.apache.catalina.authenticator.AuthenticatorBase.invoke(Lorg/apache/catalina/connector/Request;Lorg/apache/catalina/connector/Response;)V+221
j  org.apache.catalina.core.StandardHostValve.invoke(Lorg/apache/catalina/connector/Request;Lorg/apache/catalina/connector/Response;)V+131
j  org.apache.catalina.valves.ErrorReportValve.invoke(Lorg/apache/catalina/connector/Request;Lorg/apache/catalina/connector/Response;)V+6
j  org.apache.catalina.core.StandardEngineValve.invoke(Lorg/apache/catalina/connector/Request;Lorg/apache/catalina/connector/Response;)V+59
j  org.apache.catalina.connector.CoyoteAdapter.service(Lorg/apache/coyote/Request;Lorg/apache/coyote/Response;)V+188
j  org.apache.coyote.http11.Http11Processor.service(Lorg/apache/tomcat/util/net/SocketWrapperBase;)Lorg/apache/tomcat/util/net/AbstractEndpoint$Handler$SocketState;+796
j  org.apache.coyote.AbstractProcessorLight.process(Lorg/apache/tomcat/util/net/SocketWrapperBase;Lorg/apache/tomcat/util/net/SocketEvent;)Lorg/apache/tomcat/util/net/AbstractEndpoint$Handler$SocketState;+155
j  org.apache.coyote.AbstractProtocol$ConnectionHandler.process(Lorg/apache/tomcat/util/net/SocketWrapperBase;Lorg/apache/tomcat/util/net/SocketEvent;)Lorg/apache/tomcat/util/net/AbstractEndpoint$Handler$SocketState;+482
j  org.apache.tomcat.util.net.NioEndpoint$SocketProcessor.doRun()V+249
j  org.apache.tomcat.util.net.SocketProcessorBase.run()V+32
j  org.apache.tomcat.util.threads.ThreadPoolExecutor.runWorker(Lorg/apache/tomcat/util/threads/ThreadPoolExecutor$Worker;)V+92
j  org.apache.tomcat.util.threads.ThreadPoolExecutor$Worker.run()V+5
j  org.apache.tomcat.util.threads.TaskThread$WrappingRunnable.run()V+4
j  java.lang.Thread.run()V+11 java.base@17.0.7
v  ~StubRoutines::call_stub

siginfo: EXCEPTION_ACCESS_VIOLATION (0xc0000005), reading address 0x0000000000000000


Register to memory mapping:

RIP=0x00007ffb74d40630 libarcsoft_face.dll
RAX=0x00000080960fa5c0 is pointing into the stack for thread: 0x0000018c45afaca0
RBX=0x0000018c48c0f368 points into unknown readable memory: 0x3f3333333f666666 | 66 66 66 3f 33 33 33 3f
RCX=0x00000080960fa4a0 is pointing into the stack for thread: 0x0000018c45afaca0
RDX=0x0000000000000001 is an unknown value
RSP=0x00000080960fa440 is pointing into the stack for thread: 0x0000018c45afaca0
RBP=0x00000080960fa560 is pointing into the stack for thread: 0x0000018c45afaca0
RSI=0x0000018c48d33bf0 points into unknown readable memory: 0xbd1fad4a3e359f54 | 54 9f 35 3e 4a ad 1f bd
RDI=0x0000018c48c0b040 points into unknown readable memory: 0x0000000100000058 | 58 00 00 00 01 00 00 00
R8 =0x0000000000000280 is an unknown value
R9 =0x00000000000001e0 is an unknown value
R10=0x0 is NULL
R11=0x0000000000000280 is an unknown value
R12=0x00000000000001e0 is an unknown value
R13=0x0 is NULL
R14=0x0000000000000001 is an unknown value
R15=0x0000000000000280 is an unknown value


Registers:
RAX=0x00000080960fa5c0, RBX=0x0000018c48c0f368, RCX=0x00000080960fa4a0, RDX=0x0000000000000001
RSP=0x00000080960fa440, RBP=0x00000080960fa560, RSI=0x0000018c48d33bf0, RDI=0x0000018c48c0b040
R8 =0x0000000000000280, R9 =0x00000000000001e0, R10=0x0000000000000000, R11=0x0000000000000280
R12=0x00000000000001e0, R13=0x0000000000000000, R14=0x0000000000000001, R15=0x0000000000000280
RIP=0x00007ffb74d40630, EFLAGS=0x0000000000010202

Top of Stack: (sp=0x00000080960fa440)
0x00000080960fa440:   000000003f741439 0000000000000000
0x00000080960fa450:   0000018c48c0b040 00007ffb74d41433
0x00000080960fa460:   b70706a2b7986e17 b7be6619b7a7f3d5
0x00000080960fa470:   3e0e23473deb22fd 3def86743deb22fd
0x00000080960fa480:   0000000000000000 00000080960fa5c0
0x00000080960fa490:   0000000000000000 00000080960e9960
0x00000080960fa4a0:   000006c0000000c0 00007ffb74fd7f10
0x00000080960fa4b0:   0000018c48d46170 0000018c48d32f50
0x00000080960fa4c0:   0000b2d2967b7e48 0000000000000000
0x00000080960fa4d0:   00000000000000c0 0000018c48d32f50
0x00000080960fa4e0:   00007ffb74fd7f10 0000000000000009
0x00000080960fa4f0:   0000000000000040 00007ffb74d4cecd
0x00000080960fa500:   0000018c48d32ec8 0000000000000001
0x00000080960fa510:   0000000000000000 0000018c48c0b040
0x00000080960fa520:   0000018c000000c0 0000000000000009
0x00000080960fa530:   0000000000000000 0000000000000000 

Instructions: (pc=0x00007ffb74d40630)
0x00007ffb74d40530:   74 05 e8 c9 df ff ff 48 8b 4b 48 48 85 c9 74 05
0x00007ffb74d40540:   e8 bb df ff ff 48 8b 4b 50 48 85 c9 74 05 e8 ad
0x00007ffb74d40550:   df ff ff 48 8b 4b 58 48 85 c9 74 05 e8 9f df ff
0x00007ffb74d40560:   ff 48 8b 4b 60 48 85 c9 74 05 e8 91 df ff ff 48
0x00007ffb74d40570:   8b 4b 68 48 85 c9 74 05 e8 83 df ff ff 48 83 7b
0x00007ffb74d40580:   70 00 48 8d 4b 70 74 08 48 8b d7 e8 a0 e1 ff ff
0x00007ffb74d40590:   48 8b 53 20 48 85 d2 74 08 48 8b cf e8 bf 18 00
0x00007ffb74d405a0:   00 48 8b 53 28 48 85 d2 74 08 48 8b cf e8 ae 18
0x00007ffb74d405b0:   00 00 48 8b 53 30 48 85 d2 74 08 48 8b cf e8 9d
0x00007ffb74d405c0:   18 00 00 48 8b 53 38 48 85 d2 74 10 48 8b cf e8
0x00007ffb74d405d0:   ec 13 fe ff 48 c7 43 38 00 00 00 00 48 8b 93 70
0x00007ffb74d405e0:   01 00 00 48 85 d2 74 22 48 8b cf e8 20 46 00 00
0x00007ffb74d405f0:   48 8b 93 70 01 00 00 48 8b cf e8 c1 13 fe ff 48
0x00007ffb74d40600:   c7 83 70 01 00 00 00 00 00 00 48 8b 5c 24 30 48
0x00007ffb74d40610:   83 c4 20 5f c3 cc cc cc cc cc cc cc cc cc cc cc
0x00007ffb74d40620:   48 83 ec 18 4c 8b 54 24 40 0f 29 34 24 45 8b d8
0x00007ffb74d40630:   41 0f 10 02 0f 11 01 41 0f 10 4a 10 0f 11 49 10
0x00007ffb74d40640:   41 0f 10 42 20 0f 11 41 20 41 0f 10 4a 30 0f 11
0x00007ffb74d40650:   49 30 41 0f 10 42 40 0f 11 41 40 41 0f 10 4a 50
0x00007ffb74d40660:   0f 11 49 50 41 0f 10 42 60 0f 11 41 60 41 0f 10
0x00007ffb74d40670:   4a 70 0f 11 49 70 41 8b 82 80 00 00 00 89 81 80
0x00007ffb74d40680:   00 00 00 83 fa 02 75 12 8b 41 08 f3 0f 10 41 04
0x00007ffb74d40690:   89 41 04 f3 0f 11 41 08 eb 53 83 fa 04 75 20 f3
0x00007ffb74d406a0:   0f 10 41 10 41 8d 41 ff f3 0f 58 41 08 66 0f 6e
0x00007ffb74d406b0:   c8 0f 5b c9 f3 0f 5c c8 f3 0f 11 49 08 eb 3e 83
0x00007ffb74d406c0:   fa 03 75 39 f3 0f 10 41 0c 41 8d 40 ff f3 0f 58
0x00007ffb74d406d0:   41 04 66 0f 6e c8 0f 5b c9 f3 0f 5c c8 f3 0f 11
0x00007ffb74d406e0:   49 04 8b 41 08 89 41 04 f3 0f 11 49 08 8b 41 10
0x00007ffb74d406f0:   f3 0f 10 41 0c 89 41 0c f3 0f 11 41 10 f3 0f 10
0x00007ffb74d40700:   71 04 f3 0f 10 69 08 4c 8b 44 24 50 f3 0f 10 41
0x00007ffb74d40710:   0c 0f 28 e6 f3 0f 10 dd f3 0f 58 59 10 f3 0f 58
0x00007ffb74d40720:   e0 4d 85 c0 0f 84 c2 00 00 00 f3 41 0f 59 00 f3 


Stack slot to memory mapping:
stack at sp + 0 slots: 0x000000003f741439 is an unknown value
stack at sp + 1 slots: 0x0 is NULL
stack at sp + 2 slots: 0x0000018c48c0b040 points into unknown readable memory: 0x0000000100000058 | 58 00 00 00 01 00 00 00
stack at sp + 3 slots: 0x00007ffb74d41433 libarcsoft_face.dll
stack at sp + 4 slots: 0xb70706a2b7986e17 is an unknown value
stack at sp + 5 slots: 0xb7be6619b7a7f3d5 is an unknown value
stack at sp + 6 slots: 0x3e0e23473deb22fd is an unknown value
stack at sp + 7 slots: 0x3def86743deb22fd is an unknown value


---------------  P R O C E S S  ---------------

Threads class SMR info:
_java_thread_list=0x0000018c47305450, length=37, elements={
0x0000018c44504a20, 0x0000018c44505690, 0x0000018c450030a0, 0x0000018c45004970,
0x0000018c45005320, 0x0000018c45005cd0, 0x0000018c4500e6a0, 0x0000018c45012590,
0x0000018c450775e0, 0x0000018c45419600, 0x0000018c45419ad0, 0x0000018c4556e340,
0x0000018c470c3900, 0x0000018c471225f0, 0x0000018c4721ee80, 0x0000018c473a88c0,
0x0000018c473fccb0, 0x0000018c47249fa0, 0x0000018c45afd320, 0x0000018c45afbb10,
0x0000018c45afa7d0, 0x0000018c45afc980, 0x0000018c45afbfe0, 0x0000018c45af9e30,
0x0000018c45afa300, 0x0000018c45afaca0, 0x0000018c45afd7f0, 0x0000018c45afb170,
0x0000018c45afb640, 0x0000018c45afc4b0, 0x0000018c45afce50, 0x0000018c477af730,
0x0000018c477afc00, 0x0000018c45634850, 0x0000018c477b0a70, 0x0000018c47998710,
0x0000018c451162c0
}

Java Threads: ( => current thread )
  0x0000018c44504a20 JavaThread "Reference Handler" daemon [_thread_blocked, id=1484, stack(0x000000808c400000,0x000000808c500000)]
  0x0000018c44505690 JavaThread "Finalizer" daemon [_thread_blocked, id=13464, stack(0x000000808c500000,0x000000808c600000)]
  0x0000018c450030a0 JavaThread "Signal Dispatcher" daemon [_thread_blocked, id=14924, stack(0x000000808c600000,0x000000808c700000)]
  0x0000018c45004970 JavaThread "Attach Listener" daemon [_thread_blocked, id=856, stack(0x000000808c700000,0x000000808c800000)]
  0x0000018c45005320 JavaThread "Service Thread" daemon [_thread_blocked, id=3308, stack(0x000000808c800000,0x000000808c900000)]
  0x0000018c45005cd0 JavaThread "Monitor Deflation Thread" daemon [_thread_blocked, id=14940, stack(0x000000808c900000,0x000000808ca00000)]
  0x0000018c4500e6a0 JavaThread "C1 CompilerThread0" daemon [_thread_blocked, id=12456, stack(0x000000808ca00000,0x000000808cb00000)]
  0x0000018c45012590 JavaThread "Sweeper thread" daemon [_thread_blocked, id=5700, stack(0x000000808cb00000,0x000000808cc00000)]
  0x0000018c450775e0 JavaThread "Common-Cleaner" daemon [_thread_blocked, id=14780, stack(0x000000808cc00000,0x000000808cd00000)]
  0x0000018c45419600 JavaThread "Monitor Ctrl-Break" daemon [_thread_in_native, id=2588, stack(0x000000808d000000,0x000000808d100000)]
  0x0000018c45419ad0 JavaThread "Notification Thread" daemon [_thread_blocked, id=1604, stack(0x000000808d100000,0x000000808d200000)]
  0x0000018c4556e340 JavaThread "RMI TCP Accept-0" daemon [_thread_in_native, id=18412, stack(0x000000808d200000,0x000000808d300000)]
  0x0000018c470c3900 JavaThread "RMI TCP Connection(idle)" daemon [_thread_blocked, id=12524, stack(0x000000808e300000,0x000000808e400000)]
  0x0000018c471225f0 JavaThread "RMI Scheduler(0)" daemon [_thread_blocked, id=5384, stack(0x000000808e400000,0x000000808e500000)]
  0x0000018c4721ee80 JavaThread "mysql-cj-abandoned-connection-cleanup" daemon [_thread_blocked, id=4520, stack(0x000000808e900000,0x000000808ea00000)]
  0x0000018c473a88c0 JavaThread "Catalina-utility-1" [_thread_blocked, id=3336, stack(0x000000808ea00000,0x000000808eb00000)]
  0x0000018c473fccb0 JavaThread "Catalina-utility-2" [_thread_blocked, id=7144, stack(0x000000808eb00000,0x000000808ec00000)]
  0x0000018c47249fa0 JavaThread "container-0" [_thread_blocked, id=8420, stack(0x000000808ec00000,0x000000808ed00000)]
  0x0000018c45afd320 JavaThread "http-nio-3007-exec-1" daemon [_thread_blocked, id=14756, stack(0x0000008095900000,0x0000008095a00000)]
  0x0000018c45afbb10 JavaThread "http-nio-3007-exec-2" daemon [_thread_blocked, id=8612, stack(0x0000008095a00000,0x0000008095b00000)]
  0x0000018c45afa7d0 JavaThread "http-nio-3007-exec-3" daemon [_thread_blocked, id=13492, stack(0x0000008095b00000,0x0000008095c00000)]
  0x0000018c45afc980 JavaThread "http-nio-3007-exec-4" daemon [_thread_blocked, id=1732, stack(0x0000008095c00000,0x0000008095d00000)]
  0x0000018c45afbfe0 JavaThread "http-nio-3007-exec-5" daemon [_thread_blocked, id=12504, stack(0x0000008095d00000,0x0000008095e00000)]
  0x0000018c45af9e30 JavaThread "http-nio-3007-exec-6" daemon [_thread_blocked, id=5052, stack(0x0000008095e00000,0x0000008095f00000)]
  0x0000018c45afa300 JavaThread "http-nio-3007-exec-7" daemon [_thread_in_native, id=16276, stack(0x0000008095f00000,0x0000008096000000)]
=>0x0000018c45afaca0 JavaThread "http-nio-3007-exec-8" daemon [_thread_in_native, id=14068, stack(0x0000008096000000,0x0000008096100000)]
  0x0000018c45afd7f0 JavaThread "http-nio-3007-exec-9" daemon [_thread_in_native, id=9816, stack(0x0000008096100000,0x0000008096200000)]
  0x0000018c45afb170 JavaThread "http-nio-3007-exec-10" daemon [_thread_blocked, id=18236, stack(0x0000008096200000,0x0000008096300000)]
  0x0000018c45afb640 JavaThread "http-nio-3007-Poller" daemon [_thread_in_native, id=17828, stack(0x0000008096300000,0x0000008096400000)]
  0x0000018c45afc4b0 JavaThread "http-nio-3007-Acceptor" daemon [_thread_in_native, id=1816, stack(0x0000008096400000,0x0000008096500000)]
  0x0000018c45afce50 JavaThread "DestroyJavaVM" [_thread_blocked, id=13948, stack(0x000000808bd00000,0x000000808be00000)]
  0x0000018c477af730 JavaThread "RMI TCP Connection(idle)" daemon [_thread_blocked, id=15828, stack(0x0000008096500000,0x0000008096600000)]
  0x0000018c477afc00 JavaThread "HikariPool-1 housekeeper" daemon [_thread_blocked, id=14388, stack(0x000000808da00000,0x000000808db00000)]
  0x0000018c45634850 JavaThread "C1 CompilerThread1" daemon [_thread_blocked, id=17172, stack(0x000000808e000000,0x000000808e100000)]
  0x0000018c477b0a70 JavaThread "Java2D Disposer" daemon [_thread_blocked, id=12416, stack(0x000000808db00000,0x000000808dc00000)]
  0x0000018c47998710 JavaThread "C1 CompilerThread2" daemon [_thread_blocked, id=13040, stack(0x000000808e100000,0x000000808e200000)]
  0x0000018c451162c0 JavaThread "C1 CompilerThread3" daemon [_thread_blocked, id=17600, stack(0x000000808e200000,0x000000808e300000)]

Other Threads:
  0x0000018c444fff20 VMThread "VM Thread" [stack: 0x000000808c300000,0x000000808c400000] [id=5248]
  0x0000018c2d495150 WatcherThread [stack: 0x000000808d300000,0x000000808d400000] [id=16196]
  0x0000018c2d46b450 GCTaskThread "GC Thread#0" [stack: 0x000000808be00000,0x000000808bf00000] [id=17912]
  0x0000018c45957da0 GCTaskThread "GC Thread#1" [stack: 0x000000808d400000,0x000000808d500000] [id=2168]
  0x0000018c45958050 GCTaskThread "GC Thread#2" [stack: 0x000000808d500000,0x000000808d600000] [id=12936]
  0x0000018c45989df0 GCTaskThread "GC Thread#3" [stack: 0x000000808d600000,0x000000808d700000] [id=10608]
  0x0000018c4598a0a0 GCTaskThread "GC Thread#4" [stack: 0x000000808d700000,0x000000808d800000] [id=6136]
  0x0000018c459b3900 GCTaskThread "GC Thread#5" [stack: 0x000000808d800000,0x000000808d900000] [id=13476]
  0x0000018c459b3bb0 GCTaskThread "GC Thread#6" [stack: 0x000000808d900000,0x000000808da00000] [id=4108]
  0x0000018c45bb2220 GCTaskThread "GC Thread#7" [stack: 0x000000808dc00000,0x000000808dd00000] [id=17680]
  0x0000018c45bae380 GCTaskThread "GC Thread#8" [stack: 0x000000808dd00000,0x000000808de00000] [id=2128]
  0x0000018c46c044a0 GCTaskThread "GC Thread#9" [stack: 0x000000808de00000,0x000000808df00000] [id=16876]
  0x0000018c46c04750 GCTaskThread "GC Thread#10" [stack: 0x000000808df00000,0x000000808e000000] [id=2776]
  0x0000018c46f403b0 GCTaskThread "GC Thread#11" [stack: 0x000000808e500000,0x000000808e600000] [id=1172]
  0x0000018c46f41680 GCTaskThread "GC Thread#12" [stack: 0x000000808e600000,0x000000808e700000] [id=16956]
  0x0000018c2d47b7a0 ConcurrentGCThread "G1 Main Marker" [stack: 0x000000808bf00000,0x000000808c000000] [id=480]
  0x0000018c2d47c850 ConcurrentGCThread "G1 Conc#0" [stack: 0x000000808c000000,0x000000808c100000] [id=4832]
  0x0000018c46f40100 ConcurrentGCThread "G1 Conc#1" [stack: 0x000000808e700000,0x000000808e800000] [id=3432]
  0x0000018c46f40660 ConcurrentGCThread "G1 Conc#2" [stack: 0x000000808e800000,0x000000808e900000] [id=17844]
  0x0000018c2d4cdf70 ConcurrentGCThread "G1 Refine#0" [stack: 0x000000808c100000,0x000000808c200000] [id=18284]
  0x0000018c2d4ce890 ConcurrentGCThread "G1 Service" [stack: 0x000000808c200000,0x000000808c300000] [id=7524]

Threads with active compile tasks:

VM state: not at safepoint (normal execution)

VM Mutex/Monitor currently owned by a thread: None

Heap address: 0x000000070ae00000, size: 3922 MB, Compressed Oops mode: Zero based, Oop shift amount: 3

CDS archive(s) mapped at: [0x0000000800000000-0x0000000800bd0000-0x0000000800bd0000), size 12386304, SharedBaseAddress: 0x0000000800000000, ArchiveRelocationMode: 0.
Compressed class space mapped at: 0x0000000800c00000-0x0000000840c00000, reserved size: 1073741824
Narrow klass base: 0x0000000800000000, Narrow klass shift: 0, Narrow klass range: 0x100000000

GC Precious Log:
 CPUs: 16 total, 16 available
 Memory: 15681M
 Large Page Support: Disabled
 NUMA Support: Disabled
 Compressed Oops: Enabled (Zero based)
 Heap Region Size: 2M
 Heap Min Capacity: 8M
 Heap Initial Capacity: 246M
 Heap Max Capacity: 3922M
 Pre-touch: Disabled
 Parallel Workers: 13
 Concurrent Workers: 3
 Concurrent Refinement Workers: 13
 Periodic GC: Disabled

Heap:
 garbage-first heap   total 81920K, used 33018K [0x000000070ae00000, 0x0000000800000000)
  region size 2048K, 3 young (6144K), 2 survivors (4096K)
 Metaspace       used 42436K, committed 42944K, reserved 1089536K
  class space    used 5645K, committed 5888K, reserved 1048576K

Heap Regions: E=young(eden), S=young(survivor), O=old, HS=humongous(starts), HC=humongous(continues), CS=collection set, F=free, OA=open archive, CA=closed archive, TAMS=top-at-mark-start (previous, next)
|   0|0x000000070ae00000, 0x000000070b000000, 0x000000070b000000|100%| O|  |TAMS 0x000000070b000000, 0x000000070ae00000| Untracked 
|   1|0x000000070b000000, 0x000000070b200000, 0x000000070b200000|100%| O|  |TAMS 0x000000070b200000, 0x000000070b000000| Untracked 
|   2|0x000000070b200000, 0x000000070b400000, 0x000000070b400000|100%| O|  |TAMS 0x000000070b200000, 0x000000070b200000| Untracked 
|   3|0x000000070b400000, 0x000000070b600000, 0x000000070b600000|100%| O|  |TAMS 0x000000070b600000, 0x000000070b400000| Untracked 
|   4|0x000000070b600000, 0x000000070b800000, 0x000000070b800000|100%| O|  |TAMS 0x000000070b600000, 0x000000070b600000| Untracked 
|   5|0x000000070b800000, 0x000000070ba00000, 0x000000070ba00000|100%| O|  |TAMS 0x000000070b800000, 0x000000070b800000| Untracked 
|   6|0x000000070ba00000, 0x000000070bc00000, 0x000000070bc00000|100%|HS|  |TAMS 0x000000070ba00000, 0x000000070ba00000| Complete 
|   7|0x000000070bc00000, 0x000000070bc00000, 0x000000070be00000|  0%| F|  |TAMS 0x000000070bc00000, 0x000000070bc00000| Untracked 
|   8|0x000000070be00000, 0x000000070be00000, 0x000000070c000000|  0%| F|  |TAMS 0x000000070be00000, 0x000000070be00000| Untracked 
|   9|0x000000070c000000, 0x000000070c200000, 0x000000070c200000|100%| O|  |TAMS 0x000000070c200000, 0x000000070c000000| Untracked 
|  10|0x000000070c200000, 0x000000070c400000, 0x000000070c400000|100%| O|  |TAMS 0x000000070c400000, 0x000000070c200000| Untracked 
|  11|0x000000070c400000, 0x000000070c600000, 0x000000070c600000|100%| O|  |TAMS 0x000000070c600000, 0x000000070c400000| Untracked 
|  12|0x000000070c600000, 0x000000070c800000, 0x000000070c800000|100%| O|  |TAMS 0x000000070c800000, 0x000000070c600000| Untracked 
|  13|0x000000070c800000, 0x000000070c87c800, 0x000000070ca00000| 24%| O|  |TAMS 0x000000070c87c800, 0x000000070c800000| Untracked 
|  14|0x000000070ca00000, 0x000000070ca00000, 0x000000070cc00000|  0%| F|  |TAMS 0x000000070ca00000, 0x000000070ca00000| Untracked 
|  15|0x000000070cc00000, 0x000000070cc00000, 0x000000070ce00000|  0%| F|  |TAMS 0x000000070cc00000, 0x000000070cc00000| Untracked 
|  16|0x000000070ce00000, 0x000000070d000000, 0x000000070d000000|100%|HS|  |TAMS 0x000000070ce00000, 0x000000070ce00000| Complete 
|  17|0x000000070d000000, 0x000000070d200000, 0x000000070d200000|100%| O|  |TAMS 0x000000070d000000, 0x000000070d000000| Untracked 
|  18|0x000000070d200000, 0x000000070d400000, 0x000000070d400000|100%| O|  |TAMS 0x000000070d200000, 0x000000070d200000| Untracked 
|  19|0x000000070d400000, 0x000000070d400000, 0x000000070d600000|  0%| F|  |TAMS 0x000000070d400000, 0x000000070d400000| Untracked 
|  20|0x000000070d600000, 0x000000070d600000, 0x000000070d800000|  0%| F|  |TAMS 0x000000070d600000, 0x000000070d600000| Untracked 
|  21|0x000000070d800000, 0x000000070d800000, 0x000000070da00000|  0%| F|  |TAMS 0x000000070d800000, 0x000000070d800000| Untracked 
|  22|0x000000070da00000, 0x000000070dbc2020, 0x000000070dc00000| 87%| S|CS|TAMS 0x000000070da00000, 0x000000070da00000| Complete 
|  23|0x000000070dc00000, 0x000000070de00000, 0x000000070de00000|100%| S|CS|TAMS 0x000000070dc00000, 0x000000070dc00000| Complete 
|  24|0x000000070de00000, 0x000000070de00000, 0x000000070e000000|  0%| F|  |TAMS 0x000000070de00000, 0x000000070de00000| Untracked 
|  25|0x000000070e000000, 0x000000070e000000, 0x000000070e200000|  0%| F|  |TAMS 0x000000070e000000, 0x000000070e000000| Untracked 
|  26|0x000000070e200000, 0x000000070e200000, 0x000000070e400000|  0%| F|  |TAMS 0x000000070e200000, 0x000000070e200000| Untracked 
|  27|0x000000070e400000, 0x000000070e400000, 0x000000070e600000|  0%| F|  |TAMS 0x000000070e400000, 0x000000070e400000| Untracked 
|  28|0x000000070e600000, 0x000000070e600000, 0x000000070e800000|  0%| F|  |TAMS 0x000000070e600000, 0x000000070e600000| Untracked 
|  29|0x000000070e800000, 0x000000070e800000, 0x000000070ea00000|  0%| F|  |TAMS 0x000000070e800000, 0x000000070e800000| Untracked 
|  30|0x000000070ea00000, 0x000000070ea00000, 0x000000070ec00000|  0%| F|  |TAMS 0x000000070ea00000, 0x000000070ea00000| Untracked 
|  31|0x000000070ec00000, 0x000000070ec00000, 0x000000070ee00000|  0%| F|  |TAMS 0x000000070ec00000, 0x000000070ec00000| Untracked 
|  32|0x000000070ee00000, 0x000000070ee00000, 0x000000070f000000|  0%| F|  |TAMS 0x000000070ee00000, 0x000000070ee00000| Untracked 
|  33|0x000000070f000000, 0x000000070f000000, 0x000000070f200000|  0%| F|  |TAMS 0x000000070f000000, 0x000000070f000000| Untracked 
|  34|0x000000070f200000, 0x000000070f200000, 0x000000070f400000|  0%| F|  |TAMS 0x000000070f200000, 0x000000070f200000| Untracked 
|  35|0x000000070f400000, 0x000000070f400000, 0x000000070f600000|  0%| F|  |TAMS 0x000000070f400000, 0x000000070f400000| Untracked 
|  46|0x0000000710a00000, 0x0000000710a00000, 0x0000000710c00000|  0%| F|  |TAMS 0x0000000710a00000, 0x0000000710a00000| Untracked 
|  47|0x0000000710c00000, 0x0000000710c00000, 0x0000000710e00000|  0%| F|  |TAMS 0x0000000710c00000, 0x0000000710c00000| Untracked 
|  48|0x0000000710e00000, 0x0000000710e00000, 0x0000000711000000|  0%| F|  |TAMS 0x0000000710e00000, 0x0000000710e00000| Untracked 
| 122|0x000000071a200000, 0x000000071a3f6960, 0x000000071a400000| 98%| E|  |TAMS 0x000000071a200000, 0x000000071a200000| Complete 

Card table byte_map: [0x0000018c38a90000,0x0000018c39240000] _byte_map_base: 0x0000018c35239000

Marking Bits (Prev, Next): (CMBitMap*) 0x0000018c2d46b960, (CMBitMap*) 0x0000018c2d46b9a0
 Prev Bits: [0x0000018c399f0000, 0x0000018c3d738000)
 Next Bits: [0x0000018c3d740000, 0x0000018c41488000)

Polling page: 0x0000018c2b3a0000

Metaspace:

Usage:
  Non-class:     35.93 MB used.
      Class:      5.51 MB used.
       Both:     41.44 MB used.

Virtual space:
  Non-class space:       40.00 MB reserved,      36.19 MB ( 90%) committed,  5 nodes.
      Class space:        1.00 GB reserved,       5.75 MB ( <1%) committed,  1 nodes.
             Both:        1.04 GB reserved,      41.94 MB (  4%) committed. 

Chunk freelists:
   Non-Class:  2.97 MB
       Class:  2.30 MB
        Both:  5.26 MB

MaxMetaspaceSize: unlimited
CompressedClassSpaceSize: 1.00 GB
Initial GC threshold: 21.00 MB
Current GC threshold: 59.06 MB
CDS: on
MetaspaceReclaimPolicy: balanced
 - commit_granule_bytes: 65536.
 - commit_granule_words: 8192.
 - virtual_space_node_default_size: 1048576.
 - enlarge_chunks_in_place: 1.
 - new_chunks_are_fully_committed: 0.
 - uncommit_free_chunks: 1.
 - use_allocation_guard: 0.
 - handle_deallocations: 1.


Internal statistics:

num_allocs_failed_limit: 6.
num_arena_births: 718.
num_arena_deaths: 0.
num_vsnodes_births: 6.
num_vsnodes_deaths: 0.
num_space_committed: 671.
num_space_uncommitted: 0.
num_chunks_returned_to_freelist: 6.
num_chunks_taken_from_freelist: 2150.
num_chunk_merges: 3.
num_chunk_splits: 1476.
num_chunks_enlarged: 1075.
num_purges: 0.
num_inconsistent_stats: 0.

CodeCache: size=49152Kb used=11525Kb max_used=13332Kb free=37626Kb
 bounds [0x0000018c34c80000, 0x0000018c35990000, 0x0000018c37c80000]
 total_blobs=5959 nmethods=5326 adapters=557
 compilation: enabled
              stopped_count=0, restarted_count=0
 full_count=0

Compilation events (20 events):
Event: 46.512 Thread 0x0000018c47998710 5318       1       java.awt.image.ComponentColorModel::getRed (7 bytes)
Event: 46.512 Thread 0x0000018c4500e6a0 nmethod 5314 0x0000018c35494490 code [0x0000018c35494620, 0x0000018c35494708]
Event: 46.512 Thread 0x0000018c47998710 nmethod 5318 0x0000018c35494190 code [0x0000018c35494320, 0x0000018c35494408]
Event: 46.512 Thread 0x0000018c45634850 nmethod 5317 0x0000018c35493510 code [0x0000018c354937a0, 0x0000018c35493db8]
Event: 46.514 Thread 0x0000018c45634850 5319 %     1       java.awt.image.BufferedImage::getRGB @ 160 (218 bytes)
Event: 46.514 Thread 0x0000018c45634850 nmethod 5319% 0x0000018c35492610 code [0x0000018c35492800, 0x0000018c35493138]
Event: 46.514 Thread 0x0000018c45634850 5320       1       java.awt.image.BufferedImage::getRGB (218 bytes)
Event: 46.514 Thread 0x0000018c45634850 nmethod 5320 0x0000018c35491890 code [0x0000018c35491a80, 0x0000018c35492258]
Event: 46.522 Thread 0x0000018c45634850 5321       1       sun.awt.image.SunWritableRaster::markDirty (8 bytes)
Event: 46.522 Thread 0x0000018c451162c0 5322       1       sun.java2d.StateTrackableDelegate::markDirty (6 bytes)
Event: 46.522 Thread 0x0000018c47998710 5324       1       java.awt.image.ComponentColorModel::getDataElements (3175 bytes)
Event: 46.522 Thread 0x0000018c4500e6a0 5323       1       sun.awt.image.ByteInterleavedRaster::setDataElements (116 bytes)
Event: 46.523 Thread 0x0000018c451162c0 nmethod 5322 0x0000018c35491590 code [0x0000018c35491720, 0x0000018c35491818]
Event: 46.523 Thread 0x0000018c45634850 nmethod 5321 0x0000018c35491210 code [0x0000018c354913a0, 0x0000018c35491498]
Event: 46.523 Thread 0x0000018c4500e6a0 nmethod 5323 0x0000018c35490b90 code [0x0000018c35490d40, 0x0000018c35491028]
Event: 46.526 Thread 0x0000018c47998710 nmethod 5324 0x0000018c3548ae90 code [0x0000018c3548b7e0, 0x0000018c3548eb88]
Event: 46.526 Thread 0x0000018c47998710 5325 %     1       java.awt.image.BufferedImage::setRGB @ 26 (86 bytes)
Event: 46.526 Thread 0x0000018c47998710 nmethod 5325% 0x0000018c3548a710 code [0x0000018c3548a8c0, 0x0000018c3548ac78]
Event: 46.526 Thread 0x0000018c47998710 5326       1       java.awt.image.BufferedImage::setRGB (86 bytes)
Event: 46.527 Thread 0x0000018c47998710 nmethod 5326 0x0000018c3548a110 code [0x0000018c3548a2c0, 0x0000018c3548a518]

GC Heap History (18 events):
Event: 0.416 GC heap before
{Heap before GC invocations=0 (full 0):
 garbage-first heap   total 251904K, used 22528K [0x000000070ae00000, 0x0000000800000000)
  region size 2048K, 11 young (22528K), 0 survivors (0K)
 Metaspace       used 7318K, committed 7488K, reserved 1056768K
  class space    used 920K, committed 1024K, reserved 1048576K
}
Event: 0.419 GC heap after
{Heap after GC invocations=1 (full 0):
 garbage-first heap   total 251904K, used 5758K [0x000000070ae00000, 0x0000000800000000)
  region size 2048K, 2 young (4096K), 2 survivors (4096K)
 Metaspace       used 7318K, committed 7488K, reserved 1056768K
  class space    used 920K, committed 1024K, reserved 1048576K
}
Event: 0.622 GC heap before
{Heap before GC invocations=1 (full 0):
 garbage-first heap   total 251904K, used 30334K [0x000000070ae00000, 0x0000000800000000)
  region size 2048K, 14 young (28672K), 2 survivors (4096K)
 Metaspace       used 11931K, committed 12160K, reserved 1064960K
  class space    used 1595K, committed 1728K, reserved 1048576K
}
Event: 0.625 GC heap after
{Heap after GC invocations=2 (full 0):
 garbage-first heap   total 251904K, used 8210K [0x000000070ae00000, 0x0000000800000000)
  region size 2048K, 2 young (4096K), 2 survivors (4096K)
 Metaspace       used 11931K, committed 12160K, reserved 1064960K
  class space    used 1595K, committed 1728K, reserved 1048576K
}
Event: 1.145 GC heap before
{Heap before GC invocations=2 (full 0):
 garbage-first heap   total 251904K, used 77842K [0x000000070ae00000, 0x0000000800000000)
  region size 2048K, 37 young (75776K), 2 survivors (4096K)
 Metaspace       used 21147K, committed 21504K, reserved 1073152K
  class space    used 2914K, committed 3072K, reserved 1048576K
}
Event: 1.149 GC heap after
{Heap after GC invocations=3 (full 0):
 garbage-first heap   total 251904K, used 13120K [0x000000070ae00000, 0x0000000800000000)
  region size 2048K, 4 young (8192K), 4 survivors (8192K)
 Metaspace       used 21147K, committed 21504K, reserved 1073152K
  class space    used 2914K, committed 3072K, reserved 1048576K
}
Event: 1.370 GC heap before
{Heap before GC invocations=4 (full 0):
 garbage-first heap   total 55296K, used 39744K [0x000000070ae00000, 0x0000000800000000)
  region size 2048K, 18 young (36864K), 4 survivors (8192K)
 Metaspace       used 24822K, committed 25280K, reserved 1073152K
  class space    used 3427K, committed 3648K, reserved 1048576K
}
Event: 1.375 GC heap after
{Heap after GC invocations=5 (full 0):
 garbage-first heap   total 55296K, used 15598K [0x000000070ae00000, 0x0000000800000000)
  region size 2048K, 5 young (10240K), 5 survivors (10240K)
 Metaspace       used 24822K, committed 25280K, reserved 1073152K
  class space    used 3427K, committed 3648K, reserved 1048576K
}
Event: 1.483 GC heap before
{Heap before GC invocations=5 (full 0):
 garbage-first heap   total 55296K, used 17646K [0x000000070ae00000, 0x0000000800000000)
  region size 2048K, 6 young (12288K), 5 survivors (10240K)
 Metaspace       used 25351K, committed 25856K, reserved 1073152K
  class space    used 3504K, committed 3712K, reserved 1048576K
}
Event: 1.491 GC heap after
{Heap after GC invocations=6 (full 0):
 garbage-first heap   total 55296K, used 16499K [0x000000070ae00000, 0x0000000800000000)
  region size 2048K, 1 young (2048K), 1 survivors (2048K)
 Metaspace       used 25351K, committed 25856K, reserved 1073152K
  class space    used 3504K, committed 3712K, reserved 1048576K
}
Event: 1.748 GC heap before
{Heap before GC invocations=6 (full 0):
 garbage-first heap   total 55296K, used 36979K [0x000000070ae00000, 0x0000000800000000)
  region size 2048K, 11 young (22528K), 1 survivors (2048K)
 Metaspace       used 28845K, committed 29248K, reserved 1081344K
  class space    used 3953K, committed 4160K, reserved 1048576K
}
Event: 1.749 GC heap after
{Heap after GC invocations=7 (full 0):
 garbage-first heap   total 153600K, used 16375K [0x000000070ae00000, 0x0000000800000000)
  region size 2048K, 1 young (2048K), 1 survivors (2048K)
 Metaspace       used 28845K, committed 29248K, reserved 1081344K
  class space    used 3953K, committed 4160K, reserved 1048576K
}
Event: 39.816 GC heap before
{Heap before GC invocations=7 (full 0):
 garbage-first heap   total 153600K, used 67575K [0x000000070ae00000, 0x0000000800000000)
  region size 2048K, 27 young (55296K), 1 survivors (2048K)
 Metaspace       used 35637K, committed 36096K, reserved 1081344K
  class space    used 4888K, committed 5120K, reserved 1048576K
}
Event: 39.819 GC heap after
{Heap after GC invocations=8 (full 0):
 garbage-first heap   total 153600K, used 19667K [0x000000070ae00000, 0x0000000800000000)
  region size 2048K, 3 young (6144K), 3 survivors (6144K)
 Metaspace       used 35637K, committed 36096K, reserved 1081344K
  class space    used 4888K, committed 5120K, reserved 1048576K
}
Event: 46.508 GC heap before
{Heap before GC invocations=9 (full 0):
 garbage-first heap   total 81920K, used 60627K [0x000000070ae00000, 0x0000000800000000)
  region size 2048K, 24 young (49152K), 3 survivors (6144K)
 Metaspace       used 42415K, committed 42944K, reserved 1089536K
  class space    used 5640K, committed 5888K, reserved 1048576K
}
Event: 46.511 GC heap after
{Heap after GC invocations=10 (full 0):
 garbage-first heap   total 81920K, used 25615K [0x000000070ae00000, 0x0000000800000000)
  region size 2048K, 3 young (6144K), 3 survivors (6144K)
 Metaspace       used 42415K, committed 42944K, reserved 1089536K
  class space    used 5640K, committed 5888K, reserved 1048576K
}
Event: 46.535 GC heap before
{Heap before GC invocations=10 (full 0):
 garbage-first heap   total 81920K, used 62479K [0x000000070ae00000, 0x0000000800000000)
  region size 2048K, 19 young (38912K), 3 survivors (6144K)
 Metaspace       used 42429K, committed 42944K, reserved 1089536K
  class space    used 5644K, committed 5888K, reserved 1048576K
}
Event: 46.537 GC heap after
{Heap after GC invocations=11 (full 0):
 garbage-first heap   total 81920K, used 33018K [0x000000070ae00000, 0x0000000800000000)
  region size 2048K, 2 young (4096K), 2 survivors (4096K)
 Metaspace       used 42429K, committed 42944K, reserved 1089536K
  class space    used 5644K, committed 5888K, reserved 1048576K
}

Deoptimization events (10 events):
Event: 0.646 Thread 0x0000018c2d401330 DEOPT PACKING pc=0x0000018c352dff79 sp=0x000000808bdfd870
Event: 0.646 Thread 0x0000018c2d401330 DEOPT UNPACKING pc=0x0000018c34cd2b43 sp=0x000000808bdfcd50 mode 3
Event: 0.732 Thread 0x0000018c2d401330 DEOPT PACKING pc=0x0000018c353410d5 sp=0x000000808bdfe680
Event: 0.732 Thread 0x0000018c2d401330 DEOPT UNPACKING pc=0x0000018c34cd2b43 sp=0x000000808bdfdb28 mode 3
Event: 1.267 Thread 0x0000018c2d401330 DEOPT PACKING pc=0x0000018c357ba7e5 sp=0x000000808bdfd9a0
Event: 1.267 Thread 0x0000018c2d401330 DEOPT UNPACKING pc=0x0000018c34cd2b43 sp=0x000000808bdfcf08 mode 3
Event: 1.593 Thread 0x0000018c2d401330 DEOPT PACKING pc=0x0000018c352ed309 sp=0x000000808bdfed20
Event: 1.593 Thread 0x0000018c2d401330 DEOPT UNPACKING pc=0x0000018c34cd2b43 sp=0x000000808bdfe1b0 mode 3
Event: 1.593 Thread 0x0000018c473fccb0 DEOPT PACKING pc=0x0000018c352c381f sp=0x000000808ebfefb0
Event: 1.593 Thread 0x0000018c473fccb0 DEOPT UNPACKING pc=0x0000018c34cd2b43 sp=0x000000808ebfe408 mode 3

Classes unloaded (0 events):
No events

Classes redefined (0 events):
No events

Internal exceptions (20 events):
Event: 1.991 Thread 0x0000018c2d401330 Exception <a 'java/lang/NoSuchMethodError'{0x0000000712be08d8}: 'int java.lang.invoke.DirectMethodHandle$Holder.invokeStaticInit(java.lang.Object, java.lang.Object, java.lang.Object, java.lang.Object)'> (0x0000000712be08d8) 
thrown [s\open\src\hotspot\share\interpreter\linkResolver.cpp, line 759]
Event: 2.037 Thread 0x0000018c2d401330 Exception <a 'java/lang/IncompatibleClassChangeError'{0x000000071257f8b0}: Found class java.lang.Object, but interface was expected> (0x000000071257f8b0) 
thrown [s\open\src\hotspot\share\interpreter\linkResolver.cpp, line 826]
Event: 2.052 Thread 0x0000018c2d401330 Exception <a 'java/lang/NoSuchMethodError'{0x0000000712342170}: 'java.lang.Object java.lang.invoke.DirectMethodHandle$Holder.newInvokeSpecial(java.lang.Object, java.lang.Object, int, java.lang.Object, java.lang.Object)'> (0x0000000712342170) 
thrown [s\open\src\hotspot\share\interpreter\linkResolver.cpp, line 759]
Event: 39.683 Thread 0x0000018c45afd320 Exception <a 'java/lang/NoSuchMethodError'{0x0000000711b39ee8}: 'java.lang.Object java.lang.invoke.DirectMethodHandle$Holder.invokeSpecial(java.lang.Object, java.lang.Object, java.lang.Object, java.lang.Object, java.lang.Object, long)'> (0x0000000711b39ee8) 
thrown [s\open\src\hotspot\share\interpreter\linkResolver.cpp, line 759]
Event: 39.683 Thread 0x0000018c45afd320 Exception <a 'java/lang/NoSuchMethodError'{0x0000000711b3d928}: 'java.lang.Object java.lang.invoke.Invokers$Holder.linkToTargetMethod(java.lang.Object, java.lang.Object, java.lang.Object, long, java.lang.Object)'> (0x0000000711b3d928) 
thrown [s\open\src\hotspot\share\interpreter\linkResolver.cpp, line 759]
Event: 39.789 Thread 0x0000018c45afd320 Exception <a 'java/lang/NoSuchMethodError'{0x000000071157c198}: 'java.lang.Object java.lang.invoke.DirectMethodHandle$Holder.invokeSpecialIFC(java.lang.Object, java.lang.Object, java.lang.Object)'> (0x000000071157c198) 
thrown [s\open\src\hotspot\share\interpreter\linkResolver.cpp, line 759]
Event: 39.790 Thread 0x0000018c45afd320 Exception <a 'java/lang/NoSuchMethodError'{0x00000007115926b0}: 'java.lang.Object java.lang.invoke.Invokers$Holder.invoker(java.lang.Object, java.lang.Object, java.lang.Object)'> (0x00000007115926b0) 
thrown [s\open\src\hotspot\share\interpreter\linkResolver.cpp, line 759]
Event: 39.790 Thread 0x0000018c45afd320 Exception <a 'java/lang/NoSuchMethodError'{0x000000071159bb18}: 'java.lang.Object java.lang.invoke.Invokers$Holder.invokeExact_MT(java.lang.Object, java.lang.Object, java.lang.Object, java.lang.Object)'> (0x000000071159bb18) 
thrown [s\open\src\hotspot\share\interpreter\linkResolver.cpp, line 759]
Event: 39.790 Thread 0x0000018c45afd320 Exception <a 'java/lang/NoSuchMethodError'{0x000000071159fdf0}: 'java.lang.Object java.lang.invoke.DirectMethodHandle$Holder.invokeSpecialIFC(java.lang.Object, java.lang.Object, java.lang.Object, int)'> (0x000000071159fdf0) 
thrown [s\open\src\hotspot\share\interpreter\linkResolver.cpp, line 759]
Event: 39.791 Thread 0x0000018c45afd320 Exception <a 'java/lang/NoSuchMethodError'{0x00000007115a7a58}: 'java.lang.Object java.lang.invoke.Invokers$Holder.invoker(java.lang.Object, java.lang.Object, java.lang.Object, java.lang.Object)'> (0x00000007115a7a58) 
thrown [s\open\src\hotspot\share\interpreter\linkResolver.cpp, line 759]
Event: 39.791 Thread 0x0000018c45afd320 Exception <a 'java/lang/NoSuchMethodError'{0x00000007115b1438}: 'int java.lang.invoke.DirectMethodHandle$Holder.invokeStatic(java.lang.Object, java.lang.Object, int)'> (0x00000007115b1438) 
thrown [s\open\src\hotspot\share\interpreter\linkResolver.cpp, line 759]
Event: 39.791 Thread 0x0000018c45afd320 Exception <a 'java/lang/NoSuchMethodError'{0x00000007115b5748}: 'int java.lang.invoke.DirectMethodHandle$Holder.invokeSpecial(java.lang.Object, java.lang.Object, java.lang.Object, int)'> (0x00000007115b5748) 
thrown [s\open\src\hotspot\share\interpreter\linkResolver.cpp, line 759]
Event: 39.791 Thread 0x0000018c45afd320 Exception <a 'java/lang/NoSuchMethodError'{0x00000007115c7d68}: 'java.lang.Object java.lang.invoke.DirectMethodHandle$Holder.invokeStatic(java.lang.Object, java.lang.Object, java.lang.Object, java.lang.Object, int)'> (0x00000007115c7d68) 
thrown [s\open\src\hotspot\share\interpreter\linkResolver.cpp, line 759]
Event: 39.814 Thread 0x0000018c45afd320 Exception <a 'java/lang/ClassNotFoundException'{0x0000000711072608}: java/util/MapBeanInfo> (0x0000000711072608) 
thrown [s\open\src\hotspot\share\classfile\systemDictionary.cpp, line 256]
Event: 39.814 Thread 0x0000018c45afd320 Exception <a 'java/lang/ClassNotFoundException'{0x0000000711077a18}: java/util/MapCustomizer> (0x0000000711077a18) 
thrown [s\open\src\hotspot\share\classfile\systemDictionary.cpp, line 256]
Event: 39.918 Thread 0x0000018c45afd320 Exception <a 'java/lang/NoSuchMethodError'{0x000000070ed31270}: 'java.lang.Object java.lang.invoke.DirectMethodHandle$Holder.invokeStaticInit(java.lang.Object, java.lang.Object, java.lang.Object, java.lang.Object)'> (0x000000070ed31270) 
thrown [s\open\src\hotspot\share\interpreter\linkResolver.cpp, line 759]
Event: 40.011 Thread 0x0000018c45afd320 Exception <a 'sun/nio/fs/WindowsException'{0x000000070e6e33d0}> (0x000000070e6e33d0) 
thrown [s\open\src\hotspot\share\prims\jni.cpp, line 516]
Event: 46.410 Thread 0x0000018c45afaca0 Exception <a 'java/lang/ClassNotFoundException'{0x000000070de7a7b0}: sun/awt/resources/spi/awtProvider> (0x000000070de7a7b0) 
thrown [s\open\src\hotspot\share\classfile\systemDictionary.cpp, line 256]
Event: 46.414 Thread 0x0000018c45afaca0 Exception <a 'java/io/FileNotFoundException'{0x000000070df95620}> (0x000000070df95620) 
thrown [s\open\src\hotspot\share\prims\jni.cpp, line 516]
Event: 46.414 Thread 0x0000018c45afaca0 Exception <a 'java/io/FileNotFoundException'{0x000000070df973d8}> (0x000000070df973d8) 
thrown [s\open\src\hotspot\share\prims\jni.cpp, line 516]

VM Operations (20 events):
Event: 40.012 Executing VM operation: HandshakeAllThreads
Event: 40.012 Executing VM operation: HandshakeAllThreads done
Event: 40.015 Executing VM operation: HandshakeAllThreads
Event: 40.015 Executing VM operation: HandshakeAllThreads done
Event: 40.016 Executing VM operation: HandshakeAllThreads
Event: 40.016 Executing VM operation: HandshakeAllThreads done
Event: 41.014 Executing VM operation: Cleanup
Event: 41.015 Executing VM operation: Cleanup done
Event: 41.823 Executing VM operation: HandshakeAllThreads
Event: 41.823 Executing VM operation: HandshakeAllThreads done
Event: 41.825 Executing VM operation: HandshakeAllThreads
Event: 41.825 Executing VM operation: HandshakeAllThreads done
Event: 42.838 Executing VM operation: Cleanup
Event: 42.838 Executing VM operation: Cleanup done
Event: 46.508 Executing VM operation: G1CollectForAllocation
Event: 46.508 Executing VM operation: G1CollectForAllocation done
Event: 46.508 Executing VM operation: G1CollectForAllocation
Event: 46.511 Executing VM operation: G1CollectForAllocation done
Event: 46.535 Executing VM operation: G1CollectForAllocation
Event: 46.537 Executing VM operation: G1CollectForAllocation done

Events (20 events):
Event: 46.495 loading class com/sun/imageio/plugins/jpeg/DHTMarkerSegment
Event: 46.495 loading class com/sun/imageio/plugins/jpeg/DHTMarkerSegment done
Event: 46.495 loading class com/sun/imageio/plugins/jpeg/DHTMarkerSegment$Htable
Event: 46.496 loading class com/sun/imageio/plugins/jpeg/DHTMarkerSegment$Htable done
Event: 46.496 loading class com/sun/imageio/plugins/jpeg/SOFMarkerSegment
Event: 46.496 loading class com/sun/imageio/plugins/jpeg/SOFMarkerSegment done
Event: 46.496 loading class com/sun/imageio/plugins/jpeg/SOFMarkerSegment$ComponentSpec
Event: 46.496 loading class com/sun/imageio/plugins/jpeg/SOFMarkerSegment$ComponentSpec done
Event: 46.496 loading class com/sun/imageio/plugins/jpeg/SOSMarkerSegment
Event: 46.496 loading class com/sun/imageio/plugins/jpeg/SOSMarkerSegment done
Event: 46.496 loading class com/sun/imageio/plugins/jpeg/SOSMarkerSegment$ScanComponentSpec
Event: 46.496 loading class com/sun/imageio/plugins/jpeg/SOSMarkerSegment$ScanComponentSpec done
Event: 46.496 loading class com/sun/imageio/plugins/jpeg/AdobeMarkerSegment
Event: 46.496 loading class com/sun/imageio/plugins/jpeg/AdobeMarkerSegment done
Event: 46.496 loading class com/sun/imageio/plugins/jpeg/DRIMarkerSegment
Event: 46.496 loading class com/sun/imageio/plugins/jpeg/DRIMarkerSegment done
Event: 46.498 Thread 0x0000018c47998710 Thread added: 0x0000018c47998710
Event: 46.498 Thread 0x0000018c451162c0 Thread added: 0x0000018c451162c0
Event: 46.504 loading class javax/imageio/stream/FileImageInputStream
Event: 46.504 loading class javax/imageio/stream/FileImageInputStream done


Dynamic libraries:
0x00007ff727500000 - 0x00007ff727510000 	C:\Program Files\Java\jdk-17\bin\java.exe
0x00007ffbecd30000 - 0x00007ffbecf26000 	C:\Windows\SYSTEM32\ntdll.dll
0x00007ffbeaf80000 - 0x00007ffbeb03d000 	C:\Windows\System32\KERNEL32.DLL
0x00007ffbea790000 - 0x00007ffbeaa58000 	C:\Windows\System32\KERNELBASE.dll
0x00007ffbeac90000 - 0x00007ffbead90000 	C:\Windows\System32\ucrtbase.dll
0x00007ffbe3660000 - 0x00007ffbe3679000 	C:\Program Files\Java\jdk-17\bin\jli.dll
0x00007ffbe1b40000 - 0x00007ffbe1b5b000 	C:\Program Files\Java\jdk-17\bin\VCRUNTIME140.dll
0x00007ffbec1d0000 - 0x00007ffbec27c000 	C:\Windows\System32\ADVAPI32.dll
0x00007ffbec130000 - 0x00007ffbec1ce000 	C:\Windows\System32\msvcrt.dll
0x00007ffbec2e0000 - 0x00007ffbec37b000 	C:\Windows\System32\sechost.dll
0x00007ffbeb220000 - 0x00007ffbeb344000 	C:\Windows\System32\RPCRT4.dll
0x00007ffbebac0000 - 0x00007ffbebc60000 	C:\Windows\System32\USER32.dll
0x00007ffbeaa60000 - 0x00007ffbeaa82000 	C:\Windows\System32\win32u.dll
0x00007ffbeccc0000 - 0x00007ffbeccea000 	C:\Windows\System32\GDI32.dll
0x00007ffbea470000 - 0x00007ffbea579000 	C:\Windows\System32\gdi32full.dll
0x00007ffbd0150000 - 0x00007ffbd03eb000 	C:\Windows\WinSxS\amd64_microsoft.windows.common-controls_6595b64144ccf1df_6.0.19041.488_none_ca04af081b815d21\COMCTL32.dll
0x00007ffbeabf0000 - 0x00007ffbeac8d000 	C:\Windows\System32\msvcp_win.dll
0x00007ffbe2360000 - 0x00007ffbe236a000 	C:\Windows\SYSTEM32\VERSION.dll
0x00007ffbec100000 - 0x00007ffbec130000 	C:\Windows\System32\IMM32.DLL
0x00007ffbe2350000 - 0x00007ffbe235c000 	C:\Program Files\Java\jdk-17\bin\vcruntime140_1.dll
0x00007ffbc7c20000 - 0x00007ffbc7cae000 	C:\Program Files\Java\jdk-17\bin\msvcp140.dll
0x00007ffba5dd0000 - 0x00007ffba69ad000 	C:\Program Files\Java\jdk-17\bin\server\jvm.dll
0x00007ffbeb900000 - 0x00007ffbeb908000 	C:\Windows\System32\PSAPI.DLL
0x00007ffbe0b40000 - 0x00007ffbe0b67000 	C:\Windows\SYSTEM32\WINMM.dll
0x00007ffbe4bc0000 - 0x00007ffbe4bc9000 	C:\Windows\SYSTEM32\WSOCK32.dll
0x00007ffbebfc0000 - 0x00007ffbec02b000 	C:\Windows\System32\WS2_32.dll
0x00007ffbe8d50000 - 0x00007ffbe8d62000 	C:\Windows\SYSTEM32\kernel.appcore.dll
0x00007ffbe1b30000 - 0x00007ffbe1b3a000 	C:\Program Files\Java\jdk-17\bin\jimage.dll
0x00007ffbe8b00000 - 0x00007ffbe8ce4000 	C:\Windows\SYSTEM32\DBGHELP.DLL
0x00007ffbd2d10000 - 0x00007ffbd2d3c000 	C:\Windows\SYSTEM32\dbgcore.DLL
0x00007ffbea580000 - 0x00007ffbea5ff000 	C:\Windows\System32\bcryptPrimitives.dll
0x00007ffbe1ae0000 - 0x00007ffbe1aee000 	C:\Program Files\Java\jdk-17\bin\instrument.dll
0x00007ffbe1a10000 - 0x00007ffbe1a35000 	C:\Program Files\Java\jdk-17\bin\java.dll
0x00007ffbb1f40000 - 0x00007ffbb2017000 	C:\Program Files\Java\jdk-17\bin\jsvml.dll
0x00007ffbec570000 - 0x00007ffbeccb1000 	C:\Windows\System32\SHELL32.dll
0x00007ffbe8290000 - 0x00007ffbe8a25000 	C:\Windows\SYSTEM32\windows.storage.dll
0x00007ffbebc60000 - 0x00007ffbebfb5000 	C:\Windows\System32\combase.dll
0x00007ffbe9e70000 - 0x00007ffbe9e9c000 	C:\Windows\SYSTEM32\Wldp.dll
0x00007ffbeb850000 - 0x00007ffbeb8fe000 	C:\Windows\System32\SHCORE.dll
0x00007ffbeae00000 - 0x00007ffbeae55000 	C:\Windows\System32\shlwapi.dll
0x00007ffbea3a0000 - 0x00007ffbea3c6000 	C:\Windows\SYSTEM32\profapi.dll
0x00007ffbe1840000 - 0x00007ffbe1858000 	C:\Program Files\Java\jdk-17\bin\zip.dll
0x00007ffbe1820000 - 0x00007ffbe1839000 	C:\Program Files\Java\jdk-17\bin\net.dll
0x00007ffbe4f10000 - 0x00007ffbe5010000 	C:\Windows\SYSTEM32\WINHTTP.dll
0x00007ffbe9bf0000 - 0x00007ffbe9c5a000 	C:\Windows\system32\mswsock.dll
0x00007ffbe0ae0000 - 0x00007ffbe0af6000 	C:\Program Files\Java\jdk-17\bin\nio.dll
0x00007ffbd3240000 - 0x00007ffbd325a000 	F:\DevTools\Java\IntelliJ IDEA 2021.1\bin\breakgen64.dll
0x00007ffbe98c0000 - 0x00007ffbe998b000 	C:\Windows\SYSTEM32\DNSAPI.dll
0x00007ffbe9880000 - 0x00007ffbe98bb000 	C:\Windows\SYSTEM32\IPHLPAPI.DLL
0x00007ffbead90000 - 0x00007ffbead98000 	C:\Windows\System32\NSI.dll
0x00007ffbe3590000 - 0x00007ffbe359a000 	C:\Windows\System32\rasadhlp.dll
0x00007ffbe1240000 - 0x00007ffbe12bf000 	C:\Windows\System32\fwpuclnt.dll
0x00007ffbea600000 - 0x00007ffbea627000 	C:\Windows\System32\bcrypt.dll
0x00007ffbe1a60000 - 0x00007ffbe1a6a000 	C:\Program Files\Java\jdk-17\bin\management.dll
0x00007ffbd72b0000 - 0x00007ffbd72bb000 	C:\Program Files\Java\jdk-17\bin\management_ext.dll
0x00007ffbe9dc0000 - 0x00007ffbe9dd8000 	C:\Windows\SYSTEM32\CRYPTSP.dll
0x00007ffbe9520000 - 0x00007ffbe9554000 	C:\Windows\system32\rsaenh.dll
0x00007ffbea320000 - 0x00007ffbea34e000 	C:\Windows\SYSTEM32\USERENV.dll
0x00007ffbe9de0000 - 0x00007ffbe9dec000 	C:\Windows\SYSTEM32\CRYPTBASE.dll
0x00007ffbe3b80000 - 0x00007ffbe3b97000 	C:\Windows\SYSTEM32\dhcpcsvc6.DLL
0x00007ffbe3ab0000 - 0x00007ffbe3acd000 	C:\Windows\SYSTEM32\dhcpcsvc.DLL
0x00007ffbc5340000 - 0x00007ffbc5357000 	C:\Windows\system32\napinsp.dll
0x00007ffbc52f0000 - 0x00007ffbc530b000 	C:\Windows\system32\pnrpnsp.dll
0x00007ffbe5140000 - 0x00007ffbe5155000 	C:\Windows\system32\wshbth.dll
0x00007ffbe5bb0000 - 0x00007ffbe5bcd000 	C:\Windows\system32\NLAapi.dll
0x00007ffbc4340000 - 0x00007ffbc4352000 	C:\Windows\System32\winrnr.dll
0x00007ffbd3580000 - 0x00007ffbd358d000 	C:\Program Files\Java\jdk-17\bin\sunmscapi.dll
0x00007ffbea630000 - 0x00007ffbea78d000 	C:\Windows\System32\CRYPT32.dll
0x00007ffbe9ee0000 - 0x00007ffbe9f07000 	C:\Windows\SYSTEM32\ncrypt.dll
0x00007ffbe9ea0000 - 0x00007ffbe9edb000 	C:\Windows\SYSTEM32\NTASN1.dll
0x0000000180000000 - 0x0000000180288000 	F:\DevTools\apache-tomcat-9.0.65\bin\tcnative-1.dll
0x00007ffb74d20000 - 0x00007ffb77b5d000 	F:\face_recognition_check-in_system\face_check-in_BE\src\main\resources\libs\WIN64\libarcsoft_face.dll
0x00007ffbc6670000 - 0x00007ffbc675f000 	C:\Windows\SYSTEM32\MSVCR120.dll
0x00007ffbc6570000 - 0x00007ffbc6616000 	C:\Windows\SYSTEM32\MSVCP120.dll
0x00007ffbbb4b0000 - 0x00007ffbbb52f000 	F:\face_recognition_check-in_system\face_check-in_BE\src\main\resources\libs\WIN64\libarcsoft_face_engine.dll
0x00007ffbec510000 - 0x00007ffbec566000 	C:\Windows\System32\WLDAP32.dll
0x00007ffbd1330000 - 0x00007ffbd1355000 	F:\face_recognition_check-in_system\face_check-in_BE\src\main\resources\libs\WIN64\libarcsoft_face_engine_jni.dll
0x00007ffbd19b0000 - 0x00007ffbd19b7000 	C:\Windows\system32\wshunix.dll
0x00007ffbac4e0000 - 0x00007ffbac671000 	C:\Program Files\Java\jdk-17\bin\awt.dll
0x00007ffbec030000 - 0x00007ffbec0fd000 	C:\Windows\System32\OLEAUT32.dll
0x00007ffbe7a00000 - 0x00007ffbe7a90000 	C:\Windows\SYSTEM32\apphelp.dll
0x00007ffbe1b00000 - 0x00007ffbe1b2e000 	C:\Program Files\Java\jdk-17\bin\javajpeg.dll
0x00007ffbca290000 - 0x00007ffbca2d4000 	C:\Program Files\Java\jdk-17\bin\lcms.dll

dbghelp: loaded successfully - version: 4.0.5 - missing functions: none
symbol engine: initialized successfully - sym options: 0x614 - pdb path: .;C:\Program Files\Java\jdk-17\bin;C:\Windows\SYSTEM32;C:\Windows\WinSxS\amd64_microsoft.windows.common-controls_6595b64144ccf1df_6.0.19041.488_none_ca04af081b815d21;C:\Program Files\Java\jdk-17\bin\server;F:\DevTools\Java\IntelliJ IDEA 2021.1\bin;F:\DevTools\apache-tomcat-9.0.65\bin;F:\face_recognition_check-in_system\face_check-in_BE\src\main\resources\libs\WIN64

VM Arguments:
jvm_args: -XX:TieredStopAtLevel=1 -Xverify:none -Dspring.output.ansi.enabled=always -javaagent:F:\DevTools\Java\IntelliJ IDEA 2021.1\lib\idea_rt.jar=7574:F:\DevTools\Java\IntelliJ IDEA 2021.1\bin -Dcom.sun.management.jmxremote -Dspring.jmx.enabled=true -Dspring.liveBeansView.mbeanDomain -Dspring.application.admin.enabled=true -Dfile.encoding=UTF-8 
java_command: com.lh.face_checkin_be.FaceCheckInBeApplication
java_class_path (initial): F:\face_recognition_check-in_system\face_check-in_BE\target\classes;C:\Users\Administrator\.m2\repository\org\springframework\boot\spring-boot-starter-web\3.4.2\spring-boot-starter-web-3.4.2.jar;C:\Users\Administrator\.m2\repository\org\springframework\boot\spring-boot-starter-json\3.4.2\spring-boot-starter-json-3.4.2.jar;C:\Users\Administrator\.m2\repository\com\fasterxml\jackson\datatype\jackson-datatype-jdk8\2.18.2\jackson-datatype-jdk8-2.18.2.jar;C:\Users\Administrator\.m2\repository\com\fasterxml\jackson\datatype\jackson-datatype-jsr310\2.18.2\jackson-datatype-jsr310-2.18.2.jar;C:\Users\Administrator\.m2\repository\com\fasterxml\jackson\module\jackson-module-parameter-names\2.18.2\jackson-module-parameter-names-2.18.2.jar;C:\Users\Administrator\.m2\repository\org\springframework\boot\spring-boot-starter-tomcat\3.4.2\spring-boot-starter-tomcat-3.4.2.jar;C:\Users\Administrator\.m2\repository\org\apache\tomcat\embed\tomcat-embed-core\10.1.34\tomcat-embed-core-10.1.34.jar;C:\Users\Administrator\.m2\repository\org\apache\tomcat\embed\tomcat-embed-el\10.1.34\tomcat-embed-el-10.1.34.jar;C:\Users\Administrator\.m2\repository\org\apache\tomcat\embed\tomcat-embed-websocket\10.1.34\tomcat-embed-websocket-10.1.34.jar;C:\Users\Administrator\.m2\repository\org\springframework\spring-web\6.2.2\spring-web-6.2.2.jar;C:\Users\Administrator\.m2\repository\org\springframework\spring-beans\6.2.2\spring-beans-6.2.2.jar;C:\Users\Administrator\.m2\repository\io\micrometer\micrometer-observation\1.14.3\micrometer-observation-1.14.3.jar;C:\Users\Administrator\.m2\repository\io\micrometer\micrometer-commons\1.14.3\micrometer-commons-1.14.3.jar;C:\Users\Administrator\.m2\repository\org\springframework\spring-webmvc\6.2.2\spring-webmvc-6.2.2.jar;C:\Users\Administrator\.m2\repository\org\springframework\spring-expression\6.2.2\spring-expression-6.2.2.jar;C:\Users\Administrator\.m2\repository\org\springframework\boot\spring-boot-starter\3.4.2\spring-boot-starter-
Launcher Type: SUN_STANDARD

[Global flags]
     intx CICompilerCount                          = 12                                        {product} {ergonomic}
     uint ConcGCThreads                            = 3                                         {product} {ergonomic}
     uint G1ConcRefinementThreads                  = 13                                        {product} {ergonomic}
   size_t G1HeapRegionSize                         = 2097152                                   {product} {ergonomic}
    uintx GCDrainStackTargetSize                   = 64                                        {product} {ergonomic}
   size_t InitialHeapSize                          = 257949696                                 {product} {ergonomic}
     bool ManagementServer                         = true                                      {product} {command line}
   size_t MarkStackSize                            = 4194304                                   {product} {ergonomic}
   size_t MaxHeapSize                              = 4112515072                                {product} {ergonomic}
   size_t MaxNewSize                               = 2466250752                                {product} {ergonomic}
   size_t MinHeapDeltaBytes                        = 2097152                                   {product} {ergonomic}
   size_t MinHeapSize                              = 8388608                                   {product} {ergonomic}
    uintx NonProfiledCodeHeapSize                  = 0                                      {pd product} {ergonomic}
     bool ProfileInterpreter                       = false                                  {pd product} {command line}
    uintx ProfiledCodeHeapSize                     = 0                                      {pd product} {ergonomic}
   size_t SoftMaxHeapSize                          = 4112515072                             {manageable} {ergonomic}
     intx TieredStopAtLevel                        = 1                                         {product} {command line}
     bool UseCompressedClassPointers               = true                           {product lp64_product} {ergonomic}
     bool UseCompressedOops                        = true                           {product lp64_product} {ergonomic}
     bool UseG1GC                                  = true                                      {product} {ergonomic}
     bool UseLargePagesIndividualAllocation        = false                                  {pd product} {ergonomic}

Logging:
Log output configuration:
 #0: stdout all=warning uptime,level,tags
 #1: stderr all=off uptime,level,tags

Environment Variables:
JAVA_HOME=C:\Program Files\Java\jdk-17
CLASSPATH=.;C:\Program Files\Java\jdk-17\lib;C:\Program Files\Java\jdk-17\lib\tools.jar
PATH=C:\windows\system32;C:\Program Files\Java\jdk-17\bin;C:\Program Files\Java\jdk-17\jre\bin;C:\Program Files\Common Files\Oracle\Java\javapath;C:\Program Files (x86)\Common Files\Oracle\Java\javapath;C:\Program Files (x86)\VMware\VMware Workstation\bin\;C:\Ruby32-x64\bin;C:\Program Files\Java\jdk-17\bin;F:\MariaDB\bin;C:\Python27\Python;D:\software\EasyShare\x86\;D:\software\EasyShare\x64\;C:\Program Files (x86)\dotnet\;F:\DevTools\apache-maven-3.6.1\bin;C:\Windows;C:\Windows\System32\OpenSSH;C:\Windows\System32\Wbem;C:\Windows\System32\WindowsPowerShell\v1.0;F:\DevTools\node.js\;F:\DevTools\Dev-Cpp\MinGW64\bin;F:\DevTools\apache-tomcat-9.0.65\bin;C:\Program Files\dotnet\;C:\Program Files\kotlin-compiler-1.9.22\kotlinc\bin;F:\DevTools\.gradle \bin;F:\DevTools\fpc\bin\i386-Win32;C:\Program Files\Microsoft SQL Server\130\Tools\Binn\;C:\Program Files (x86)\Microsoft SQL Server\160\Tools\Binn\;C:\Program Files\Microsoft SQL Server\160\Tools\Binn\;C:\Program Files\Microsoft SQL Server\Client SDK\ODBC\170\Tools\Binn\;C:\Program Files\Microsoft SQL Server\160\DTS\Binn\;C:\Program Files (x86)\Microsoft SQL Server\160\DTS\Binn\;D:\mysql\mysql-5.7.19-winx64\bin;F:\DevTools\Python\Scripts\;F:\DevTools\Python\;C:\Users\Administrator\AppData\Local\Microsoft\WindowsApps;F:\DevTools\Java\IntelliJ IDEA 2021.1\bin;;C:\Users\Administrator\AppData\Roaming\npm;F:\DevTools\Microsoft VS Code\bin
USERNAME=Administrator
OS=Windows_NT
PROCESSOR_IDENTIFIER=AMD64 Family 25 Model 80 Stepping 0, AuthenticAMD



---------------  S Y S T E M  ---------------

OS:
 Windows 10 , 64 bit Build 19041 (10.0.19041.546)
OS uptime: 0 days 8:36 hours

CPU: total 16 (initial active 16) (16 cores per cpu, 2 threads per core) family 25 model 80 stepping 0 microcode 0x0, cx8, cmov, fxsr, ht, mmx, 3dnowpref, sse, sse2, sse3, ssse3, sse4a, sse4.1, sse4.2, popcnt, lzcnt, tsc, tscinvbit, avx, avx2, aes, erms, clmul, bmi1, bmi2, adx, sha, fma, vzeroupper, clflush, clflushopt

Memory: 4k page, system-wide physical 15681M (4793M free)
TotalPageFile size 18101M (AvailPageFile size 2317M)
current process WorkingSet (physical memory assigned to process): 324M, peak: 325M
current process commit charge ("private bytes"): 601M, peak: 661M

vm_info: Java HotSpot(TM) 64-Bit Server VM (17.0.7+8-LTS-224) for windows-amd64 JRE (17.0.7+8-LTS-224), built on Feb 28 2023 23:03:02 by "mach5one" with MS VC++ 17.1 (VS2022)

END.
