#
# A fatal error has been detected by the Java Runtime Environment:
#
#  EXCEPTION_ACCESS_VIOLATION (0xc0000005) at pc=0x00007ffd7ece58d0, pid=14788, tid=15880
#
# JRE version: Java(TM) SE Runtime Environment (17.0.7+8) (build 17.0.7+8-LTS-224)
# Java VM: Java HotSpot(TM) 64-Bit Server VM (17.0.7+8-LTS-224, mixed mode, emulated-client, sharing, tiered, compressed oops, compressed class ptrs, g1 gc, windows-amd64)
# Problematic frame:
# C  [libarcsoft_face.dll+0x258d0]
#
# No core dump will be written. Minidumps are not enabled by default on client versions of Windows
#
# If you would like to submit a bug report, please visit:
#   https://bugreport.java.com/bugreport/crash.jsp
# The crash happened outside the Java Virtual Machine in native code.
# See problematic frame for where to report the bug.
#

---------------  S U M M A R Y ------------

Command Line: -XX:TieredStopAtLevel=1 -Xverify:none -Dspring.output.ansi.enabled=always -javaagent:F:\DevTools\Java\IntelliJ IDEA 2021.1\lib\idea_rt.jar=8284:F:\DevTools\Java\IntelliJ IDEA 2021.1\bin -Dcom.sun.management.jmxremote -Dspring.jmx.enabled=true -Dspring.liveBeansView.mbeanDomain -Dspring.application.admin.enabled=true -Dfile.encoding=UTF-8 com.lh.face_checkin_be.FaceCheckInBeApplication

Host: AMD Ryzen 7 5800U with Radeon Graphics         , 16 cores, 15G,  Windows 10 , 64 bit Build 19041 (10.0.19041.546)
Time: Sun Feb 16 15:53:58 2025 China Standard Time elapsed time: 15.129595 seconds (0d 0h 0m 15s)

---------------  T H R E A D  ---------------

Current thread (0x000002855b25aa70):  JavaThread "http-nio-3007-exec-3" daemon [_thread_in_native, id=15880, stack(0x000000b0f5700000,0x000000b0f5800000)]

Stack: [0x000000b0f5700000,0x000000b0f5800000],  sp=0x000000b0f57fa7c0,  free space=1001k
Native frames: (J=compiled Java code, j=interpreted, Vv=VM code, C=native code)
C  [libarcsoft_face.dll+0x258d0]

Java frames: (J=compiled Java code, j=interpreted, Vv=VM code)
j  com.arcsoft.face.FaceEngine.detectFaces(J[BIIII[Lcom/arcsoft/face/FaceInfo;)I+0
j  com.arcsoft.face.FaceEngine.detectFaces([BIILcom/arcsoft/face/enums/ImageFormat;Lcom/arcsoft/face/enums/DetectModel;Ljava/util/List;)I+107
j  com.arcsoft.face.FaceEngine.detectFaces([BIILcom/arcsoft/face/enums/ImageFormat;Ljava/util/List;)I+11
j  com.lh.face_checkin_be.service.impl.upload.CameraPictureServiceImpl.getFaceFeatures(Ljava/lang/String;)Ljava/lang/String;+70
j  com.lh.face_checkin_be.service.impl.upload.CameraPictureServiceImpl.checkImage(Ljava/lang/String;)Lorg/springframework/http/ResponseEntity;+21
j  com.lh.face_checkin_be.controller.upload.CameraPictureController.uploadImage(Ljava/util/Map;)Lorg/springframework/http/ResponseEntity;+96
v  ~StubRoutines::call_stub
J 4836  jdk.internal.reflect.NativeMethodAccessorImpl.invoke0(Ljava/lang/reflect/Method;Ljava/lang/Object;[Ljava/lang/Object;)Ljava/lang/Object; java.base@17.0.7 (0 bytes) @ 0x0000028549051ca7 [0x0000028549051c20+0x0000000000000087]
J 4835 c1 jdk.internal.reflect.NativeMethodAccessorImpl.invoke(Ljava/lang/Object;[Ljava/lang/Object;)Ljava/lang/Object; java.base@17.0.7 (137 bytes) @ 0x00000285490524cc [0x0000028549052180+0x000000000000034c]
J 4655 c1 jdk.internal.reflect.DelegatingMethodAccessorImpl.invoke(Ljava/lang/Object;[Ljava/lang/Object;)Ljava/lang/Object; java.base@17.0.7 (10 bytes) @ 0x0000028549006764 [0x0000028549006720+0x0000000000000044]
J 4660 c1 java.lang.reflect.Method.invoke(Ljava/lang/Object;[Ljava/lang/Object;)Ljava/lang/Object; java.base@17.0.7 (65 bytes) @ 0x000002854900796c [0x0000028549007860+0x000000000000010c]
j  org.springframework.web.method.support.InvocableHandlerMethod.doInvoke([Ljava/lang/Object;)Ljava/lang/Object;+55
j  org.springframework.web.method.support.InvocableHandlerMethod.invokeForRequest(Lorg/springframework/web/context/request/NativeWebRequest;Lorg/springframework/web/method/support/ModelAndViewContainer;[Ljava/lang/Object;)Ljava/lang/Object;+82
j  org.springframework.web.servlet.mvc.method.annotation.ServletInvocableHandlerMethod.invokeAndHandle(Lorg/springframework/web/context/request/ServletWebRequest;Lorg/springframework/web/method/support/ModelAndViewContainer;[Ljava/lang/Object;)V+4
j  org.springframework.web.servlet.mvc.method.annotation.RequestMappingHandlerAdapter.invokeHandlerMethod(Ljakarta/servlet/http/HttpServletRequest;Ljakarta/servlet/http/HttpServletResponse;Lorg/springframework/web/method/HandlerMethod;)Lorg/springframework/web/servlet/ModelAndView;+309
j  org.springframework.web.servlet.mvc.method.annotation.RequestMappingHandlerAdapter.handleInternal(Ljakarta/servlet/http/HttpServletRequest;Ljakarta/servlet/http/HttpServletResponse;Lorg/springframework/web/method/HandlerMethod;)Lorg/springframework/web/servlet/ModelAndView;+81
j  org.springframework.web.servlet.mvc.method.AbstractHandlerMethodAdapter.handle(Ljakarta/servlet/http/HttpServletRequest;Ljakarta/servlet/http/HttpServletResponse;Ljava/lang/Object;)Lorg/springframework/web/servlet/ModelAndView;+7
j  org.springframework.web.servlet.DispatcherServlet.doDispatch(Ljakarta/servlet/http/HttpServletRequest;Ljakarta/servlet/http/HttpServletResponse;)V+304
j  org.springframework.web.servlet.DispatcherServlet.doService(Ljakarta/servlet/http/HttpServletRequest;Ljakarta/servlet/http/HttpServletResponse;)V+242
j  org.springframework.web.servlet.FrameworkServlet.processRequest(Ljakarta/servlet/http/HttpServletRequest;Ljakarta/servlet/http/HttpServletResponse;)V+70
j  org.springframework.web.servlet.FrameworkServlet.doPost(Ljakarta/servlet/http/HttpServletRequest;Ljakarta/servlet/http/HttpServletResponse;)V+3
j  jakarta.servlet.http.HttpServlet.service(Ljakarta/servlet/http/HttpServletRequest;Ljakarta/servlet/http/HttpServletResponse;)V+150
j  org.springframework.web.servlet.FrameworkServlet.service(Ljakarta/servlet/http/HttpServletRequest;Ljakarta/servlet/http/HttpServletResponse;)V+20
j  jakarta.servlet.http.HttpServlet.service(Ljakarta/servlet/ServletRequest;Ljakarta/servlet/ServletResponse;)V+37
j  org.apache.catalina.core.ApplicationFilterChain.internalDoFilter(Ljakarta/servlet/ServletRequest;Ljakarta/servlet/ServletResponse;)V+300
j  org.apache.catalina.core.ApplicationFilterChain.doFilter(Ljakarta/servlet/ServletRequest;Ljakarta/servlet/ServletResponse;)V+99
j  org.apache.tomcat.websocket.server.WsFilter.doFilter(Ljakarta/servlet/ServletRequest;Ljakarta/servlet/ServletResponse;Ljakarta/servlet/FilterChain;)V+21
j  org.apache.catalina.core.ApplicationFilterChain.internalDoFilter(Ljakarta/servlet/ServletRequest;Ljakarta/servlet/ServletResponse;)V+130
j  org.apache.catalina.core.ApplicationFilterChain.doFilter(Ljakarta/servlet/ServletRequest;Ljakarta/servlet/ServletResponse;)V+99
j  org.springframework.web.filter.OncePerRequestFilter.doFilter(Ljakarta/servlet/ServletRequest;Ljakarta/servlet/ServletResponse;Ljakarta/servlet/FilterChain;)V+125
j  org.apache.catalina.core.ApplicationFilterChain.internalDoFilter(Ljakarta/servlet/ServletRequest;Ljakarta/servlet/ServletResponse;)V+130
j  org.apache.catalina.core.ApplicationFilterChain.doFilter(Ljakarta/servlet/ServletRequest;Ljakarta/servlet/ServletResponse;)V+99
j  com.lh.face_checkin_be.config.CorsConfig.doFilter(Ljakarta/servlet/ServletRequest;Ljakarta/servlet/ServletResponse;Ljakarta/servlet/FilterChain;)V+115
j  org.apache.catalina.core.ApplicationFilterChain.internalDoFilter(Ljakarta/servlet/ServletRequest;Ljakarta/servlet/ServletResponse;)V+130
j  org.apache.catalina.core.ApplicationFilterChain.doFilter(Ljakarta/servlet/ServletRequest;Ljakarta/servlet/ServletResponse;)V+99
j  org.springframework.web.filter.CompositeFilter$VirtualFilterChain.doFilter(Ljakarta/servlet/ServletRequest;Ljakarta/servlet/ServletResponse;)V+22
j  org.springframework.security.web.FilterChainProxy.lambda$doFilterInternal$3(Lorg/springframework/security/web/firewall/FirewalledRequest;Ljakarta/servlet/FilterChain;Ljakarta/servlet/ServletRequest;Ljakarta/servlet/ServletResponse;)V+35
j  org.springframework.security.web.FilterChainProxy$$Lambda$1105+0x0000000801117b40.doFilter(Ljakarta/servlet/ServletRequest;Ljakarta/servlet/ServletResponse;)V+10
j  org.springframework.security.web.FilterChainProxy$VirtualFilterChain.doFilter(Ljakarta/servlet/ServletRequest;Ljakarta/servlet/ServletResponse;)V+17
j  org.springframework.security.web.access.intercept.AuthorizationFilter.doFilter(Ljakarta/servlet/ServletRequest;Ljakarta/servlet/ServletResponse;Ljakarta/servlet/FilterChain;)V+147
j  org.springframework.security.web.FilterChainProxy$VirtualFilterChain.doFilter(Ljakarta/servlet/ServletRequest;Ljakarta/servlet/ServletResponse;)V+105
j  org.springframework.security.web.access.ExceptionTranslationFilter.doFilter(Ljakarta/servlet/http/HttpServletRequest;Ljakarta/servlet/http/HttpServletResponse;Ljakarta/servlet/FilterChain;)V+3
j  org.springframework.security.web.access.ExceptionTranslationFilter.doFilter(Ljakarta/servlet/ServletRequest;Ljakarta/servlet/ServletResponse;Ljakarta/servlet/FilterChain;)V+10
j  org.springframework.security.web.FilterChainProxy$VirtualFilterChain.doFilter(Ljakarta/servlet/ServletRequest;Ljakarta/servlet/ServletResponse;)V+105
j  org.springframework.security.web.session.SessionManagementFilter.doFilter(Ljakarta/servlet/http/HttpServletRequest;Ljakarta/servlet/http/HttpServletResponse;Ljakarta/servlet/FilterChain;)V+223
j  org.springframework.security.web.session.SessionManagementFilter.doFilter(Ljakarta/servlet/ServletRequest;Ljakarta/servlet/ServletResponse;Ljakarta/servlet/FilterChain;)V+10
j  org.springframework.security.web.FilterChainProxy$VirtualFilterChain.doFilter(Ljakarta/servlet/ServletRequest;Ljakarta/servlet/ServletResponse;)V+105
j  org.springframework.security.web.authentication.AnonymousAuthenticationFilter.doFilter(Ljakarta/servlet/ServletRequest;Ljakarta/servlet/ServletResponse;Ljakarta/servlet/FilterChain;)V+33
j  org.springframework.security.web.FilterChainProxy$VirtualFilterChain.doFilter(Ljakarta/servlet/ServletRequest;Ljakarta/servlet/ServletResponse;)V+105
j  org.springframework.security.web.servletapi.SecurityContextHolderAwareRequestFilter.doFilter(Ljakarta/servlet/ServletRequest;Ljakarta/servlet/ServletResponse;Ljakarta/servlet/FilterChain;)V+19
j  org.springframework.security.web.FilterChainProxy$VirtualFilterChain.doFilter(Ljakarta/servlet/ServletRequest;Ljakarta/servlet/ServletResponse;)V+105
j  org.springframework.security.web.savedrequest.RequestCacheAwareFilter.doFilter(Ljakarta/servlet/ServletRequest;Ljakarta/servlet/ServletResponse;Ljakarta/servlet/FilterChain;)V+32
j  org.springframework.security.web.FilterChainProxy$VirtualFilterChain.doFilter(Ljakarta/servlet/ServletRequest;Ljakarta/servlet/ServletResponse;)V+105
j  com.lh.face_checkin_be.config.filter.JwtAuthenticationTokenFilter.doFilterInternal(Ljakarta/servlet/http/HttpServletRequest;Ljakarta/servlet/http/HttpServletResponse;Ljakarta/servlet/FilterChain;)V+167
j  org.springframework.web.filter.OncePerRequestFilter.doFilter(Ljakarta/servlet/ServletRequest;Ljakarta/servlet/ServletResponse;Ljakarta/servlet/FilterChain;)V+150
j  org.springframework.security.web.FilterChainProxy$VirtualFilterChain.doFilter(Ljakarta/servlet/ServletRequest;Ljakarta/servlet/ServletResponse;)V+105
j  org.springframework.security.web.authentication.logout.LogoutFilter.doFilter(Ljakarta/servlet/http/HttpServletRequest;Ljakarta/servlet/http/HttpServletResponse;Ljakarta/servlet/FilterChain;)V+83
j  org.springframework.security.web.authentication.logout.LogoutFilter.doFilter(Ljakarta/servlet/ServletRequest;Ljakarta/servlet/ServletResponse;Ljakarta/servlet/FilterChain;)V+10
j  org.springframework.security.web.FilterChainProxy$VirtualFilterChain.doFilter(Ljakarta/servlet/ServletRequest;Ljakarta/servlet/ServletResponse;)V+105
j  org.springframework.security.web.header.HeaderWriterFilter.doHeadersAfter(Ljakarta/servlet/http/HttpServletRequest;Ljakarta/servlet/http/HttpServletResponse;Ljakarta/servlet/FilterChain;)V+29
j  org.springframework.security.web.header.HeaderWriterFilter.doFilterInternal(Ljakarta/servlet/http/HttpServletRequest;Ljakarta/servlet/http/HttpServletResponse;Ljakarta/servlet/FilterChain;)V+21
j  org.springframework.web.filter.OncePerRequestFilter.doFilter(Ljakarta/servlet/ServletRequest;Ljakarta/servlet/ServletResponse;Ljakarta/servlet/FilterChain;)V+150
j  org.springframework.security.web.FilterChainProxy$VirtualFilterChain.doFilter(Ljakarta/servlet/ServletRequest;Ljakarta/servlet/ServletResponse;)V+105
j  org.springframework.security.web.context.SecurityContextHolderFilter.doFilter(Ljakarta/servlet/http/HttpServletRequest;Ljakarta/servlet/http/HttpServletResponse;Ljakarta/servlet/FilterChain;)V+59
j  org.springframework.security.web.context.SecurityContextHolderFilter.doFilter(Ljakarta/servlet/ServletRequest;Ljakarta/servlet/ServletResponse;Ljakarta/servlet/FilterChain;)V+10
j  org.springframework.security.web.FilterChainProxy$VirtualFilterChain.doFilter(Ljakarta/servlet/ServletRequest;Ljakarta/servlet/ServletResponse;)V+105
j  org.springframework.security.web.context.request.async.WebAsyncManagerIntegrationFilter.doFilterInternal(Ljakarta/servlet/http/HttpServletRequest;Ljakarta/servlet/http/HttpServletResponse;Ljakarta/servlet/FilterChain;)V+55
j  org.springframework.web.filter.OncePerRequestFilter.doFilter(Ljakarta/servlet/ServletRequest;Ljakarta/servlet/ServletResponse;Ljakarta/servlet/FilterChain;)V+150
j  org.springframework.security.web.FilterChainProxy$VirtualFilterChain.doFilter(Ljakarta/servlet/ServletRequest;Ljakarta/servlet/ServletResponse;)V+105
j  org.springframework.security.web.session.DisableEncodeUrlFilter.doFilterInternal(Ljakarta/servlet/http/HttpServletRequest;Ljakarta/servlet/http/HttpServletResponse;Ljakarta/servlet/FilterChain;)V+10
j  org.springframework.web.filter.OncePerRequestFilter.doFilter(Ljakarta/servlet/ServletRequest;Ljakarta/servlet/ServletResponse;Ljakarta/servlet/FilterChain;)V+150
j  org.springframework.security.web.FilterChainProxy$VirtualFilterChain.doFilter(Ljakarta/servlet/ServletRequest;Ljakarta/servlet/ServletResponse;)V+105
j  org.springframework.security.web.FilterChainProxy.doFilterInternal(Ljakarta/servlet/ServletRequest;Ljakarta/servlet/ServletResponse;Ljakarta/servlet/FilterChain;)V+163
j  org.springframework.security.web.FilterChainProxy.doFilter(Ljakarta/servlet/ServletRequest;Ljakarta/servlet/ServletResponse;Ljakarta/servlet/FilterChain;)V+48
j  org.springframework.web.filter.CompositeFilter$VirtualFilterChain.doFilter(Ljakarta/servlet/ServletRequest;Ljakarta/servlet/ServletResponse;)V+63
j  org.springframework.web.servlet.handler.HandlerMappingIntrospector.lambda$createCacheFilter$3(Ljakarta/servlet/ServletRequest;Ljakarta/servlet/ServletResponse;Ljakarta/servlet/FilterChain;)V+13
j  org.springframework.web.servlet.handler.HandlerMappingIntrospector$$Lambda$1011+0x00000008010c35d0.doFilter(Ljakarta/servlet/ServletRequest;Ljakarta/servlet/ServletResponse;Ljakarta/servlet/FilterChain;)V+7
j  org.springframework.web.filter.CompositeFilter$VirtualFilterChain.doFilter(Ljakarta/servlet/ServletRequest;Ljakarta/servlet/ServletResponse;)V+63
j  org.springframework.web.filter.CompositeFilter.doFilter(Ljakarta/servlet/ServletRequest;Ljakarta/servlet/ServletResponse;Ljakarta/servlet/FilterChain;)V+14
j  org.springframework.security.config.annotation.web.configuration.WebMvcSecurityConfiguration$CompositeFilterChainProxy.doFilter(Ljakarta/servlet/ServletRequest;Ljakarta/servlet/ServletResponse;Ljakarta/servlet/FilterChain;)V+7
j  org.springframework.web.filter.DelegatingFilterProxy.invokeDelegate(Ljakarta/servlet/Filter;Ljakarta/servlet/ServletRequest;Ljakarta/servlet/ServletResponse;Ljakarta/servlet/FilterChain;)V+5
j  org.springframework.web.filter.DelegatingFilterProxy.doFilter(Ljakarta/servlet/ServletRequest;Ljakarta/servlet/ServletResponse;Ljakarta/servlet/FilterChain;)V+98
j  org.apache.catalina.core.ApplicationFilterChain.internalDoFilter(Ljakarta/servlet/ServletRequest;Ljakarta/servlet/ServletResponse;)V+130
j  org.apache.catalina.core.ApplicationFilterChain.doFilter(Ljakarta/servlet/ServletRequest;Ljakarta/servlet/ServletResponse;)V+99
j  org.springframework.web.filter.RequestContextFilter.doFilterInternal(Ljakarta/servlet/http/HttpServletRequest;Ljakarta/servlet/http/HttpServletResponse;Ljakarta/servlet/FilterChain;)V+21
j  org.springframework.web.filter.OncePerRequestFilter.doFilter(Ljakarta/servlet/ServletRequest;Ljakarta/servlet/ServletResponse;Ljakarta/servlet/FilterChain;)V+150
j  org.apache.catalina.core.ApplicationFilterChain.internalDoFilter(Ljakarta/servlet/ServletRequest;Ljakarta/servlet/ServletResponse;)V+130
j  org.apache.catalina.core.ApplicationFilterChain.doFilter(Ljakarta/servlet/ServletRequest;Ljakarta/servlet/ServletResponse;)V+99
j  org.springframework.web.filter.FormContentFilter.doFilterInternal(Ljakarta/servlet/http/HttpServletRequest;Ljakarta/servlet/http/HttpServletResponse;Ljakarta/servlet/FilterChain;)V+38
j  org.springframework.web.filter.OncePerRequestFilter.doFilter(Ljakarta/servlet/ServletRequest;Ljakarta/servlet/ServletResponse;Ljakarta/servlet/FilterChain;)V+150
j  org.apache.catalina.core.ApplicationFilterChain.internalDoFilter(Ljakarta/servlet/ServletRequest;Ljakarta/servlet/ServletResponse;)V+130
j  org.apache.catalina.core.ApplicationFilterChain.doFilter(Ljakarta/servlet/ServletRequest;Ljakarta/servlet/ServletResponse;)V+99
j  org.springframework.web.filter.CharacterEncodingFilter.doFilterInternal(Ljakarta/servlet/http/HttpServletRequest;Ljakarta/servlet/http/HttpServletResponse;Ljakarta/servlet/FilterChain;)V+53
j  org.springframework.web.filter.OncePerRequestFilter.doFilter(Ljakarta/servlet/ServletRequest;Ljakarta/servlet/ServletResponse;Ljakarta/servlet/FilterChain;)V+150
j  org.apache.catalina.core.ApplicationFilterChain.internalDoFilter(Ljakarta/servlet/ServletRequest;Ljakarta/servlet/ServletResponse;)V+130
j  org.apache.catalina.core.ApplicationFilterChain.doFilter(Ljakarta/servlet/ServletRequest;Ljakarta/servlet/ServletResponse;)V+99
j  org.apache.catalina.core.StandardWrapperValve.invoke(Lorg/apache/catalina/connector/Request;Lorg/apache/catalina/connector/Response;)V+514
j  org.apache.catalina.core.StandardContextValve.invoke(Lorg/apache/catalina/connector/Request;Lorg/apache/catalina/connector/Response;)V+169
j  org.apache.catalina.authenticator.AuthenticatorBase.invoke(Lorg/apache/catalina/connector/Request;Lorg/apache/catalina/connector/Response;)V+221
j  org.apache.catalina.core.StandardHostValve.invoke(Lorg/apache/catalina/connector/Request;Lorg/apache/catalina/connector/Response;)V+131
j  org.apache.catalina.valves.ErrorReportValve.invoke(Lorg/apache/catalina/connector/Request;Lorg/apache/catalina/connector/Response;)V+6
j  org.apache.catalina.core.StandardEngineValve.invoke(Lorg/apache/catalina/connector/Request;Lorg/apache/catalina/connector/Response;)V+59
j  org.apache.catalina.connector.CoyoteAdapter.service(Lorg/apache/coyote/Request;Lorg/apache/coyote/Response;)V+188
j  org.apache.coyote.http11.Http11Processor.service(Lorg/apache/tomcat/util/net/SocketWrapperBase;)Lorg/apache/tomcat/util/net/AbstractEndpoint$Handler$SocketState;+796
j  org.apache.coyote.AbstractProcessorLight.process(Lorg/apache/tomcat/util/net/SocketWrapperBase;Lorg/apache/tomcat/util/net/SocketEvent;)Lorg/apache/tomcat/util/net/AbstractEndpoint$Handler$SocketState;+155
j  org.apache.coyote.AbstractProtocol$ConnectionHandler.process(Lorg/apache/tomcat/util/net/SocketWrapperBase;Lorg/apache/tomcat/util/net/SocketEvent;)Lorg/apache/tomcat/util/net/AbstractEndpoint$Handler$SocketState;+482
j  org.apache.tomcat.util.net.NioEndpoint$SocketProcessor.doRun()V+249
j  org.apache.tomcat.util.net.SocketProcessorBase.run()V+32
j  org.apache.tomcat.util.threads.ThreadPoolExecutor.runWorker(Lorg/apache/tomcat/util/threads/ThreadPoolExecutor$Worker;)V+92
j  org.apache.tomcat.util.threads.ThreadPoolExecutor$Worker.run()V+5
j  org.apache.tomcat.util.threads.TaskThread$WrappingRunnable.run()V+4
j  java.lang.Thread.run()V+11 java.base@17.0.7
v  ~StubRoutines::call_stub

siginfo: EXCEPTION_ACCESS_VIOLATION (0xc0000005), reading address 0x000000000000000c


Register to memory mapping:

RIP=0x00007ffd7ece58d0 libarcsoft_face.dll
RAX=0x0 is NULL
RBX=0x00000000000001e0 is an unknown value
RCX=0x0 is NULL
RDX=0x0 is NULL
RSP=0x000000b0f57fa7c0 is pointing into the stack for thread: 0x000002855b25aa70
RBP=0x0000028571edd050 points into unknown readable memory: 0xa6a5a2a6a5a1a5a4 | a4 a5 a1 a5 a6 a2 a5 a6
RSI=0x0 is NULL
RDI=0x0000000000000280 is an unknown value
R8 =0x0 is NULL
R9 =0x0 is NULL
R10=0x0000000000000018 is an unknown value
R11=0x000002855c922548 points into unknown readable memory: 0x42a8000042880000 | 00 00 88 42 00 00 a8 42
R12=0x000002855c922548 points into unknown readable memory: 0x42a8000042880000 | 00 00 88 42 00 00 a8 42
R13=0x0000000000000018 is an unknown value
R14=0x000000b0f57fad80 is pointing into the stack for thread: 0x000002855b25aa70
R15=0x000002855c80e040 points into unknown readable memory: 0x0000000100000058 | 58 00 00 00 01 00 00 00


Registers:
RAX=0x0000000000000000, RBX=0x00000000000001e0, RCX=0x0000000000000000, RDX=0x0000000000000000
RSP=0x000000b0f57fa7c0, RBP=0x0000028571edd050, RSI=0x0000000000000000, RDI=0x0000000000000280
R8 =0x0000000000000000, R9 =0x0000000000000000, R10=0x0000000000000018, R11=0x000002855c922548
R12=0x000002855c922548, R13=0x0000000000000018, R14=0x000000b0f57fad80, R15=0x000002855c80e040
RIP=0x00007ffd7ece58d0, EFLAGS=0x0000000000010246

Top of Stack: (sp=0x000000b0f57fa7c0)
0x000000b0f57fa7c0:   000002855c949170 000002855c935f50
0x000000b0f57fa7d0:   000081c05788b6e2 0000000000000000
0x000000b0f57fa7e0:   00000000000000c0 000002855c935f50
0x000000b0f57fa7f0:   00007ffd7ef77f10 0000000000000009
0x000000b0f57fa800:   0000000000000040 00007ffd7ecececd
0x000000b0f57fa810:   000001e05c935ec8 0000000000000002
0x000000b0f57fa820:   0000000000000780 0000000000001b00
0x000000b0f57fa830:   0000000000000000 0000000000000000
0x000000b0f57fa840:   0000000000000000 0000000000000000
0x000000b0f57fa850:   0000000000000000 0000000000000000
0x000000b0f57fa860:   0000000000000000 0000000000000000
0x000000b0f57fa870:   0000000000000000 0000000000000000
0x000000b0f57fa880:   0000000000000000 0000000000000000
0x000000b0f57fa890:   0000000000000000 0000000000000000
0x000000b0f57fa8a0:   0000000000000000 0000000000000000
0x000000b0f57fa8b0:   0000000041400000 0000000000000000 

Instructions: (pc=0x00007ffd7ece58d0)
0x00007ffd7ece57d0:   ec 10 01 00 00 8b 59 08 8b 79 04 48 8b 69 10 45
0x00007ffd7ece57e0:   8b e9 4c 8b 8c 24 60 01 00 00 4c 8b e2 41 8b 51
0x00007ffd7ece57f0:   44 89 5c 24 54 89 54 24 58 41 3b 51 48 0f 8d f2
0x00007ffd7ece5800:   02 00 00 48 89 70 10 4c 89 70 d0 4c 89 78 c8 0f
0x00007ffd7ece5810:   29 70 b8 0f 29 78 a8 44 0f 29 40 98 44 0f 29 48
0x00007ffd7ece5820:   88 44 0f 29 90 78 ff ff ff 44 0f 29 98 68 ff ff
0x00007ffd7ece5830:   ff 44 0f 29 a0 58 ff ff ff 44 0f 29 a8 48 ff ff
0x00007ffd7ece5840:   ff 66 44 0f 6e cf 48 63 41 30 f3 44 0f 10 25 b1
0x00007ffd7ece5850:   8b 06 00 f3 44 0f 10 2d c8 c8 e5 01 48 89 44 24
0x00007ffd7ece5860:   60 41 8b c0 41 0f af c5 45 0f 5b c9 8d 04 40 48
0x00007ffd7ece5870:   98 66 45 0f 6e d8 66 44 0f 6e c3 66 45 0f 6e d5
0x00007ffd7ece5880:   48 c1 e0 02 48 89 44 24 68 45 0f 5b db 45 0f 5b
0x00007ffd7ece5890:   c0 45 0f 5b d2 44 0f 29 74 24 70 45 0f 57 f6 90
0x00007ffd7ece58a0:   45 33 c0 49 8b c9 e8 15 8e ff ff 44 8b 94 24 50
0x00007ffd7ece58b0:   01 00 00 33 d2 41 0f 28 d1 41 0f 28 d8 41 0f 28
0x00007ffd7ece58c0:   e1 8b ca 89 94 24 40 01 00 00 8b f2 41 0f 28 f0
0x00007ffd7ece58d0:   f3 0f 59 50 0c f3 0f 59 58 10 f3 0f 59 60 04 45
0x00007ffd7ece58e0:   8b fa 44 0f 2f f4 0f 28 ea 0f 28 fb f3 0f 59 70
0x00007ffd7ece58f0:   08 f3 41 0f 5e eb f3 41 0f 5e fa 41 8b c5 89 44
0x00007ffd7ece5900:   24 50 76 1f 41 0f 28 cb 41 0f 28 c4 f3 0f 59 cc
0x00007ffd7ece5910:   f3 0f 5e ca f3 0f 5c c1 f3 0f 2c c8 89 8c 24 40
0x00007ffd7ece5920:   01 00 00 44 0f 2f f6 76 18 41 0f 28 ca 41 0f 28
0x00007ffd7ece5930:   c4 f3 0f 59 ce f3 0f 5e cb f3 0f 5c c1 f3 0f 2c
0x00007ffd7ece5940:   f0 0f 28 cc f3 0f 58 ca 41 0f 2f c9 72 1b f3 41
0x00007ffd7ece5950:   0f 5c c9 41 0f 28 c5 f3 0f 5e ca f3 0f 5c c1 f3
0x00007ffd7ece5960:   41 0f 59 c3 f3 44 0f 2c f8 0f 28 cb f3 0f 58 ce
0x00007ffd7ece5970:   41 0f 2f c8 72 1e f3 41 0f 5c c8 41 0f 28 c5 f3
0x00007ffd7ece5980:   0f 5e cb f3 0f 5c c1 f3 41 0f 59 c2 f3 0f 2c c0
0x00007ffd7ece5990:   89 44 24 50 3b f0 0f 8d d4 00 00 00 0f 1f 40 00
0x00007ffd7ece59a0:   66 0f 6e c6 0f 5b c0 f3 0f 59 c7 f3 0f 58 c6 f3
0x00007ffd7ece59b0:   0f 2c c0 85 c0 0f 48 c2 3b c3 7c 03 8d 43 ff 8b
0x00007ffd7ece59c0:   d9 41 3b cf 0f 8d 96 00 00 00 4c 63 f0 4c 0f af 


Stack slot to memory mapping:
stack at sp + 0 slots: 0x000002855c949170 points into unknown readable memory: 0xbd5a56bbbd5a56bb | bb 56 5a bd bb 56 5a bd
stack at sp + 1 slots: 0x000002855c935f50 points into unknown readable memory: 0x3d37b6143d3bba90 | 90 ba 3b 3d 14 b6 37 3d
stack at sp + 2 slots: 0x000081c05788b6e2 is an unknown value
stack at sp + 3 slots: 0x0 is NULL
stack at sp + 4 slots: 0x00000000000000c0 is an unknown value
stack at sp + 5 slots: 0x000002855c935f50 points into unknown readable memory: 0x3d37b6143d3bba90 | 90 ba 3b 3d 14 b6 37 3d
stack at sp + 6 slots: 0x00007ffd7ef77f10 libarcsoft_face.dll
stack at sp + 7 slots: 0x0000000000000009 is an unknown value


---------------  P R O C E S S  ---------------

Threads class SMR info:
_java_thread_list=0x000002855b5b1150, length=38, elements={
0x0000028558343f30, 0x0000028558344ba0, 0x0000028558d01970, 0x0000028558d02230,
0x0000028558d02be0, 0x0000028558d03590, 0x0000028558d0b500, 0x0000028558d15f10,
0x000002855832e200, 0x000002855832ea10, 0x0000028558df86a0, 0x00000285591088a0,
0x0000028559109170, 0x0000028559295bc0, 0x00000285595fdea0, 0x000002855a9a0fa0,
0x000002855a9c55f0, 0x000002855af00e70, 0x000002855b0ceea0, 0x000002855b0cf370,
0x000002855b0cf840, 0x000002855b3cec50, 0x000002855b3cf120, 0x000002855b25aa70,
0x000002855b25a5a0, 0x000002855b25af40, 0x000002855b25b410, 0x000002855b259c00,
0x000002855b25a0d0, 0x000002855b3d5ce0, 0x000002855b3d79c0, 0x000002855b3d91d0,
0x000002855b3d4e70, 0x000002855b3da040, 0x000002855b3d61b0, 0x000002855b3d9b70,
0x000002855b3dc1f0, 0x000002855b3dc6c0
}

Java Threads: ( => current thread )
  0x0000028558343f30 JavaThread "Reference Handler" daemon [_thread_blocked, id=14464, stack(0x000000b0ec000000,0x000000b0ec100000)]
  0x0000028558344ba0 JavaThread "Finalizer" daemon [_thread_blocked, id=15608, stack(0x000000b0ec100000,0x000000b0ec200000)]
  0x0000028558d01970 JavaThread "Signal Dispatcher" daemon [_thread_blocked, id=14988, stack(0x000000b0ec200000,0x000000b0ec300000)]
  0x0000028558d02230 JavaThread "Attach Listener" daemon [_thread_blocked, id=5440, stack(0x000000b0ec300000,0x000000b0ec400000)]
  0x0000028558d02be0 JavaThread "Service Thread" daemon [_thread_blocked, id=16816, stack(0x000000b0ec400000,0x000000b0ec500000)]
  0x0000028558d03590 JavaThread "Monitor Deflation Thread" daemon [_thread_blocked, id=9920, stack(0x000000b0ec500000,0x000000b0ec600000)]
  0x0000028558d0b500 JavaThread "C1 CompilerThread0" daemon [_thread_blocked, id=3800, stack(0x000000b0ec600000,0x000000b0ec700000)]
  0x0000028558d15f10 JavaThread "Sweeper thread" daemon [_thread_blocked, id=17044, stack(0x000000b0ec700000,0x000000b0ec800000)]
  0x000002855832e200 JavaThread "Common-Cleaner" daemon [_thread_blocked, id=14660, stack(0x000000b0ec800000,0x000000b0ec900000)]
  0x000002855832ea10 JavaThread "C1 CompilerThread1" daemon [_thread_blocked, id=15792, stack(0x000000b0ec900000,0x000000b0eca00000)]
  0x0000028558df86a0 JavaThread "C1 CompilerThread2" daemon [_thread_blocked, id=17148, stack(0x000000b0eca00000,0x000000b0ecb00000)]
  0x00000285591088a0 JavaThread "Monitor Ctrl-Break" daemon [_thread_in_native, id=3888, stack(0x000000b0ecb00000,0x000000b0ecc00000)]
  0x0000028559109170 JavaThread "Notification Thread" daemon [_thread_blocked, id=14096, stack(0x000000b0ecc00000,0x000000b0ecd00000)]
  0x0000028559295bc0 JavaThread "RMI TCP Accept-0" daemon [_thread_in_native, id=13220, stack(0x000000b0ecd00000,0x000000b0ece00000)]
  0x00000285595fdea0 JavaThread "C1 CompilerThread3" daemon [_thread_blocked, id=15676, stack(0x000000b0ecf00000,0x000000b0ed000000)]
  0x000002855a9a0fa0 JavaThread "RMI TCP Connection(1)-192.168.2.9" daemon [_thread_in_native, id=4736, stack(0x000000b0edd00000,0x000000b0ede00000)]
  0x000002855a9c55f0 JavaThread "RMI Scheduler(0)" daemon [_thread_blocked, id=13028, stack(0x000000b0ede00000,0x000000b0edf00000)]
  0x000002855af00e70 JavaThread "mysql-cj-abandoned-connection-cleanup" daemon [_thread_blocked, id=9616, stack(0x000000b0ee500000,0x000000b0ee600000)]
  0x000002855b0ceea0 JavaThread "Catalina-utility-1" [_thread_blocked, id=16048, stack(0x000000b0ee600000,0x000000b0ee700000)]
  0x000002855b0cf370 JavaThread "Catalina-utility-2" [_thread_blocked, id=16072, stack(0x000000b0ee700000,0x000000b0ee800000)]
  0x000002855b0cf840 JavaThread "container-0" [_thread_blocked, id=12904, stack(0x000000b0ee800000,0x000000b0ee900000)]
  0x000002855b3cec50 JavaThread "http-nio-3007-exec-1" daemon [_thread_blocked, id=14300, stack(0x000000b0f5500000,0x000000b0f5600000)]
  0x000002855b3cf120 JavaThread "http-nio-3007-exec-2" daemon [_thread_blocked, id=13816, stack(0x000000b0f5600000,0x000000b0f5700000)]
=>0x000002855b25aa70 JavaThread "http-nio-3007-exec-3" daemon [_thread_in_native, id=15880, stack(0x000000b0f5700000,0x000000b0f5800000)]
  0x000002855b25a5a0 JavaThread "http-nio-3007-exec-4" daemon [_thread_in_native, id=12416, stack(0x000000b0f5800000,0x000000b0f5900000)]
  0x000002855b25af40 JavaThread "http-nio-3007-exec-5" daemon [_thread_blocked, id=984, stack(0x000000b0f5900000,0x000000b0f5a00000)]
  0x000002855b25b410 JavaThread "http-nio-3007-exec-6" daemon [_thread_blocked, id=17144, stack(0x000000b0f5a00000,0x000000b0f5b00000)]
  0x000002855b259c00 JavaThread "http-nio-3007-exec-7" daemon [_thread_blocked, id=14528, stack(0x000000b0f5b00000,0x000000b0f5c00000)]
  0x000002855b25a0d0 JavaThread "http-nio-3007-exec-8" daemon [_thread_blocked, id=8672, stack(0x000000b0f5c00000,0x000000b0f5d00000)]
  0x000002855b3d5ce0 JavaThread "http-nio-3007-exec-9" daemon [_thread_blocked, id=14756, stack(0x000000b0f5d00000,0x000000b0f5e00000)]
  0x000002855b3d79c0 JavaThread "http-nio-3007-exec-10" daemon [_thread_blocked, id=13772, stack(0x000000b0f5e00000,0x000000b0f5f00000)]
  0x000002855b3d91d0 JavaThread "http-nio-3007-Poller" daemon [_thread_in_native, id=5768, stack(0x000000b0f5f00000,0x000000b0f6000000)]
  0x000002855b3d4e70 JavaThread "http-nio-3007-Acceptor" daemon [_thread_in_native, id=7440, stack(0x000000b0f6000000,0x000000b0f6100000)]
  0x000002855b3da040 JavaThread "DestroyJavaVM" [_thread_blocked, id=17368, stack(0x000000b0eb900000,0x000000b0eba00000)]
  0x000002855b3d61b0 JavaThread "RMI TCP Connection(2)-192.168.2.9" daemon [_thread_in_native, id=14364, stack(0x000000b0f6100000,0x000000b0f6200000)]
  0x000002855b3d9b70 JavaThread "RMI TCP Connection(3)-192.168.2.9" daemon [_thread_in_native, id=13404, stack(0x000000b0f6200000,0x000000b0f6300000)]
  0x000002855b3dc1f0 JavaThread "HikariPool-1 housekeeper" daemon [_thread_blocked, id=10112, stack(0x000000b0ee000000,0x000000b0ee100000)]
  0x000002855b3dc6c0 JavaThread "Java2D Disposer" daemon [_thread_blocked, id=14492, stack(0x000000b0ed600000,0x000000b0ed700000)]

Other Threads:
  0x000002855833f430 VMThread "VM Thread" [stack: 0x000000b0ebf00000,0x000000b0ec000000] [id=2276]
  0x0000028558df1f20 WatcherThread [stack: 0x000000b0ece00000,0x000000b0ecf00000] [id=8580]
  0x000002853f30eb70 GCTaskThread "GC Thread#0" [stack: 0x000000b0eba00000,0x000000b0ebb00000] [id=16332]
  0x0000028559654d60 GCTaskThread "GC Thread#1" [stack: 0x000000b0ed000000,0x000000b0ed100000] [id=16544]
  0x0000028559655010 GCTaskThread "GC Thread#2" [stack: 0x000000b0ed100000,0x000000b0ed200000] [id=16940]
  0x00000285596552c0 GCTaskThread "GC Thread#3" [stack: 0x000000b0ed200000,0x000000b0ed300000] [id=15560]
  0x00000285596242f0 GCTaskThread "GC Thread#4" [stack: 0x000000b0ed300000,0x000000b0ed400000] [id=14992]
  0x00000285596b93f0 GCTaskThread "GC Thread#5" [stack: 0x000000b0ed400000,0x000000b0ed500000] [id=9116]
  0x00000285596b9ec0 GCTaskThread "GC Thread#6" [stack: 0x000000b0ed500000,0x000000b0ed600000] [id=14584]
  0x00000285598d3840 GCTaskThread "GC Thread#7" [stack: 0x000000b0ed900000,0x000000b0eda00000] [id=17244]
  0x00000285598d3af0 GCTaskThread "GC Thread#8" [stack: 0x000000b0eda00000,0x000000b0edb00000] [id=12692]
  0x00000285598d45b0 GCTaskThread "GC Thread#9" [stack: 0x000000b0edb00000,0x000000b0edc00000] [id=14316]
  0x00000285598d4860 GCTaskThread "GC Thread#10" [stack: 0x000000b0edc00000,0x000000b0edd00000] [id=17404]
  0x000002855ab8f0c0 GCTaskThread "GC Thread#11" [stack: 0x000000b0ee100000,0x000000b0ee200000] [id=15000]
  0x000002855ab8e600 GCTaskThread "GC Thread#12" [stack: 0x000000b0ee200000,0x000000b0ee300000] [id=4132]
  0x000002853f31b170 ConcurrentGCThread "G1 Main Marker" [stack: 0x000000b0ebb00000,0x000000b0ebc00000] [id=15088]
  0x000002853f31ba80 ConcurrentGCThread "G1 Conc#0" [stack: 0x000000b0ebc00000,0x000000b0ebd00000] [id=16960]
  0x000002855ab8e350 ConcurrentGCThread "G1 Conc#1" [stack: 0x000000b0ee300000,0x000000b0ee400000] [id=14768]
  0x000002855ab8e8b0 ConcurrentGCThread "G1 Conc#2" [stack: 0x000000b0ee400000,0x000000b0ee500000] [id=16268]
  0x000002853f36dfe0 ConcurrentGCThread "G1 Refine#0" [stack: 0x000000b0ebd00000,0x000000b0ebe00000] [id=10304]
  0x000002853f36e900 ConcurrentGCThread "G1 Service" [stack: 0x000000b0ebe00000,0x000000b0ebf00000] [id=16564]

Threads with active compile tasks:

VM state: not at safepoint (normal execution)

VM Mutex/Monitor currently owned by a thread: None

Heap address: 0x000000070ae00000, size: 3922 MB, Compressed Oops mode: Zero based, Oop shift amount: 3

CDS archive(s) mapped at: [0x0000000800000000-0x0000000800bd0000-0x0000000800bd0000), size 12386304, SharedBaseAddress: 0x0000000800000000, ArchiveRelocationMode: 0.
Compressed class space mapped at: 0x0000000800c00000-0x0000000840c00000, reserved size: 1073741824
Narrow klass base: 0x0000000800000000, Narrow klass shift: 0, Narrow klass range: 0x100000000

GC Precious Log:
 CPUs: 16 total, 16 available
 Memory: 15681M
 Large Page Support: Disabled
 NUMA Support: Disabled
 Compressed Oops: Enabled (Zero based)
 Heap Region Size: 2M
 Heap Min Capacity: 8M
 Heap Initial Capacity: 246M
 Heap Max Capacity: 3922M
 Pre-touch: Disabled
 Parallel Workers: 13
 Concurrent Workers: 3
 Concurrent Refinement Workers: 13
 Periodic GC: Disabled

Heap:
 garbage-first heap   total 83968K, used 48904K [0x000000070ae00000, 0x0000000800000000)
  region size 2048K, 9 young (18432K), 0 survivors (0K)
 Metaspace       used 43761K, committed 44288K, reserved 1089536K
  class space    used 5813K, committed 6080K, reserved 1048576K

Heap Regions: E=young(eden), S=young(survivor), O=old, HS=humongous(starts), HC=humongous(continues), CS=collection set, F=free, OA=open archive, CA=closed archive, TAMS=top-at-mark-start (previous, next)
|   0|0x000000070ae00000, 0x000000070b000000, 0x000000070b000000|100%| O|  |TAMS 0x000000070b000000, 0x000000070ae00000| Untracked 
|   1|0x000000070b000000, 0x000000070b200000, 0x000000070b200000|100%| O|  |TAMS 0x000000070b200000, 0x000000070b000000| Untracked 
|   2|0x000000070b200000, 0x000000070b400000, 0x000000070b400000|100%|HS|  |TAMS 0x000000070b200000, 0x000000070b200000| Complete 
|   3|0x000000070b400000, 0x000000070b600000, 0x000000070b600000|100%| O|  |TAMS 0x000000070b600000, 0x000000070b400000| Untracked 
|   4|0x000000070b600000, 0x000000070b800000, 0x000000070b800000|100%| O|  |TAMS 0x000000070b800000, 0x000000070b600000| Untracked 
|   5|0x000000070b800000, 0x000000070ba00000, 0x000000070ba00000|100%| O|  |TAMS 0x000000070ba00000, 0x000000070b800000| Untracked 
|   6|0x000000070ba00000, 0x000000070bc00000, 0x000000070bc00000|100%| O|  |TAMS 0x000000070bc00000, 0x000000070ba00000| Untracked 
|   7|0x000000070bc00000, 0x000000070be00000, 0x000000070be00000|100%| O|  |TAMS 0x000000070be00000, 0x000000070bc00000| Untracked 
|   8|0x000000070be00000, 0x000000070be00000, 0x000000070c000000|  0%| F|  |TAMS 0x000000070be00000, 0x000000070be00000| Untracked 
|   9|0x000000070c000000, 0x000000070c200000, 0x000000070c200000|100%|HS|  |TAMS 0x000000070c000000, 0x000000070c000000| Complete 
|  10|0x000000070c200000, 0x000000070c400000, 0x000000070c400000|100%| O|  |TAMS 0x000000070c200000, 0x000000070c200000| Untracked 
|  11|0x000000070c400000, 0x000000070c600000, 0x000000070c600000|100%| O|  |TAMS 0x000000070c400000, 0x000000070c400000| Untracked 
|  12|0x000000070c600000, 0x000000070c800000, 0x000000070c800000|100%| O|  |TAMS 0x000000070c600000, 0x000000070c600000| Untracked 
|  13|0x000000070c800000, 0x000000070c800000, 0x000000070ca00000|  0%| F|  |TAMS 0x000000070c800000, 0x000000070c800000| Untracked 
|  14|0x000000070ca00000, 0x000000070ca00000, 0x000000070cc00000|  0%| F|  |TAMS 0x000000070ca00000, 0x000000070ca00000| Untracked 
|  15|0x000000070cc00000, 0x000000070cc00000, 0x000000070ce00000|  0%| F|  |TAMS 0x000000070cc00000, 0x000000070cc00000| Untracked 
|  16|0x000000070ce00000, 0x000000070d000000, 0x000000070d000000|100%| O|  |TAMS 0x000000070ce00000, 0x000000070ce00000| Untracked 
|  17|0x000000070d000000, 0x000000070d200000, 0x000000070d200000|100%| O|  |TAMS 0x000000070d000000, 0x000000070d000000| Untracked 
|  18|0x000000070d200000, 0x000000070d3c2200, 0x000000070d400000| 87%| O|  |TAMS 0x000000070d200000, 0x000000070d200000| Untracked 
|  19|0x000000070d400000, 0x000000070d400000, 0x000000070d600000|  0%| F|  |TAMS 0x000000070d400000, 0x000000070d400000| Untracked 
|  20|0x000000070d600000, 0x000000070d600000, 0x000000070d800000|  0%| F|  |TAMS 0x000000070d600000, 0x000000070d600000| Untracked 
|  21|0x000000070d800000, 0x000000070d800000, 0x000000070da00000|  0%| F|  |TAMS 0x000000070d800000, 0x000000070d800000| Untracked 
|  22|0x000000070da00000, 0x000000070da00000, 0x000000070dc00000|  0%| F|  |TAMS 0x000000070da00000, 0x000000070da00000| Untracked 
|  23|0x000000070dc00000, 0x000000070dc00000, 0x000000070de00000|  0%| F|  |TAMS 0x000000070dc00000, 0x000000070dc00000| Untracked 
|  24|0x000000070de00000, 0x000000070de00000, 0x000000070e000000|  0%| F|  |TAMS 0x000000070de00000, 0x000000070de00000| Untracked 
|  25|0x000000070e000000, 0x000000070e000000, 0x000000070e200000|  0%| F|  |TAMS 0x000000070e000000, 0x000000070e000000| Untracked 
|  26|0x000000070e200000, 0x000000070e200000, 0x000000070e400000|  0%| F|  |TAMS 0x000000070e200000, 0x000000070e200000| Untracked 
|  27|0x000000070e400000, 0x000000070e400000, 0x000000070e600000|  0%| F|  |TAMS 0x000000070e400000, 0x000000070e400000| Untracked 
|  28|0x000000070e600000, 0x000000070e600000, 0x000000070e800000|  0%| F|  |TAMS 0x000000070e600000, 0x000000070e600000| Untracked 
|  29|0x000000070e800000, 0x000000070e800000, 0x000000070ea00000|  0%| F|  |TAMS 0x000000070e800000, 0x000000070e800000| Untracked 
|  30|0x000000070ea00000, 0x000000070ea00000, 0x000000070ec00000|  0%| F|  |TAMS 0x000000070ea00000, 0x000000070ea00000| Untracked 
|  31|0x000000070ec00000, 0x000000070ed06ef8, 0x000000070ee00000| 51%| E|  |TAMS 0x000000070ec00000, 0x000000070ec00000| Complete 
|  32|0x000000070ee00000, 0x000000070f000000, 0x000000070f000000|100%| E|CS|TAMS 0x000000070ee00000, 0x000000070ee00000| Complete 
|  33|0x000000070f000000, 0x000000070f200000, 0x000000070f200000|100%| E|CS|TAMS 0x000000070f000000, 0x000000070f000000| Complete 
|  34|0x000000070f200000, 0x000000070f400000, 0x000000070f400000|100%| E|CS|TAMS 0x000000070f200000, 0x000000070f200000| Complete 
|  35|0x000000070f400000, 0x000000070f600000, 0x000000070f600000|100%| E|CS|TAMS 0x000000070f400000, 0x000000070f400000| Complete 
|  38|0x000000070fa00000, 0x000000070fc00000, 0x000000070fc00000|100%| E|CS|TAMS 0x000000070fa00000, 0x000000070fa00000| Complete 
|  39|0x000000070fc00000, 0x000000070fe00000, 0x000000070fe00000|100%| E|CS|TAMS 0x000000070fc00000, 0x000000070fc00000| Complete 
|  40|0x000000070fe00000, 0x0000000710000000, 0x0000000710000000|100%| E|CS|TAMS 0x000000070fe00000, 0x000000070fe00000| Complete 
| 122|0x000000071a200000, 0x000000071a400000, 0x000000071a400000|100%| E|CS|TAMS 0x000000071a200000, 0x000000071a200000| Complete 
|1960|0x00000007ffe00000, 0x0000000800000000, 0x0000000800000000|100%| O|  |TAMS 0x00000007ffe00000, 0x00000007ffe00000| Untracked 

Card table byte_map: [0x000002854c8d0000,0x000002854d080000] _byte_map_base: 0x0000028549079000

Marking Bits (Prev, Next): (CMBitMap*) 0x000002853f30f080, (CMBitMap*) 0x000002853f30f0c0
 Prev Bits: [0x000002854d830000, 0x0000028551578000)
 Next Bits: [0x0000028551580000, 0x00000285552c8000)

Polling page: 0x000002853f0d0000

Metaspace:

Usage:
  Non-class:     37.06 MB used.
      Class:      5.68 MB used.
       Both:     42.74 MB used.

Virtual space:
  Non-class space:       40.00 MB reserved,      37.31 MB ( 93%) committed,  5 nodes.
      Class space:        1.00 GB reserved,       5.94 MB ( <1%) committed,  1 nodes.
             Both:        1.04 GB reserved,      43.25 MB (  4%) committed. 

Chunk freelists:
   Non-Class:  2.27 MB
       Class:  2.11 MB
        Both:  4.38 MB

MaxMetaspaceSize: unlimited
CompressedClassSpaceSize: 1.00 GB
Initial GC threshold: 21.00 MB
Current GC threshold: 59.00 MB
CDS: on
MetaspaceReclaimPolicy: balanced
 - commit_granule_bytes: 65536.
 - commit_granule_words: 8192.
 - virtual_space_node_default_size: 1048576.
 - enlarge_chunks_in_place: 1.
 - new_chunks_are_fully_committed: 0.
 - uncommit_free_chunks: 1.
 - use_allocation_guard: 0.
 - handle_deallocations: 1.


Internal statistics:

num_allocs_failed_limit: 6.
num_arena_births: 710.
num_arena_deaths: 0.
num_vsnodes_births: 6.
num_vsnodes_deaths: 0.
num_space_committed: 692.
num_space_uncommitted: 0.
num_chunks_returned_to_freelist: 6.
num_chunks_taken_from_freelist: 2197.
num_chunk_merges: 6.
num_chunk_splits: 1516.
num_chunks_enlarged: 1111.
num_purges: 0.
num_inconsistent_stats: 0.

CodeCache: size=49152Kb used=12111Kb max_used=14073Kb free=37040Kb
 bounds [0x0000028548330000, 0x00000285490f0000, 0x000002854b330000]
 total_blobs=6234 nmethods=5601 adapters=557
 compilation: enabled
              stopped_count=0, restarted_count=0
 full_count=0

Compilation events (20 events):
Event: 15.076 Thread 0x0000028558d0b500 nmethod 5592 0x000002854899a690 code [0x000002854899a820, 0x000002854899a908]
Event: 15.076 Thread 0x00000285595fdea0 nmethod 5593 0x000002854899a390 code [0x000002854899a520, 0x000002854899a608]
Event: 15.076 Thread 0x000002855832ea10 nmethod 5587 0x0000028548999090 code [0x0000028548999380, 0x0000028548999e78]
Event: 15.076 Thread 0x0000028558df86a0 nmethod 5590 0x0000028548998410 code [0x00000285489986a0, 0x0000028548998cb8]
Event: 15.080 Thread 0x0000028558df86a0 5594 %     1       java.awt.image.BufferedImage::getRGB @ 160 (218 bytes)
Event: 15.080 Thread 0x0000028558df86a0 nmethod 5594% 0x0000028548997510 code [0x0000028548997700, 0x0000028548998038]
Event: 15.080 Thread 0x0000028558d0b500 5595       1       java.awt.image.BufferedImage::getRGB (218 bytes)
Event: 15.081 Thread 0x0000028558d0b500 nmethod 5595 0x0000028548996790 code [0x0000028548996980, 0x0000028548997158]
Event: 15.094 Thread 0x0000028558d0b500 5596       1       sun.awt.image.SunWritableRaster::markDirty (8 bytes)
Event: 15.094 Thread 0x00000285595fdea0 5597       1       sun.java2d.StateTrackableDelegate::markDirty (6 bytes)
Event: 15.094 Thread 0x0000028558df86a0 5598       1       sun.awt.image.ByteInterleavedRaster::setDataElements (116 bytes)
Event: 15.094 Thread 0x000002855832ea10 5599       1       java.awt.image.ComponentColorModel::getDataElements (3175 bytes)
Event: 15.094 Thread 0x00000285595fdea0 nmethod 5597 0x0000028548996490 code [0x0000028548996620, 0x0000028548996718]
Event: 15.094 Thread 0x0000028558d0b500 nmethod 5596 0x0000028548996110 code [0x00000285489962a0, 0x0000028548996398]
Event: 15.094 Thread 0x0000028558df86a0 nmethod 5598 0x0000028548995a90 code [0x0000028548995c40, 0x0000028548995f08]
Event: 15.097 Thread 0x000002855832ea10 nmethod 5599 0x000002854898fd90 code [0x00000285489906e0, 0x0000028548993a88]
Event: 15.106 Thread 0x0000028558d0b500 5600 %     1       java.awt.image.BufferedImage::setRGB @ 26 (86 bytes)
Event: 15.106 Thread 0x0000028558d0b500 nmethod 5600% 0x000002854898f610 code [0x000002854898f7c0, 0x000002854898fb78]
Event: 15.106 Thread 0x0000028558d0b500 5601       1       java.awt.image.BufferedImage::setRGB (86 bytes)
Event: 15.106 Thread 0x0000028558d0b500 nmethod 5601 0x000002854898f010 code [0x000002854898f1c0, 0x000002854898f418]

GC Heap History (18 events):
Event: 0.680 GC heap before
{Heap before GC invocations=0 (full 0):
 garbage-first heap   total 251904K, used 22528K [0x000000070ae00000, 0x0000000800000000)
  region size 2048K, 11 young (22528K), 0 survivors (0K)
 Metaspace       used 7228K, committed 7488K, reserved 1056768K
  class space    used 905K, committed 1024K, reserved 1048576K
}
Event: 0.684 GC heap after
{Heap after GC invocations=1 (full 0):
 garbage-first heap   total 251904K, used 5753K [0x000000070ae00000, 0x0000000800000000)
  region size 2048K, 2 young (4096K), 2 survivors (4096K)
 Metaspace       used 7228K, committed 7488K, reserved 1056768K
  class space    used 905K, committed 1024K, reserved 1048576K
}
Event: 1.021 GC heap before
{Heap before GC invocations=1 (full 0):
 garbage-first heap   total 251904K, used 30329K [0x000000070ae00000, 0x0000000800000000)
  region size 2048K, 14 young (28672K), 2 survivors (4096K)
 Metaspace       used 11842K, committed 12096K, reserved 1064960K
  class space    used 1586K, committed 1728K, reserved 1048576K
}
Event: 1.026 GC heap after
{Heap after GC invocations=2 (full 0):
 garbage-first heap   total 251904K, used 8335K [0x000000070ae00000, 0x0000000800000000)
  region size 2048K, 2 young (4096K), 2 survivors (4096K)
 Metaspace       used 11842K, committed 12096K, reserved 1064960K
  class space    used 1586K, committed 1728K, reserved 1048576K
}
Event: 1.886 GC heap before
{Heap before GC invocations=2 (full 0):
 garbage-first heap   total 251904K, used 77967K [0x000000070ae00000, 0x0000000800000000)
  region size 2048K, 37 young (75776K), 2 survivors (4096K)
 Metaspace       used 21151K, committed 21504K, reserved 1073152K
  class space    used 2915K, committed 3072K, reserved 1048576K
}
Event: 1.895 GC heap after
{Heap after GC invocations=3 (full 0):
 garbage-first heap   total 251904K, used 13312K [0x000000070ae00000, 0x0000000800000000)
  region size 2048K, 4 young (8192K), 4 survivors (8192K)
 Metaspace       used 21151K, committed 21504K, reserved 1073152K
  class space    used 2915K, committed 3072K, reserved 1048576K
}
Event: 2.363 GC heap before
{Heap before GC invocations=4 (full 0):
 garbage-first heap   total 55296K, used 37888K [0x000000070ae00000, 0x0000000800000000)
  region size 2048K, 16 young (32768K), 4 survivors (8192K)
 Metaspace       used 24536K, committed 25088K, reserved 1073152K
  class space    used 3398K, committed 3648K, reserved 1048576K
}
Event: 2.384 GC heap after
{Heap after GC invocations=5 (full 0):
 garbage-first heap   total 55296K, used 15355K [0x000000070ae00000, 0x0000000800000000)
  region size 2048K, 2 young (4096K), 2 survivors (4096K)
 Metaspace       used 24536K, committed 25088K, reserved 1073152K
  class space    used 3398K, committed 3648K, reserved 1048576K
}
Event: 2.437 GC heap before
{Heap before GC invocations=5 (full 0):
 garbage-first heap   total 55296K, used 17403K [0x000000070ae00000, 0x0000000800000000)
  region size 2048K, 3 young (6144K), 2 survivors (4096K)
 Metaspace       used 25034K, committed 25536K, reserved 1073152K
  class space    used 3444K, committed 3648K, reserved 1048576K
}
Event: 2.454 GC heap after
{Heap after GC invocations=6 (full 0):
 garbage-first heap   total 55296K, used 15980K [0x000000070ae00000, 0x0000000800000000)
  region size 2048K, 1 young (2048K), 1 survivors (2048K)
 Metaspace       used 25034K, committed 25536K, reserved 1073152K
  class space    used 3444K, committed 3648K, reserved 1048576K
}
Event: 3.069 GC heap before
{Heap before GC invocations=6 (full 0):
 garbage-first heap   total 55296K, used 36460K [0x000000070ae00000, 0x0000000800000000)
  region size 2048K, 11 young (22528K), 1 survivors (2048K)
 Metaspace       used 29721K, committed 30208K, reserved 1081344K
  class space    used 4049K, committed 4288K, reserved 1048576K
}
Event: 3.074 GC heap after
{Heap after GC invocations=7 (full 0):
 garbage-first heap   total 153600K, used 17076K [0x000000070ae00000, 0x0000000800000000)
  region size 2048K, 1 young (2048K), 1 survivors (2048K)
 Metaspace       used 29721K, committed 30208K, reserved 1081344K
  class space    used 4049K, committed 4288K, reserved 1048576K
}
Event: 8.315 GC heap before
{Heap before GC invocations=7 (full 0):
 garbage-first heap   total 153600K, used 84660K [0x000000070ae00000, 0x0000000800000000)
  region size 2048K, 35 young (71680K), 1 survivors (2048K)
 Metaspace       used 35485K, committed 35968K, reserved 1081344K
  class space    used 4855K, committed 5120K, reserved 1048576K
}
Event: 8.323 GC heap after
{Heap after GC invocations=8 (full 0):
 garbage-first heap   total 153600K, used 21411K [0x000000070ae00000, 0x0000000800000000)
  region size 2048K, 3 young (6144K), 3 survivors (6144K)
 Metaspace       used 35485K, committed 35968K, reserved 1081344K
  class space    used 4855K, committed 5120K, reserved 1048576K
}
Event: 15.100 GC heap before
{Heap before GC invocations=9 (full 0):
 garbage-first heap   total 81920K, used 64419K [0x000000070ae00000, 0x0000000800000000)
  region size 2048K, 24 young (49152K), 3 survivors (6144K)
 Metaspace       used 43740K, committed 44288K, reserved 1089536K
  class space    used 5808K, committed 6080K, reserved 1048576K
}
Event: 15.106 GC heap after
{Heap after GC invocations=10 (full 0):
 garbage-first heap   total 83968K, used 32170K [0x000000070ae00000, 0x0000000800000000)
  region size 2048K, 3 young (6144K), 3 survivors (6144K)
 Metaspace       used 43740K, committed 44288K, reserved 1089536K
  class space    used 5808K, committed 6080K, reserved 1048576K
}
Event: 15.107 GC heap before
{Heap before GC invocations=10 (full 0):
 garbage-first heap   total 83968K, used 34218K [0x000000070ae00000, 0x0000000800000000)
  region size 2048K, 4 young (8192K), 3 survivors (6144K)
 Metaspace       used 43740K, committed 44288K, reserved 1089536K
  class space    used 5808K, committed 6080K, reserved 1048576K
}
Event: 15.109 GC heap after
{Heap after GC invocations=11 (full 0):
 garbage-first heap   total 83968K, used 32520K [0x000000070ae00000, 0x0000000800000000)
  region size 2048K, 0 young (0K), 0 survivors (0K)
 Metaspace       used 43740K, committed 44288K, reserved 1089536K
  class space    used 5808K, committed 6080K, reserved 1048576K
}

Deoptimization events (16 events):
Event: 1.067 Thread 0x000002853f2a4a50 DEOPT PACKING pc=0x0000028548a1b5f9 sp=0x000000b0eb9fd1c0
Event: 1.067 Thread 0x000002853f2a4a50 DEOPT UNPACKING pc=0x0000028548382b43 sp=0x000000b0eb9fc6a0 mode 3
Event: 1.206 Thread 0x000002853f2a4a50 DEOPT PACKING pc=0x0000028548a91055 sp=0x000000b0eb9fdd80
Event: 1.206 Thread 0x000002853f2a4a50 DEOPT UNPACKING pc=0x0000028548382b43 sp=0x000000b0eb9fd228 mode 3
Event: 2.284 Thread 0x000002853f2a4a50 DEOPT PACKING pc=0x0000028548e399f5 sp=0x000000b0eb9fb920
Event: 2.284 Thread 0x000002853f2a4a50 DEOPT UNPACKING pc=0x0000028548382b43 sp=0x000000b0eb9faec8 mode 0
Event: 2.408 Thread 0x000002853f2a4a50 DEOPT PACKING pc=0x0000028548ec18e5 sp=0x000000b0eb9fd2f0
Event: 2.408 Thread 0x000002853f2a4a50 DEOPT UNPACKING pc=0x0000028548382b43 sp=0x000000b0eb9fc858 mode 3
Event: 2.954 Thread 0x000002853f2a4a50 DEOPT PACKING pc=0x0000028548a3f2d2 sp=0x000000b0eb9fb5c0
Event: 2.954 Thread 0x000002853f2a4a50 DEOPT UNPACKING pc=0x0000028548382b43 sp=0x000000b0eb9faac8 mode 3
Event: 3.138 Thread 0x000002853f2a4a50 DEOPT PACKING pc=0x0000028548a23189 sp=0x000000b0eb9fe670
Event: 3.138 Thread 0x000002853f2a4a50 DEOPT UNPACKING pc=0x0000028548382b43 sp=0x000000b0eb9fdb00 mode 3
Event: 3.138 Thread 0x000002855b0cf370 DEOPT PACKING pc=0x00000285489ff19f sp=0x000000b0ee7feda0
Event: 3.138 Thread 0x000002855b0cf370 DEOPT UNPACKING pc=0x0000028548382b43 sp=0x000000b0ee7fe1f8 mode 3
Event: 3.450 Thread 0x000002853f2a4a50 DEOPT PACKING pc=0x0000028548dfdcf9 sp=0x000000b0eb9fd200
Event: 3.450 Thread 0x000002853f2a4a50 DEOPT UNPACKING pc=0x0000028548382b43 sp=0x000000b0eb9fc6e0 mode 3

Classes unloaded (0 events):
No events

Classes redefined (0 events):
No events

Internal exceptions (20 events):
Event: 3.125 Thread 0x000002853f2a4a50 Exception <a 'java/lang/NoSuchMethodError'{0x00000007156ea248}: 'long java.lang.invoke.DirectMethodHandle$Holder.invokeVirtual(java.lang.Object, java.lang.Object)'> (0x00000007156ea248) 
thrown [s\open\src\hotspot\share\interpreter\linkResolver.cpp, line 759]
Event: 3.260 Thread 0x000002855a9a0fa0 Exception <a 'java/lang/reflect/InvocationTargetException'{0x0000000713609528}> (0x0000000713609528) 
thrown [s\open\src\hotspot\share\runtime\reflection.cpp, line 1121]
Event: 3.441 Thread 0x000002853f2a4a50 Exception <a 'java/lang/NoSuchMethodError'{0x00000007136d4080}: 'int java.lang.invoke.DirectMethodHandle$Holder.invokeStaticInit(java.lang.Object, int, java.lang.Object, java.lang.Object, java.lang.Object, java.lang.Object)'> (0x00000007136d4080) 
thrown [s\open\src\hotspot\share\interpreter\linkResolver.cpp, line 759]
Event: 3.774 Thread 0x000002855a9a0fa0 Exception <a 'java/lang/reflect/InvocationTargetException'{0x0000000713615d38}> (0x0000000713615d38) 
thrown [s\open\src\hotspot\share\runtime\reflection.cpp, line 1121]
Event: 3.850 Thread 0x000002853f2a4a50 Exception <a 'sun/nio/fs/WindowsException'{0x0000000712164378}> (0x0000000712164378) 
thrown [s\open\src\hotspot\share\prims\jni.cpp, line 516]
Event: 3.948 Thread 0x000002853f2a4a50 Exception <a 'java/lang/IncompatibleClassChangeError'{0x0000000711d88198}: Found class java.lang.Object, but interface was expected> (0x0000000711d88198) 
thrown [s\open\src\hotspot\share\interpreter\linkResolver.cpp, line 826]
Event: 4.212 Thread 0x000002853f2a4a50 Exception <a 'java/lang/NoSuchMethodError'{0x00000007115d77d8}: 'void java.lang.invoke.DirectMethodHandle$Holder.invokeVirtual(java.lang.Object, java.lang.Object, long)'> (0x00000007115d77d8) 
thrown [s\open\src\hotspot\share\interpreter\linkResolver.cpp, line 759]
Event: 4.276 Thread 0x000002853f2a4a50 Exception <a 'java/lang/NoSuchMethodError'{0x0000000711005f58}: 'int java.lang.invoke.DirectMethodHandle$Holder.invokeStaticInit(java.lang.Object, java.lang.Object, java.lang.Object, java.lang.Object)'> (0x0000000711005f58) 
thrown [s\open\src\hotspot\share\interpreter\linkResolver.cpp, line 759]
Event: 4.290 Thread 0x000002855a9a0fa0 Exception <a 'java/lang/reflect/InvocationTargetException'{0x00000007111092f0}> (0x00000007111092f0) 
thrown [s\open\src\hotspot\share\runtime\reflection.cpp, line 1121]
Event: 4.398 Thread 0x000002853f2a4a50 Exception <a 'java/lang/IncompatibleClassChangeError'{0x0000000710838418}: Found class java.lang.Object, but interface was expected> (0x0000000710838418) 
thrown [s\open\src\hotspot\share\interpreter\linkResolver.cpp, line 826]
Event: 4.433 Thread 0x000002853f2a4a50 Exception <a 'java/lang/NoSuchMethodError'{0x00000007106279e0}: 'java.lang.Object java.lang.invoke.DirectMethodHandle$Holder.newInvokeSpecial(java.lang.Object, java.lang.Object, int, java.lang.Object, java.lang.Object)'> (0x00000007106279e0) 
thrown [s\open\src\hotspot\share\interpreter\linkResolver.cpp, line 759]
Event: 8.325 Thread 0x000002855b3cec50 Exception <a 'java/lang/NoSuchMethodError'{0x000000071a20d2c0}: 'java.lang.Object java.lang.invoke.DirectMethodHandle$Holder.invokeSpecial(java.lang.Object, java.lang.Object, java.lang.Object, java.lang.Object, java.lang.Object, long)'> (0x000000071a20d2c0) 
thrown [s\open\src\hotspot\share\interpreter\linkResolver.cpp, line 759]
Event: 8.325 Thread 0x000002855b3cec50 Exception <a 'java/lang/NoSuchMethodError'{0x000000071a210d00}: 'java.lang.Object java.lang.invoke.Invokers$Holder.linkToTargetMethod(java.lang.Object, java.lang.Object, java.lang.Object, long, java.lang.Object)'> (0x000000071a210d00) 
thrown [s\open\src\hotspot\share\interpreter\linkResolver.cpp, line 759]
Event: 8.440 Thread 0x000002855b3cec50 Exception <a 'sun/nio/fs/WindowsException'{0x000000070f3908f8}> (0x000000070f3908f8) 
thrown [s\open\src\hotspot\share\prims\jni.cpp, line 516]
Event: 8.682 Thread 0x000002855b3cec50 Exception <a 'java/lang/NoSuchMethodError'{0x000000070e6705b8}: 'java.lang.Object java.lang.invoke.DirectMethodHandle$Holder.invokeStaticInit(java.lang.Object, java.lang.Object, java.lang.Object, java.lang.Object)'> (0x000000070e6705b8) 
thrown [s\open\src\hotspot\share\interpreter\linkResolver.cpp, line 759]
Event: 8.914 Thread 0x000002855b3cf120 Exception <a 'java/lang/ClassNotFoundException'{0x000000070e1e66b8}: java/util/MapBeanInfo> (0x000000070e1e66b8) 
thrown [s\open\src\hotspot\share\classfile\systemDictionary.cpp, line 256]
Event: 8.915 Thread 0x000002855b3cf120 Exception <a 'java/lang/ClassNotFoundException'{0x000000070e1eb750}: java/util/MapCustomizer> (0x000000070e1eb750) 
thrown [s\open\src\hotspot\share\classfile\systemDictionary.cpp, line 256]
Event: 14.894 Thread 0x000002855b25aa70 Exception <a 'java/lang/ClassNotFoundException'{0x000000070dd3b078}: sun/awt/resources/spi/awtProvider> (0x000000070dd3b078) 
thrown [s\open\src\hotspot\share\classfile\systemDictionary.cpp, line 256]
Event: 14.901 Thread 0x000002855b25aa70 Exception <a 'java/io/FileNotFoundException'{0x000000070dd68410}> (0x000000070dd68410) 
thrown [s\open\src\hotspot\share\prims\jni.cpp, line 516]
Event: 14.902 Thread 0x000002855b25aa70 Exception <a 'java/io/FileNotFoundException'{0x000000070dd6a1c8}> (0x000000070dd6a1c8) 
thrown [s\open\src\hotspot\share\prims\jni.cpp, line 516]

VM Operations (20 events):
Event: 8.452 Executing VM operation: HandshakeAllThreads
Event: 8.452 Executing VM operation: HandshakeAllThreads done
Event: 8.724 Executing VM operation: HandshakeAllThreads
Event: 8.724 Executing VM operation: HandshakeAllThreads done
Event: 8.745 Executing VM operation: HandshakeAllThreads
Event: 8.745 Executing VM operation: HandshakeAllThreads done
Event: 8.750 Executing VM operation: HandshakeAllThreads
Event: 8.750 Executing VM operation: HandshakeAllThreads done
Event: 8.859 Executing VM operation: HandshakeAllThreads
Event: 8.859 Executing VM operation: HandshakeAllThreads done
Event: 8.868 Executing VM operation: HandshakeAllThreads
Event: 8.868 Executing VM operation: HandshakeAllThreads done
Event: 9.876 Executing VM operation: Cleanup
Event: 9.877 Executing VM operation: Cleanup done
Event: 14.907 Executing VM operation: Cleanup
Event: 14.907 Executing VM operation: Cleanup done
Event: 15.100 Executing VM operation: G1CollectForAllocation
Event: 15.106 Executing VM operation: G1CollectForAllocation done
Event: 15.107 Executing VM operation: G1CollectForAllocation
Event: 15.109 Executing VM operation: G1CollectForAllocation done

Events (20 events):
Event: 15.052 loading class com/sun/imageio/plugins/jpeg/DQTMarkerSegment$Qtable
Event: 15.052 loading class com/sun/imageio/plugins/jpeg/DQTMarkerSegment$Qtable done
Event: 15.052 loading class com/sun/imageio/plugins/jpeg/DHTMarkerSegment
Event: 15.052 loading class com/sun/imageio/plugins/jpeg/DHTMarkerSegment done
Event: 15.052 loading class com/sun/imageio/plugins/jpeg/DHTMarkerSegment$Htable
Event: 15.052 loading class com/sun/imageio/plugins/jpeg/DHTMarkerSegment$Htable done
Event: 15.053 loading class com/sun/imageio/plugins/jpeg/SOFMarkerSegment
Event: 15.053 loading class com/sun/imageio/plugins/jpeg/SOFMarkerSegment done
Event: 15.053 loading class com/sun/imageio/plugins/jpeg/SOFMarkerSegment$ComponentSpec
Event: 15.053 loading class com/sun/imageio/plugins/jpeg/SOFMarkerSegment$ComponentSpec done
Event: 15.053 loading class com/sun/imageio/plugins/jpeg/SOSMarkerSegment
Event: 15.053 loading class com/sun/imageio/plugins/jpeg/SOSMarkerSegment done
Event: 15.053 loading class com/sun/imageio/plugins/jpeg/SOSMarkerSegment$ScanComponentSpec
Event: 15.053 loading class com/sun/imageio/plugins/jpeg/SOSMarkerSegment$ScanComponentSpec done
Event: 15.053 loading class com/sun/imageio/plugins/jpeg/AdobeMarkerSegment
Event: 15.053 loading class com/sun/imageio/plugins/jpeg/AdobeMarkerSegment done
Event: 15.053 loading class com/sun/imageio/plugins/jpeg/DRIMarkerSegment
Event: 15.053 loading class com/sun/imageio/plugins/jpeg/DRIMarkerSegment done
Event: 15.069 loading class javax/imageio/stream/FileImageInputStream
Event: 15.069 loading class javax/imageio/stream/FileImageInputStream done


Dynamic libraries:
0x00007ff6b0100000 - 0x00007ff6b0110000 	C:\Program Files\Java\jdk-17\bin\java.exe
0x00007ffdf6eb0000 - 0x00007ffdf70a6000 	C:\Windows\SYSTEM32\ntdll.dll
0x00007ffdf5290000 - 0x00007ffdf534d000 	C:\Windows\System32\KERNEL32.DLL
0x00007ffdf4a30000 - 0x00007ffdf4cf8000 	C:\Windows\System32\KERNELBASE.dll
0x00007ffdf4740000 - 0x00007ffdf4840000 	C:\Windows\System32\ucrtbase.dll
0x00007ffde18b0000 - 0x00007ffde18c9000 	C:\Program Files\Java\jdk-17\bin\jli.dll
0x00007ffde1890000 - 0x00007ffde18ab000 	C:\Program Files\Java\jdk-17\bin\VCRUNTIME140.dll
0x00007ffdf51e0000 - 0x00007ffdf528c000 	C:\Windows\System32\ADVAPI32.dll
0x00007ffdf6340000 - 0x00007ffdf63de000 	C:\Windows\System32\msvcrt.dll
0x00007ffdf6cd0000 - 0x00007ffdf6d6b000 	C:\Windows\System32\sechost.dll
0x00007ffdf59f0000 - 0x00007ffdf5b14000 	C:\Windows\System32\RPCRT4.dll
0x00007ffdf61a0000 - 0x00007ffdf6340000 	C:\Windows\System32\USER32.dll
0x00007ffdf46e0000 - 0x00007ffdf4702000 	C:\Windows\System32\win32u.dll
0x00007ffdf5b20000 - 0x00007ffdf5b4a000 	C:\Windows\System32\GDI32.dll
0x00007ffdf4920000 - 0x00007ffdf4a29000 	C:\Windows\System32\gdi32full.dll
0x00007ffdde2e0000 - 0x00007ffdde57b000 	C:\Windows\WinSxS\amd64_microsoft.windows.common-controls_6595b64144ccf1df_6.0.19041.488_none_ca04af081b815d21\COMCTL32.dll
0x00007ffdf4640000 - 0x00007ffdf46dd000 	C:\Windows\System32\msvcp_win.dll
0x00007ffdea0e0000 - 0x00007ffdea0ea000 	C:\Windows\SYSTEM32\VERSION.dll
0x00007ffdf63e0000 - 0x00007ffdf6410000 	C:\Windows\System32\IMM32.DLL
0x00007ffddd8a0000 - 0x00007ffddd8ac000 	C:\Program Files\Java\jdk-17\bin\vcruntime140_1.dll
0x00007ffddd810000 - 0x00007ffddd89e000 	C:\Program Files\Java\jdk-17\bin\msvcp140.dll
0x00007ffd86d40000 - 0x00007ffd8791d000 	C:\Program Files\Java\jdk-17\bin\server\jvm.dll
0x00007ffdf6190000 - 0x00007ffdf6198000 	C:\Windows\System32\PSAPI.DLL
0x00007ffde8e30000 - 0x00007ffde8e57000 	C:\Windows\SYSTEM32\WINMM.dll
0x00007ffdeabb0000 - 0x00007ffdeabb9000 	C:\Windows\SYSTEM32\WSOCK32.dll
0x00007ffdf4f10000 - 0x00007ffdf4f7b000 	C:\Windows\System32\WS2_32.dll
0x00007ffdf2ed0000 - 0x00007ffdf2ee2000 	C:\Windows\SYSTEM32\kernel.appcore.dll
0x00007ffddd800000 - 0x00007ffddd80a000 	C:\Program Files\Java\jdk-17\bin\jimage.dll
0x00007ffdf2c80000 - 0x00007ffdf2e64000 	C:\Windows\SYSTEM32\DBGHELP.DLL
0x00007ffddda70000 - 0x00007ffddda9c000 	C:\Windows\SYSTEM32\dbgcore.DLL
0x00007ffdf48a0000 - 0x00007ffdf491f000 	C:\Windows\System32\bcryptPrimitives.dll
0x00007ffddd760000 - 0x00007ffddd76e000 	C:\Program Files\Java\jdk-17\bin\instrument.dll
0x00007ffddd7d0000 - 0x00007ffddd7f5000 	C:\Program Files\Java\jdk-17\bin\java.dll
0x00007ffd8db90000 - 0x00007ffd8dc67000 	C:\Program Files\Java\jdk-17\bin\jsvml.dll
0x00007ffdf64d0000 - 0x00007ffdf6c11000 	C:\Windows\System32\SHELL32.dll
0x00007ffdf2410000 - 0x00007ffdf2ba5000 	C:\Windows\SYSTEM32\windows.storage.dll
0x00007ffdf5500000 - 0x00007ffdf5855000 	C:\Windows\System32\combase.dll
0x00007ffdf3ff0000 - 0x00007ffdf401c000 	C:\Windows\SYSTEM32\Wldp.dll
0x00007ffdf5130000 - 0x00007ffdf51de000 	C:\Windows\System32\SHCORE.dll
0x00007ffdf6130000 - 0x00007ffdf6185000 	C:\Windows\System32\shlwapi.dll
0x00007ffdf4520000 - 0x00007ffdf4546000 	C:\Windows\SYSTEM32\profapi.dll
0x00007ffddd770000 - 0x00007ffddd788000 	C:\Program Files\Java\jdk-17\bin\zip.dll
0x00007ffddd7b0000 - 0x00007ffddd7c9000 	C:\Program Files\Java\jdk-17\bin\net.dll
0x00007ffdef090000 - 0x00007ffdef190000 	C:\Windows\SYSTEM32\WINHTTP.dll
0x00007ffdf3d10000 - 0x00007ffdf3d7a000 	C:\Windows\system32\mswsock.dll
0x00007ffddd790000 - 0x00007ffddd7a6000 	C:\Program Files\Java\jdk-17\bin\nio.dll
0x00007ffddd110000 - 0x00007ffddd12a000 	F:\DevTools\Java\IntelliJ IDEA 2021.1\bin\breakgen64.dll
0x00007ffdf3a40000 - 0x00007ffdf3b0b000 	C:\Windows\SYSTEM32\DNSAPI.dll
0x00007ffdf3a00000 - 0x00007ffdf3a3b000 	C:\Windows\SYSTEM32\IPHLPAPI.DLL
0x00007ffdf6e40000 - 0x00007ffdf6e48000 	C:\Windows\System32\NSI.dll
0x00007ffded530000 - 0x00007ffded53a000 	C:\Windows\System32\rasadhlp.dll
0x00007ffdeac20000 - 0x00007ffdeac9f000 	C:\Windows\System32\fwpuclnt.dll
0x00007ffdf4710000 - 0x00007ffdf4737000 	C:\Windows\System32\bcrypt.dll
0x00007ffddd000000 - 0x00007ffddd00a000 	C:\Program Files\Java\jdk-17\bin\management.dll
0x00007ffddce30000 - 0x00007ffddce3b000 	C:\Program Files\Java\jdk-17\bin\management_ext.dll
0x00007ffdf3f40000 - 0x00007ffdf3f58000 	C:\Windows\SYSTEM32\CRYPTSP.dll
0x00007ffdf36a0000 - 0x00007ffdf36d4000 	C:\Windows\system32\rsaenh.dll
0x00007ffdf44e0000 - 0x00007ffdf450e000 	C:\Windows\SYSTEM32\USERENV.dll
0x00007ffdf3f60000 - 0x00007ffdf3f6c000 	C:\Windows\SYSTEM32\CRYPTBASE.dll
0x00007ffdeccd0000 - 0x00007ffdecce7000 	C:\Windows\SYSTEM32\dhcpcsvc6.DLL
0x00007ffded5d0000 - 0x00007ffded5ed000 	C:\Windows\SYSTEM32\dhcpcsvc.DLL
0x00007ffdd2ca0000 - 0x00007ffdd2cb7000 	C:\Windows\system32\napinsp.dll
0x00007ffdd22c0000 - 0x00007ffdd22db000 	C:\Windows\system32\pnrpnsp.dll
0x00007ffdef2a0000 - 0x00007ffdef2b5000 	C:\Windows\system32\wshbth.dll
0x00007ffdefc00000 - 0x00007ffdefc1d000 	C:\Windows\system32\NLAapi.dll
0x00007ffdd2e80000 - 0x00007ffdd2e92000 	C:\Windows\System32\winrnr.dll
0x00007ffdd7a90000 - 0x00007ffdd7a9d000 	C:\Program Files\Java\jdk-17\bin\sunmscapi.dll
0x00007ffdf4db0000 - 0x00007ffdf4f0d000 	C:\Windows\System32\CRYPT32.dll
0x00007ffdf4060000 - 0x00007ffdf4087000 	C:\Windows\SYSTEM32\ncrypt.dll
0x00007ffdf4020000 - 0x00007ffdf405b000 	C:\Windows\SYSTEM32\NTASN1.dll
0x0000000180000000 - 0x0000000180288000 	F:\DevTools\apache-tomcat-9.0.65\bin\tcnative-1.dll
0x00007ffd7ecc0000 - 0x00007ffd81afd000 	F:\face_recognition_check-in_system\face_check-in_BE\src\main\resources\libs\WIN64\libarcsoft_face.dll
0x00007ffdd4310000 - 0x00007ffdd43b6000 	C:\Windows\SYSTEM32\MSVCP120.dll
0x00007ffdd43c0000 - 0x00007ffdd44af000 	C:\Windows\SYSTEM32\MSVCR120.dll
0x00007ffd86750000 - 0x00007ffd867cf000 	F:\face_recognition_check-in_system\face_check-in_BE\src\main\resources\libs\WIN64\libarcsoft_face_engine.dll
0x00007ffdf5860000 - 0x00007ffdf58b6000 	C:\Windows\System32\WLDAP32.dll
0x00007ffdd1a90000 - 0x00007ffdd1ab5000 	F:\face_recognition_check-in_system\face_check-in_BE\src\main\resources\libs\WIN64\libarcsoft_face_engine_jni.dll
0x00007ffdd7a80000 - 0x00007ffdd7a87000 	C:\Windows\system32\wshunix.dll
0x00007ffd865b0000 - 0x00007ffd86741000 	C:\Program Files\Java\jdk-17\bin\awt.dll
0x00007ffdf6d70000 - 0x00007ffdf6e3d000 	C:\Windows\System32\OLEAUT32.dll
0x00007ffdf1b80000 - 0x00007ffdf1c10000 	C:\Windows\SYSTEM32\apphelp.dll
0x00007ffdb9a30000 - 0x00007ffdb9a5e000 	C:\Program Files\Java\jdk-17\bin\javajpeg.dll
0x00007ffd8d670000 - 0x00007ffd8d6b4000 	C:\Program Files\Java\jdk-17\bin\lcms.dll

dbghelp: loaded successfully - version: 4.0.5 - missing functions: none
symbol engine: initialized successfully - sym options: 0x614 - pdb path: .;C:\Program Files\Java\jdk-17\bin;C:\Windows\SYSTEM32;C:\Windows\WinSxS\amd64_microsoft.windows.common-controls_6595b64144ccf1df_6.0.19041.488_none_ca04af081b815d21;C:\Program Files\Java\jdk-17\bin\server;F:\DevTools\Java\IntelliJ IDEA 2021.1\bin;F:\DevTools\apache-tomcat-9.0.65\bin;F:\face_recognition_check-in_system\face_check-in_BE\src\main\resources\libs\WIN64

VM Arguments:
jvm_args: -XX:TieredStopAtLevel=1 -Xverify:none -Dspring.output.ansi.enabled=always -javaagent:F:\DevTools\Java\IntelliJ IDEA 2021.1\lib\idea_rt.jar=8284:F:\DevTools\Java\IntelliJ IDEA 2021.1\bin -Dcom.sun.management.jmxremote -Dspring.jmx.enabled=true -Dspring.liveBeansView.mbeanDomain -Dspring.application.admin.enabled=true -Dfile.encoding=UTF-8 
java_command: com.lh.face_checkin_be.FaceCheckInBeApplication
java_class_path (initial): F:\face_recognition_check-in_system\face_check-in_BE\target\classes;C:\Users\Administrator\.m2\repository\org\springframework\boot\spring-boot-starter-web\3.4.2\spring-boot-starter-web-3.4.2.jar;C:\Users\Administrator\.m2\repository\org\springframework\boot\spring-boot-starter-json\3.4.2\spring-boot-starter-json-3.4.2.jar;C:\Users\Administrator\.m2\repository\com\fasterxml\jackson\datatype\jackson-datatype-jdk8\2.18.2\jackson-datatype-jdk8-2.18.2.jar;C:\Users\Administrator\.m2\repository\com\fasterxml\jackson\datatype\jackson-datatype-jsr310\2.18.2\jackson-datatype-jsr310-2.18.2.jar;C:\Users\Administrator\.m2\repository\com\fasterxml\jackson\module\jackson-module-parameter-names\2.18.2\jackson-module-parameter-names-2.18.2.jar;C:\Users\Administrator\.m2\repository\org\springframework\boot\spring-boot-starter-tomcat\3.4.2\spring-boot-starter-tomcat-3.4.2.jar;C:\Users\Administrator\.m2\repository\org\apache\tomcat\embed\tomcat-embed-core\10.1.34\tomcat-embed-core-10.1.34.jar;C:\Users\Administrator\.m2\repository\org\apache\tomcat\embed\tomcat-embed-el\10.1.34\tomcat-embed-el-10.1.34.jar;C:\Users\Administrator\.m2\repository\org\apache\tomcat\embed\tomcat-embed-websocket\10.1.34\tomcat-embed-websocket-10.1.34.jar;C:\Users\Administrator\.m2\repository\org\springframework\spring-web\6.2.2\spring-web-6.2.2.jar;C:\Users\Administrator\.m2\repository\org\springframework\spring-beans\6.2.2\spring-beans-6.2.2.jar;C:\Users\Administrator\.m2\repository\io\micrometer\micrometer-observation\1.14.3\micrometer-observation-1.14.3.jar;C:\Users\Administrator\.m2\repository\io\micrometer\micrometer-commons\1.14.3\micrometer-commons-1.14.3.jar;C:\Users\Administrator\.m2\repository\org\springframework\spring-webmvc\6.2.2\spring-webmvc-6.2.2.jar;C:\Users\Administrator\.m2\repository\org\springframework\spring-expression\6.2.2\spring-expression-6.2.2.jar;C:\Users\Administrator\.m2\repository\org\springframework\boot\spring-boot-starter\3.4.2\spring-boot-starter-
Launcher Type: SUN_STANDARD

[Global flags]
     intx CICompilerCount                          = 12                                        {product} {ergonomic}
     uint ConcGCThreads                            = 3                                         {product} {ergonomic}
     uint G1ConcRefinementThreads                  = 13                                        {product} {ergonomic}
   size_t G1HeapRegionSize                         = 2097152                                   {product} {ergonomic}
    uintx GCDrainStackTargetSize                   = 64                                        {product} {ergonomic}
   size_t InitialHeapSize                          = 257949696                                 {product} {ergonomic}
     bool ManagementServer                         = true                                      {product} {command line}
   size_t MarkStackSize                            = 4194304                                   {product} {ergonomic}
   size_t MaxHeapSize                              = 4112515072                                {product} {ergonomic}
   size_t MaxNewSize                               = 2466250752                                {product} {ergonomic}
   size_t MinHeapDeltaBytes                        = 2097152                                   {product} {ergonomic}
   size_t MinHeapSize                              = 8388608                                   {product} {ergonomic}
    uintx NonProfiledCodeHeapSize                  = 0                                      {pd product} {ergonomic}
     bool ProfileInterpreter                       = false                                  {pd product} {command line}
    uintx ProfiledCodeHeapSize                     = 0                                      {pd product} {ergonomic}
   size_t SoftMaxHeapSize                          = 4112515072                             {manageable} {ergonomic}
     intx TieredStopAtLevel                        = 1                                         {product} {command line}
     bool UseCompressedClassPointers               = true                           {product lp64_product} {ergonomic}
     bool UseCompressedOops                        = true                           {product lp64_product} {ergonomic}
     bool UseG1GC                                  = true                                      {product} {ergonomic}
     bool UseLargePagesIndividualAllocation        = false                                  {pd product} {ergonomic}

Logging:
Log output configuration:
 #0: stdout all=warning uptime,level,tags
 #1: stderr all=off uptime,level,tags

Environment Variables:
JAVA_HOME=C:\Program Files\Java\jdk-17
CLASSPATH=.;C:\Program Files\Java\jdk-17\lib;C:\Program Files\Java\jdk-17\lib\tools.jar
PATH=C:\windows\system32;C:\Program Files\Java\jdk-17\bin;C:\Program Files\Java\jdk-17\jre\bin;C:\Program Files\Common Files\Oracle\Java\javapath;C:\Program Files (x86)\Common Files\Oracle\Java\javapath;C:\Program Files (x86)\VMware\VMware Workstation\bin\;C:\Ruby32-x64\bin;C:\Program Files\Java\jdk-17\bin;F:\MariaDB\bin;C:\Python27\Python;D:\software\EasyShare\x86\;D:\software\EasyShare\x64\;C:\Program Files (x86)\dotnet\;F:\DevTools\apache-maven-3.6.1\bin;C:\Windows;C:\Windows\System32\OpenSSH;C:\Windows\System32\Wbem;C:\Windows\System32\WindowsPowerShell\v1.0;F:\DevTools\node.js\;F:\DevTools\Dev-Cpp\MinGW64\bin;F:\DevTools\apache-tomcat-9.0.65\bin;C:\Program Files\dotnet\;C:\Program Files\kotlin-compiler-1.9.22\kotlinc\bin;F:\DevTools\.gradle \bin;F:\DevTools\fpc\bin\i386-Win32;C:\Program Files\Microsoft SQL Server\130\Tools\Binn\;C:\Program Files (x86)\Microsoft SQL Server\160\Tools\Binn\;C:\Program Files\Microsoft SQL Server\160\Tools\Binn\;C:\Program Files\Microsoft SQL Server\Client SDK\ODBC\170\Tools\Binn\;C:\Program Files\Microsoft SQL Server\160\DTS\Binn\;C:\Program Files (x86)\Microsoft SQL Server\160\DTS\Binn\;D:\mysql\mysql-5.7.19-winx64\bin;F:\DevTools\Python\Scripts\;F:\DevTools\Python\;C:\Users\Administrator\AppData\Local\Microsoft\WindowsApps;F:\DevTools\Java\IntelliJ IDEA 2021.1\bin;;C:\Users\Administrator\AppData\Roaming\npm;F:\DevTools\Microsoft VS Code\bin;F:\DevTools\Fiddler
USERNAME=Administrator
OS=Windows_NT
PROCESSOR_IDENTIFIER=AMD64 Family 25 Model 80 Stepping 0, AuthenticAMD



---------------  S Y S T E M  ---------------

OS:
 Windows 10 , 64 bit Build 19041 (10.0.19041.546)
OS uptime: 0 days 2:55 hours

CPU: total 16 (initial active 16) (16 cores per cpu, 2 threads per core) family 25 model 80 stepping 0 microcode 0x0, cx8, cmov, fxsr, ht, mmx, 3dnowpref, sse, sse2, sse3, ssse3, sse4a, sse4.1, sse4.2, popcnt, lzcnt, tsc, tscinvbit, avx, avx2, aes, erms, clmul, bmi1, bmi2, adx, sha, fma, vzeroupper, clflush, clflushopt

Memory: 4k page, system-wide physical 15681M (4134M free)
TotalPageFile size 17942M (AvailPageFile size 2659M)
current process WorkingSet (physical memory assigned to process): 325M, peak: 333M
current process commit charge ("private bytes"): 606M, peak: 661M

vm_info: Java HotSpot(TM) 64-Bit Server VM (17.0.7+8-LTS-224) for windows-amd64 JRE (17.0.7+8-LTS-224), built on Feb 28 2023 23:03:02 by "mach5one" with MS VC++ 17.1 (VS2022)

END.
